DEBUG 2011-04-20 21:35:02,178 views GET request to features() from user testuser and with params []
DEBUG 2011-04-20 21:35:02,182 views Returned feature collection {'crs': {'type': 'EPSG', 'properties': {'code': 3067}}, 'type': 'FeatureCollection', 'features': []}
DEBUG 2011-04-20 21:35:02,183 views POST request to features() with params {"geometry": {"type": "Point", "coordinates": [100, 200]}, "type": "Feature", "properties": {"some_prop": "value"}} 
INFO 2011-04-20 21:35:02,192 views The feature was successfully saved with id 1
DEBUG 2011-04-20 21:35:03,226 views POST request to features() with params {"type": "FeatureCollection", "features": [{"geometry": {"type": "Point", "coordinates": [100, 200]}, "type": "Feature", "properties": {"some_prop": "history_value", "id": 1}}, {"geometry": {"type": "Point", "coordinates": [200, 200]}, "type": "Feature", "properties": {"some_prop": 40, "id": 2}}, {"geometry": {"type": "Point", "coordinates": [300, 200]}, "type": "Feature", "properties": {"some_prop": 40, "id": 3}}, {"geometry": {"type": "Point", "coordinates": [400, 200]}, "type": "Feature", "properties": {"some_prop": true, "id": 4}}, {"geometry": {"type": "Point", "coordinates": [500, 200]}, "type": "Feature", "properties": {"some_prop": 42, "id": 5}}]} 
DEBUG 2011-04-20 21:35:03,263 views POST request to features() with params {"type": "FeatureCollection", "features": [{"geometry": {"type": "Point", "coordinates": [200, 200]}, "type": "Feature", "properties": {"some_prop": 39}}, {"geometry": {"type": "Point", "coordinates": [200, 200]}, "type": "Feature", "properties": {"some_prop": 40}}, {"geometry": {"type": "Point", "coordinates": [200, 200]}, "type": "Feature", "properties": {"some_prop": 41}}, {"geometry": {"type": "Point", "coordinates": [200, 200]}, "type": "Feature", "properties": {"some_prop": 42}}, {"geometry": {"type": "Point", "coordinates": [200, 200]}, "type": "Feature", "properties": {"some_prop": 43}}]} 
DEBUG 2011-04-20 21:35:03,301 views POST request to features() with params {"type": "FeatureCollection", "features": [{"geometry": {"type": "Point", "coordinates": [100, 200]}, "type": "Feature", "properties": {"float": 1.3, "stringBoolean": "True", "stringFloat": "1.3", "boolean": true, "stringInt": "1", "id": 1}}]} 
DEBUG 2011-04-20 21:35:03,324 views POST request to features() with params {"type": "FeatureCollection", "features": [{"geometry": {"type": "Point", "coordinates": [200, 200]}, "type": "Feature", "properties": {"some_prop": "value"}}, {"geometry": {"type": "Point", "coordinates": [300, 250]}, "type": "Feature", "properties": {"some_prop": 40}}, {"geometry": {"type": "Point", "coordinates": [100, 300]}, "type": "Feature", "properties": {"some_prop": true}}, {"geometry": {"type": "Point", "coordinates": [100, 300]}, "type": "Feature", "properties": {"some_prop": null}}]} 
WARNING 2011-04-20 21:35:03,324 views There was a POST request to features but the user was not authenticated
DEBUG 2011-04-20 21:43:33,525 views GET request to features() from user testuser and with params []
DEBUG 2011-04-20 21:43:33,529 views Returned feature collection {'crs': {'type': 'EPSG', 'properties': {'code': 3067}}, 'type': 'FeatureCollection', 'features': []}
DEBUG 2011-04-20 21:43:33,530 views POST request to features() with params {"geometry": {"type": "Point", "coordinates": [100, 200]}, "type": "Feature", "properties": {"some_prop": "value"}} 
INFO 2011-04-20 21:43:33,540 views The feature was successfully saved with id 1
INFO 2011-04-20 21:43:33,545 views The property was successfuly saved
DEBUG 2011-04-20 21:43:33,552 views A PUT request was sent to features with params {u'geometry': {u'type': u'Point', u'coordinates': [100, 200]}, u'type': u'Feature', u'properties': {u'some_prop': u'new value'}, u'id': 1}
INFO 2011-04-20 21:43:33,559 views The Feature 1 was updated successfully
DEBUG 2011-04-20 21:43:33,574 views A PUT request was sent to features with params {u'geometry': {u'type': u'Point', u'coordinates': [100, 200]}, u'type': u'Feature', u'properties': {u'some_prop': u'new value'}, u'id': 1}
INFO 2011-04-20 21:43:33,577 views The Feature 1 was updated successfully
DEBUG 2011-04-20 21:43:33,585 views A DELETE request was sent to features with the params [1]
INFO 2011-04-20 21:43:33,590 views All Features were deleted successfully
DEBUG 2011-04-20 21:43:33,594 views A DELETE request was sent to features with the params [1]
WARNING 2011-04-20 21:43:33,596 views Delete result: Features [1] not found and featured [] deleted
DEBUG 2011-04-20 21:43:33,597 views POST request to features() with params {"geometry": {"type": "Point", "coordinates": [100, 200]}, "type": "Feature", "properties": {"some_prop": "value"}} 
INFO 2011-04-20 21:43:33,601 views The feature was successfully saved with id 2
INFO 2011-04-20 21:43:33,603 views The property was successfuly saved
DEBUG 2011-04-20 21:43:33,605 views POST request to features() with params {"geometry": {"type": "Point", "coordinates": [200, 200]}, "type": "Feature", "properties": {"some_prop": "value"}} 
INFO 2011-04-20 21:43:33,609 views The feature was successfully saved with id 3
INFO 2011-04-20 21:43:33,611 views The property was successfuly saved
DEBUG 2011-04-20 21:43:33,613 views POST request to features() with params {"geometry": {"type": "Point", "coordinates": [300, 300]}, "type": "Feature", "properties": {"some_prop": "value"}} 
INFO 2011-04-20 21:43:33,618 views The feature was successfully saved with id 4
INFO 2011-04-20 21:43:33,620 views The property was successfuly saved
DEBUG 2011-04-20 21:43:33,624 views A DELETE request was sent to features with the params [2, 3, 4]
INFO 2011-04-20 21:43:33,635 views All Features were deleted successfully
DEBUG 2011-04-20 21:43:33,646 views A DELETE request was sent to features with the params [2]
WARNING 2011-04-20 21:43:33,648 views Delete result: Features [2] not found and featured [] deleted
DEBUG 2011-04-20 21:43:33,655 views A DELETE request was sent to features with the params [3]
WARNING 2011-04-20 21:43:33,657 views Delete result: Features [3] not found and featured [] deleted
DEBUG 2011-04-20 21:43:33,663 views A DELETE request was sent to features with the params [4]
WARNING 2011-04-20 21:43:33,666 views Delete result: Features [4] not found and featured [] deleted
DEBUG 2011-04-20 21:43:33,672 views A DELETE request was sent to features with the params []
WARNING 2011-04-20 21:43:33,672 views No feature id was provided to be deleted
DEBUG 2011-04-20 21:43:33,674 views POST request to features() with params {"type": "FeatureCollection", "features": [{"geometry": {"type": "Point", "coordinates": [200, 200]}, "type": "Feature", "properties": {"some_prop": "value"}}, {"geometry": {"type": "Point", "coordinates": [300, 250]}, "type": "Feature", "properties": {"some_prop": 40}}, {"geometry": {"type": "Point", "coordinates": [100, 300]}, "type": "Feature", "properties": {"some_prop": true}}, {"geometry": {"type": "Point", "coordinates": [100, 300]}, "type": "Feature", "properties": {"some_prop": null}}]} 
INFO 2011-04-20 21:43:33,699 views The feature collection was successfuly saved
DEBUG 2011-04-20 21:43:34,726 views POST request to features() with params {"type": "FeatureCollection", "features": [{"geometry": {"type": "Point", "coordinates": [100, 200]}, "type": "Feature", "properties": {"some_prop": "history_value", "id": 1}}, {"geometry": {"type": "Point", "coordinates": [200, 200]}, "type": "Feature", "properties": {"some_prop": 40, "id": 2}}, {"geometry": {"type": "Point", "coordinates": [300, 200]}, "type": "Feature", "properties": {"some_prop": 40, "id": 3}}, {"geometry": {"type": "Point", "coordinates": [400, 200]}, "type": "Feature", "properties": {"some_prop": true, "id": 4}}, {"geometry": {"type": "Point", "coordinates": [500, 200]}, "type": "Feature", "properties": {"some_prop": 42, "id": 5}}]} 
INFO 2011-04-20 21:43:34,757 views The feature collection was successfuly saved
DEBUG 2011-04-20 21:43:36,763 views A PUT request was sent to features with params {u'geometry': {u'type': u'Point', u'coordinates': [100, 200]}, u'type': u'Feature', u'properties': {u'some_prop': u'history_value', u'good': 33, u'id': 1}, u'id': 9}
INFO 2011-04-20 21:43:36,767 views The Feature 9 was updated successfully
DEBUG 2011-04-20 21:43:37,782 views A DELETE request was sent to features with the params [9]
INFO 2011-04-20 21:43:37,786 views All Features were deleted successfully
DEBUG 2011-04-20 21:43:39,791 views A DELETE request was sent to features with the params [9, 10, 11, 12, 13]
WARNING 2011-04-20 21:43:39,804 views Delete result: Features [9] not found and featured [10, 11, 12, 13] deleted
DEBUG 2011-04-20 21:43:40,817 views GET request to features() from user testuser and with params [(u'time', u'2011-4-20-21-43-33')]
DEBUG 2011-04-20 21:43:40,854 views Returned feature collection {'crs': {'type': 'EPSG', 'properties': {'code': 3067}}, 'type': 'FeatureCollection', 'features': []}
DEBUG 2011-04-20 21:43:40,864 views GET request to features() from user testuser and with params [(u'time', u'2011-4-20-21-43-35')]
DEBUG 2011-04-20 21:43:40,928 views Returned feature collection {'crs': {'type': 'EPSG', 'properties': {'code': 3067}}, 'type': 'FeatureCollection', 'features': [{'geometry': {u'type': u'Point', u'coordinates': [300.0, 200.0]}, 'id': 11, 'properties': {u'some_prop': 40, 'user_id': 48, u'id': 3}}, {'geometry': {u'type': u'Point', u'coordinates': [100.0, 200.0]}, 'id': 9, 'properties': {u'some_prop': u'history_value', 'user_id': 48, u'id': 1}}, {'geometry': {u'type': u'Point', u'coordinates': [200.0, 200.0]}, 'id': 10, 'properties': {u'some_prop': 40, 'user_id': 48, u'id': 2}}, {'geometry': {u'type': u'Point', u'coordinates': [400.0, 200.0]}, 'id': 12, 'properties': {u'some_prop': True, 'user_id': 48, u'id': 4}}, {'geometry': {u'type': u'Point', u'coordinates': [500.0, 200.0]}, 'id': 13, 'properties': {u'some_prop': 42, 'user_id': 48, u'id': 5}}]}
DEBUG 2011-04-20 21:43:40,939 views GET request to features() from user testuser and with params [(u'time', u'2011-4-20-21-43-37')]
DEBUG 2011-04-20 21:43:40,990 views Returned feature collection {'crs': {'type': 'EPSG', 'properties': {'code': 3067}}, 'type': 'FeatureCollection', 'features': [{'geometry': {u'type': u'Point', u'coordinates': [300.0, 200.0]}, 'id': 11, 'properties': {u'some_prop': 40, 'user_id': 48, u'id': 3}}, {'geometry': {u'type': u'Point', u'coordinates': [100.0, 200.0]}, 'id': 9, 'properties': {u'some_prop': u'history_value', u'good': 33, 'user_id': 48, u'id': 1}}, {'geometry': {u'type': u'Point', u'coordinates': [200.0, 200.0]}, 'id': 10, 'properties': {u'some_prop': 40, 'user_id': 48, u'id': 2}}, {'geometry': {u'type': u'Point', u'coordinates': [400.0, 200.0]}, 'id': 12, 'properties': {u'some_prop': True, 'user_id': 48, u'id': 4}}, {'geometry': {u'type': u'Point', u'coordinates': [500.0, 200.0]}, 'id': 13, 'properties': {u'some_prop': 42, 'user_id': 48, u'id': 5}}]}
DEBUG 2011-04-20 21:43:41,000 views GET request to features() from user testuser and with params [(u'time', u'2011-4-20-21-43-38')]
DEBUG 2011-04-20 21:43:41,049 views Returned feature collection {'crs': {'type': 'EPSG', 'properties': {'code': 3067}}, 'type': 'FeatureCollection', 'features': [{'geometry': {u'type': u'Point', u'coordinates': [300.0, 200.0]}, 'id': 11, 'properties': {u'some_prop': 40, 'user_id': 48, u'id': 3}}, {'geometry': {u'type': u'Point', u'coordinates': [200.0, 200.0]}, 'id': 10, 'properties': {u'some_prop': 40, 'user_id': 48, u'id': 2}}, {'geometry': {u'type': u'Point', u'coordinates': [400.0, 200.0]}, 'id': 12, 'properties': {u'some_prop': True, 'user_id': 48, u'id': 4}}, {'geometry': {u'type': u'Point', u'coordinates': [500.0, 200.0]}, 'id': 13, 'properties': {u'some_prop': 42, 'user_id': 48, u'id': 5}}]}
DEBUG 2011-04-20 21:43:41,060 views GET request to features() from user testuser and with params [(u'time', u'2011-4-20-21-43-40')]
DEBUG 2011-04-20 21:43:41,093 views Returned feature collection {'crs': {'type': 'EPSG', 'properties': {'code': 3067}}, 'type': 'FeatureCollection', 'features': []}
DEBUG 2011-04-20 21:43:41,103 views GET request to features() from user testuser and with params [(u'time__now', u'true')]
DEBUG 2011-04-20 21:43:41,136 views Returned feature collection {'crs': {'type': 'EPSG', 'properties': {'code': 3067}}, 'type': 'FeatureCollection', 'features': []}
DEBUG 2011-04-20 21:43:41,146 views GET request to features() from user testuser and with params [(u'time__now', u'false')]
DEBUG 2011-04-20 21:43:41,172 views Returned feature collection {'crs': {'type': 'EPSG', 'properties': {'code': 3067}}, 'type': 'FeatureCollection', 'features': [{'geometry': {u'type': u'Point', u'coordinates': [200.0, 200.0]}, 'id': 10, 'properties': {u'some_prop': 40, 'user_id': 48, u'id': 2}}, {'geometry': {u'type': u'Point', u'coordinates': [300.0, 200.0]}, 'id': 11, 'properties': {u'some_prop': 40, 'user_id': 48, u'id': 3}}, {'geometry': {u'type': u'Point', u'coordinates': [400.0, 200.0]}, 'id': 12, 'properties': {u'some_prop': True, 'user_id': 48, u'id': 4}}, {'geometry': {u'type': u'Point', u'coordinates': [500.0, 200.0]}, 'id': 13, 'properties': {u'some_prop': 42, 'user_id': 48, u'id': 5}}, {'geometry': {u'type': u'Point', u'coordinates': [100.0, 200.0]}, 'id': 9, 'properties': {u'some_prop': u'history_value', 'user_id': 48, u'id': 1}}, {'geometry': {u'type': u'Point', u'coordinates': [100.0, 200.0]}, 'id': 9, 'properties': {u'some_prop': u'history_value', u'good': 33, 'user_id': 48, u'id': 1}}]}
DEBUG 2011-04-20 21:43:41,202 views POST request to features() with params {"type": "FeatureCollection", "features": [{"geometry": {"type": "Point", "coordinates": [200, 200]}, "type": "Feature", "properties": {"some_prop": 39}}, {"geometry": {"type": "Point", "coordinates": [200, 200]}, "type": "Feature", "properties": {"some_prop": 40}}, {"geometry": {"type": "Point", "coordinates": [200, 200]}, "type": "Feature", "properties": {"some_prop": 41}}, {"geometry": {"type": "Point", "coordinates": [200, 200]}, "type": "Feature", "properties": {"some_prop": 42}}, {"geometry": {"type": "Point", "coordinates": [200, 200]}, "type": "Feature", "properties": {"some_prop": 43}}]} 
INFO 2011-04-20 21:43:41,229 views The feature collection was successfuly saved
DEBUG 2011-04-20 21:43:41,243 views GET request to features() from user testuser and with params [(u'some_prop__max', u'30')]
DEBUG 2011-04-20 21:43:41,254 views Returned feature collection {'crs': {'type': 'EPSG', 'properties': {'code': 3067}}, 'type': 'FeatureCollection', 'features': []}
DEBUG 2011-04-20 21:43:41,265 views GET request to features() from user testuser and with params [(u'some_prop__min', u'45')]
DEBUG 2011-04-20 21:43:41,271 views Returned feature collection {'crs': {'type': 'EPSG', 'properties': {'code': 3067}}, 'type': 'FeatureCollection', 'features': []}
DEBUG 2011-04-20 21:43:41,282 views GET request to features() from user testuser and with params [(u'some_prop', u'40')]
DEBUG 2011-04-20 21:43:41,299 views Returned feature collection {'crs': {'type': 'EPSG', 'properties': {'code': 3067}}, 'type': 'FeatureCollection', 'features': [{'geometry': {u'type': u'Point', u'coordinates': [200.0, 200.0]}, 'id': 15, 'properties': {u'some_prop': 40, 'user_id': 50}}]}
DEBUG 2011-04-20 21:43:41,309 views GET request to features() from user testuser and with params [(u'some_prop__min', u'41'), (u'some_prop__max', u'45')]
DEBUG 2011-04-20 21:43:41,329 views Returned feature collection {'crs': {'type': 'EPSG', 'properties': {'code': 3067}}, 'type': 'FeatureCollection', 'features': [{'geometry': {u'type': u'Point', u'coordinates': [200.0, 200.0]}, 'id': 17, 'properties': {u'some_prop': 42, 'user_id': 50}}, {'geometry': {u'type': u'Point', u'coordinates': [200.0, 200.0]}, 'id': 16, 'properties': {u'some_prop': 41, 'user_id': 50}}, {'geometry': {u'type': u'Point', u'coordinates': [200.0, 200.0]}, 'id': 18, 'properties': {u'some_prop': 43, 'user_id': 50}}]}
DEBUG 2011-04-20 21:43:41,359 views POST request to features() with params {"type": "FeatureCollection", "features": [{"geometry": {"type": "Point", "coordinates": [100, 200]}, "type": "Feature", "properties": {"float": 1.3, "stringBoolean": "True", "stringFloat": "1.3", "boolean": true, "stringInt": "1", "id": 1}}]} 
INFO 2011-04-20 21:43:41,371 views The feature collection was successfuly saved
DEBUG 2011-04-20 21:43:41,385 views GET request to features() from user testuser and with params [(u'id', u'19')]
DEBUG 2011-04-20 21:43:41,392 views Returned feature collection {'crs': {'type': 'EPSG', 'properties': {'code': 3067}}, 'type': 'FeatureCollection', 'features': [{'geometry': {u'type': u'Point', u'coordinates': [100.0, 200.0]}, 'id': 19, 'properties': {'user_id': 52, u'float': 1.3, u'stringBoolean': u'True', u'stringFloat': u'1.3', u'boolean': True, u'stringInt': u'1', u'id': 1}}]}
DEBUG 2011-04-20 21:43:41,403 views POST request to features() with params {"type": "FeatureCollection", "features": [{"geometry": {"type": "Point", "coordinates": [200, 200]}, "type": "Feature", "properties": {"some_prop": "value"}}, {"geometry": {"type": "Point", "coordinates": [300, 250]}, "type": "Feature", "properties": {"some_prop": 40}}, {"geometry": {"type": "Point", "coordinates": [100, 300]}, "type": "Feature", "properties": {"some_prop": true}}, {"geometry": {"type": "Point", "coordinates": [100, 300]}, "type": "Feature", "properties": {"some_prop": null}}]} 
WARNING 2011-04-20 21:43:41,403 views There was a POST request to features but the user was not authenticated
DEBUG 2011-04-20 21:54:42,116 views GET request to features() from user testuser and with params []
DEBUG 2011-04-20 21:54:42,119 views Returned feature collection {'crs': {'type': 'EPSG', 'properties': {'code': 3067}}, 'type': 'FeatureCollection', 'features': []}
DEBUG 2011-04-20 21:54:42,120 views POST request to features() with params {"geometry": {"type": "Point", "coordinates": [100, 200]}, "type": "Feature", "properties": {"some_prop": "value"}} 
INFO 2011-04-20 21:54:42,130 views The feature was successfully saved with id 1
INFO 2011-04-20 21:54:42,135 views The property was successfuly saved
DEBUG 2011-04-20 21:54:42,139 views A PUT request was sent to features with params {u'geometry': {u'type': u'Point', u'coordinates': [100, 200]}, u'type': u'Feature', u'properties': {u'some_prop': u'new value'}, u'id': 1}
INFO 2011-04-20 21:54:42,143 views The Feature 1 was updated successfully
DEBUG 2011-04-20 21:54:42,156 views A PUT request was sent to features with params {u'geometry': {u'type': u'Point', u'coordinates': [100, 200]}, u'type': u'Feature', u'properties': {u'some_prop': u'new value'}, u'id': 1}
INFO 2011-04-20 21:54:42,159 views The Feature 1 was updated successfully
DEBUG 2011-04-20 21:54:42,164 views A DELETE request was sent to features with the params [1]
INFO 2011-04-20 21:54:42,170 views All Features were deleted successfully
DEBUG 2011-04-20 21:54:42,175 views A DELETE request was sent to features with the params [1]
WARNING 2011-04-20 21:54:42,176 views Delete result: Features [1] not found and featured [] deleted
DEBUG 2011-04-20 21:54:42,177 views POST request to features() with params {"geometry": {"type": "Point", "coordinates": [100, 200]}, "type": "Feature", "properties": {"some_prop": "value"}} 
INFO 2011-04-20 21:54:42,182 views The feature was successfully saved with id 2
INFO 2011-04-20 21:54:42,184 views The property was successfuly saved
DEBUG 2011-04-20 21:54:42,185 views POST request to features() with params {"geometry": {"type": "Point", "coordinates": [200, 200]}, "type": "Feature", "properties": {"some_prop": "value"}} 
INFO 2011-04-20 21:54:42,190 views The feature was successfully saved with id 3
INFO 2011-04-20 21:54:42,192 views The property was successfuly saved
DEBUG 2011-04-20 21:54:42,193 views POST request to features() with params {"geometry": {"type": "Point", "coordinates": [300, 300]}, "type": "Feature", "properties": {"some_prop": "value"}} 
INFO 2011-04-20 21:54:42,198 views The feature was successfully saved with id 4
INFO 2011-04-20 21:54:42,200 views The property was successfuly saved
DEBUG 2011-04-20 21:54:42,204 views A DELETE request was sent to features with the params [2, 3, 4]
INFO 2011-04-20 21:54:42,214 views All Features were deleted successfully
DEBUG 2011-04-20 21:54:42,219 views A DELETE request was sent to features with the params [2]
WARNING 2011-04-20 21:54:42,221 views Delete result: Features [2] not found and featured [] deleted
DEBUG 2011-04-20 21:54:42,226 views A DELETE request was sent to features with the params [3]
WARNING 2011-04-20 21:54:42,227 views Delete result: Features [3] not found and featured [] deleted
DEBUG 2011-04-20 21:54:42,231 views A DELETE request was sent to features with the params [4]
WARNING 2011-04-20 21:54:42,232 views Delete result: Features [4] not found and featured [] deleted
DEBUG 2011-04-20 21:54:42,236 views A DELETE request was sent to features with the params []
WARNING 2011-04-20 21:54:42,237 views No feature id was provided to be deleted
DEBUG 2011-04-20 21:54:42,238 views POST request to features() with params {"type": "FeatureCollection", "features": [{"geometry": {"type": "Point", "coordinates": [200, 200]}, "type": "Feature", "properties": {"some_prop": "value"}}, {"geometry": {"type": "Point", "coordinates": [300, 250]}, "type": "Feature", "properties": {"some_prop": 40}}, {"geometry": {"type": "Point", "coordinates": [100, 300]}, "type": "Feature", "properties": {"some_prop": true}}, {"geometry": {"type": "Point", "coordinates": [100, 300]}, "type": "Feature", "properties": {"some_prop": null}}]} 
INFO 2011-04-20 21:54:42,254 views The feature collection was successfuly saved
DEBUG 2011-04-20 21:54:43,280 views POST request to features() with params {"type": "FeatureCollection", "features": [{"geometry": {"type": "Point", "coordinates": [100, 200]}, "type": "Feature", "properties": {"some_prop": "history_value", "id": 1}}, {"geometry": {"type": "Point", "coordinates": [200, 200]}, "type": "Feature", "properties": {"some_prop": 40, "id": 2}}, {"geometry": {"type": "Point", "coordinates": [300, 200]}, "type": "Feature", "properties": {"some_prop": 40, "id": 3}}, {"geometry": {"type": "Point", "coordinates": [400, 200]}, "type": "Feature", "properties": {"some_prop": true, "id": 4}}, {"geometry": {"type": "Point", "coordinates": [500, 200]}, "type": "Feature", "properties": {"some_prop": 42, "id": 5}}]} 
INFO 2011-04-20 21:54:43,305 views The feature collection was successfuly saved
DEBUG 2011-04-20 21:54:45,311 views A PUT request was sent to features with params {u'geometry': {u'type': u'Point', u'coordinates': [100, 200]}, u'type': u'Feature', u'properties': {u'some_prop': u'history_value', u'good': 33, u'id': 1}, u'id': 9}
INFO 2011-04-20 21:54:45,314 views The Feature 9 was updated successfully
DEBUG 2011-04-20 21:54:46,328 views A DELETE request was sent to features with the params [9]
INFO 2011-04-20 21:54:46,333 views All Features were deleted successfully
DEBUG 2011-04-20 21:54:48,338 views A DELETE request was sent to features with the params [9, 10, 11, 12, 13]
WARNING 2011-04-20 21:54:48,355 views Delete result: Features [9] not found and featured [10, 11, 12, 13] deleted
DEBUG 2011-04-20 21:54:49,368 views GET request to features() from user testuser and with params [(u'time', u'2011-4-20-21-54-42')]
DEBUG 2011-04-20 21:54:49,407 views Returned feature collection {'crs': {'type': 'EPSG', 'properties': {'code': 3067}}, 'type': 'FeatureCollection', 'features': []}
DEBUG 2011-04-20 21:54:49,417 views GET request to features() from user testuser and with params [(u'time', u'2011-4-20-21-54-44')]
DEBUG 2011-04-20 21:54:49,474 views Returned feature collection {'crs': {'type': 'EPSG', 'properties': {'code': 3067}}, 'type': 'FeatureCollection', 'features': [{'geometry': {u'type': u'Point', u'coordinates': [300.0, 200.0]}, 'id': 11, 'properties': {u'some_prop': 40, 'user_id': 48, u'id': 3}}, {'geometry': {u'type': u'Point', u'coordinates': [100.0, 200.0]}, 'id': 9, 'properties': {u'some_prop': u'history_value', 'user_id': 48, u'id': 1}}, {'geometry': {u'type': u'Point', u'coordinates': [200.0, 200.0]}, 'id': 10, 'properties': {u'some_prop': 40, 'user_id': 48, u'id': 2}}, {'geometry': {u'type': u'Point', u'coordinates': [400.0, 200.0]}, 'id': 12, 'properties': {u'some_prop': True, 'user_id': 48, u'id': 4}}, {'geometry': {u'type': u'Point', u'coordinates': [500.0, 200.0]}, 'id': 13, 'properties': {u'some_prop': 42, 'user_id': 48, u'id': 5}}]}
DEBUG 2011-04-20 21:54:49,484 views GET request to features() from user testuser and with params [(u'time', u'2011-4-20-21-54-46')]
DEBUG 2011-04-20 21:54:49,535 views Returned feature collection {'crs': {'type': 'EPSG', 'properties': {'code': 3067}}, 'type': 'FeatureCollection', 'features': [{'geometry': {u'type': u'Point', u'coordinates': [300.0, 200.0]}, 'id': 11, 'properties': {u'some_prop': 40, 'user_id': 48, u'id': 3}}, {'geometry': {u'type': u'Point', u'coordinates': [100.0, 200.0]}, 'id': 9, 'properties': {u'some_prop': u'history_value', u'good': 33, 'user_id': 48, u'id': 1}}, {'geometry': {u'type': u'Point', u'coordinates': [200.0, 200.0]}, 'id': 10, 'properties': {u'some_prop': 40, 'user_id': 48, u'id': 2}}, {'geometry': {u'type': u'Point', u'coordinates': [400.0, 200.0]}, 'id': 12, 'properties': {u'some_prop': True, 'user_id': 48, u'id': 4}}, {'geometry': {u'type': u'Point', u'coordinates': [500.0, 200.0]}, 'id': 13, 'properties': {u'some_prop': 42, 'user_id': 48, u'id': 5}}]}
DEBUG 2011-04-20 21:54:49,545 views GET request to features() from user testuser and with params [(u'time', u'2011-4-20-21-54-47')]
DEBUG 2011-04-20 21:54:49,592 views Returned feature collection {'crs': {'type': 'EPSG', 'properties': {'code': 3067}}, 'type': 'FeatureCollection', 'features': [{'geometry': {u'type': u'Point', u'coordinates': [300.0, 200.0]}, 'id': 11, 'properties': {u'some_prop': 40, 'user_id': 48, u'id': 3}}, {'geometry': {u'type': u'Point', u'coordinates': [200.0, 200.0]}, 'id': 10, 'properties': {u'some_prop': 40, 'user_id': 48, u'id': 2}}, {'geometry': {u'type': u'Point', u'coordinates': [400.0, 200.0]}, 'id': 12, 'properties': {u'some_prop': True, 'user_id': 48, u'id': 4}}, {'geometry': {u'type': u'Point', u'coordinates': [500.0, 200.0]}, 'id': 13, 'properties': {u'some_prop': 42, 'user_id': 48, u'id': 5}}]}
DEBUG 2011-04-20 21:54:49,602 views GET request to features() from user testuser and with params [(u'time', u'2011-4-20-21-54-49')]
DEBUG 2011-04-20 21:54:49,635 views Returned feature collection {'crs': {'type': 'EPSG', 'properties': {'code': 3067}}, 'type': 'FeatureCollection', 'features': []}
DEBUG 2011-04-20 21:54:49,645 views GET request to features() from user testuser and with params [(u'time__now', u'true')]
DEBUG 2011-04-20 21:54:49,678 views Returned feature collection {'crs': {'type': 'EPSG', 'properties': {'code': 3067}}, 'type': 'FeatureCollection', 'features': []}
DEBUG 2011-04-20 21:54:49,688 views GET request to features() from user testuser and with params [(u'time__now', u'false')]
DEBUG 2011-04-20 21:54:49,712 views Returned feature collection {'crs': {'type': 'EPSG', 'properties': {'code': 3067}}, 'type': 'FeatureCollection', 'features': [{'geometry': {u'type': u'Point', u'coordinates': [200.0, 200.0]}, 'id': 10, 'properties': {u'some_prop': 40, 'user_id': 48, u'id': 2}}, {'geometry': {u'type': u'Point', u'coordinates': [300.0, 200.0]}, 'id': 11, 'properties': {u'some_prop': 40, 'user_id': 48, u'id': 3}}, {'geometry': {u'type': u'Point', u'coordinates': [400.0, 200.0]}, 'id': 12, 'properties': {u'some_prop': True, 'user_id': 48, u'id': 4}}, {'geometry': {u'type': u'Point', u'coordinates': [500.0, 200.0]}, 'id': 13, 'properties': {u'some_prop': 42, 'user_id': 48, u'id': 5}}, {'geometry': {u'type': u'Point', u'coordinates': [100.0, 200.0]}, 'id': 9, 'properties': {u'some_prop': u'history_value', 'user_id': 48, u'id': 1}}, {'geometry': {u'type': u'Point', u'coordinates': [100.0, 200.0]}, 'id': 9, 'properties': {u'some_prop': u'history_value', u'good': 33, 'user_id': 48, u'id': 1}}]}
DEBUG 2011-04-20 21:54:49,737 views POST request to features() with params {"type": "FeatureCollection", "features": [{"geometry": {"type": "Point", "coordinates": [200, 200]}, "type": "Feature", "properties": {"some_prop": 39}}, {"geometry": {"type": "Point", "coordinates": [200, 200]}, "type": "Feature", "properties": {"some_prop": 40}}, {"geometry": {"type": "Point", "coordinates": [200, 200]}, "type": "Feature", "properties": {"some_prop": 41}}, {"geometry": {"type": "Point", "coordinates": [200, 200]}, "type": "Feature", "properties": {"some_prop": 42}}, {"geometry": {"type": "Point", "coordinates": [200, 200]}, "type": "Feature", "properties": {"some_prop": 43}}]} 
INFO 2011-04-20 21:54:49,763 views The feature collection was successfuly saved
DEBUG 2011-04-20 21:54:49,776 views GET request to features() from user testuser and with params [(u'some_prop__max', u'30')]
DEBUG 2011-04-20 21:54:49,782 views Returned feature collection {'crs': {'type': 'EPSG', 'properties': {'code': 3067}}, 'type': 'FeatureCollection', 'features': []}
DEBUG 2011-04-20 21:54:49,793 views GET request to features() from user testuser and with params [(u'some_prop__min', u'45')]
DEBUG 2011-04-20 21:54:49,798 views Returned feature collection {'crs': {'type': 'EPSG', 'properties': {'code': 3067}}, 'type': 'FeatureCollection', 'features': []}
DEBUG 2011-04-20 21:54:49,809 views GET request to features() from user testuser and with params [(u'some_prop', u'40')]
DEBUG 2011-04-20 21:54:49,821 views Returned feature collection {'crs': {'type': 'EPSG', 'properties': {'code': 3067}}, 'type': 'FeatureCollection', 'features': [{'geometry': {u'type': u'Point', u'coordinates': [200.0, 200.0]}, 'id': 15, 'properties': {u'some_prop': 40, 'user_id': 50}}]}
DEBUG 2011-04-20 21:54:49,832 views GET request to features() from user testuser and with params [(u'some_prop__min', u'41'), (u'some_prop__max', u'45')]
DEBUG 2011-04-20 21:54:49,853 views Returned feature collection {'crs': {'type': 'EPSG', 'properties': {'code': 3067}}, 'type': 'FeatureCollection', 'features': [{'geometry': {u'type': u'Point', u'coordinates': [200.0, 200.0]}, 'id': 17, 'properties': {u'some_prop': 42, 'user_id': 50}}, {'geometry': {u'type': u'Point', u'coordinates': [200.0, 200.0]}, 'id': 16, 'properties': {u'some_prop': 41, 'user_id': 50}}, {'geometry': {u'type': u'Point', u'coordinates': [200.0, 200.0]}, 'id': 18, 'properties': {u'some_prop': 43, 'user_id': 50}}]}
DEBUG 2011-04-20 21:54:49,879 views POST request to features() with params {"type": "FeatureCollection", "features": [{"geometry": {"type": "Point", "coordinates": [100, 200]}, "type": "Feature", "properties": {"float": 1.3, "stringBoolean": "True", "stringFloat": "1.3", "boolean": true, "stringInt": "1", "id": 1}}]} 
INFO 2011-04-20 21:54:49,891 views The feature collection was successfuly saved
DEBUG 2011-04-20 21:54:49,904 views GET request to features() from user testuser and with params [(u'id', u'19')]
DEBUG 2011-04-20 21:54:49,911 views Returned feature collection {'crs': {'type': 'EPSG', 'properties': {'code': 3067}}, 'type': 'FeatureCollection', 'features': [{'geometry': {u'type': u'Point', u'coordinates': [100.0, 200.0]}, 'id': 19, 'properties': {'user_id': 52, u'float': 1.3, u'stringBoolean': u'True', u'stringFloat': u'1.3', u'boolean': True, u'stringInt': u'1', u'id': 1}}]}
DEBUG 2011-04-20 21:54:49,922 views POST request to features() with params {"type": "FeatureCollection", "features": [{"geometry": {"type": "Point", "coordinates": [200, 200]}, "type": "Feature", "properties": {"some_prop": "value"}}, {"geometry": {"type": "Point", "coordinates": [300, 250]}, "type": "Feature", "properties": {"some_prop": 40}}, {"geometry": {"type": "Point", "coordinates": [100, 300]}, "type": "Feature", "properties": {"some_prop": true}}, {"geometry": {"type": "Point", "coordinates": [100, 300]}, "type": "Feature", "properties": {"some_prop": null}}]} 
WARNING 2011-04-20 21:54:49,923 views There was a POST request to features but the user was not authenticated
DEBUG 2011-04-20 22:01:58,136 views GET request to features() from user testuser and with params []
DEBUG 2011-04-20 22:01:58,139 views Returned feature collection {'crs': {'type': 'EPSG', 'properties': {'code': 3067}}, 'type': 'FeatureCollection', 'features': []}
DEBUG 2011-04-20 22:01:58,141 views POST request to features() with params {"geometry": {"type": "Point", "coordinates": [100, 200]}, "type": "Feature", "properties": {"some_prop": "value"}} 
INFO 2011-04-20 22:01:58,150 views The feature was successfully saved with id 1
INFO 2011-04-20 22:01:58,154 views The property was successfuly saved
DEBUG 2011-04-20 22:01:58,159 views A PUT request was sent to features with params {u'geometry': {u'type': u'Point', u'coordinates': [100, 200]}, u'type': u'Feature', u'properties': {u'some_prop': u'new value'}, u'id': 1}
INFO 2011-04-20 22:01:58,162 views The Feature 1 was updated successfully
DEBUG 2011-04-20 22:01:58,174 views A PUT request was sent to features with params {u'geometry': {u'type': u'Point', u'coordinates': [100, 200]}, u'type': u'Feature', u'properties': {u'some_prop': u'new value'}, u'id': 1}
INFO 2011-04-20 22:01:58,178 views The Feature 1 was updated successfully
DEBUG 2011-04-20 22:01:58,183 views A DELETE request was sent to features with the params [1]
INFO 2011-04-20 22:01:58,189 views All Features were deleted successfully
DEBUG 2011-04-20 22:01:58,193 views A DELETE request was sent to features with the params [1]
WARNING 2011-04-20 22:01:58,195 views Delete result: Features [1] not found and featured [] deleted
DEBUG 2011-04-20 22:01:58,196 views POST request to features() with params {"geometry": {"type": "Point", "coordinates": [100, 200]}, "type": "Feature", "properties": {"some_prop": "value"}} 
INFO 2011-04-20 22:01:58,200 views The feature was successfully saved with id 2
INFO 2011-04-20 22:01:58,202 views The property was successfuly saved
DEBUG 2011-04-20 22:01:58,204 views POST request to features() with params {"geometry": {"type": "Point", "coordinates": [200, 200]}, "type": "Feature", "properties": {"some_prop": "value"}} 
INFO 2011-04-20 22:01:58,208 views The feature was successfully saved with id 3
INFO 2011-04-20 22:01:58,210 views The property was successfuly saved
DEBUG 2011-04-20 22:01:58,212 views POST request to features() with params {"geometry": {"type": "Point", "coordinates": [300, 300]}, "type": "Feature", "properties": {"some_prop": "value"}} 
INFO 2011-04-20 22:01:58,216 views The feature was successfully saved with id 4
INFO 2011-04-20 22:01:58,218 views The property was successfuly saved
DEBUG 2011-04-20 22:01:58,223 views A DELETE request was sent to features with the params [2, 3, 4]
INFO 2011-04-20 22:01:58,233 views All Features were deleted successfully
DEBUG 2011-04-20 22:01:58,238 views A DELETE request was sent to features with the params [2]
WARNING 2011-04-20 22:01:58,240 views Delete result: Features [2] not found and featured [] deleted
DEBUG 2011-04-20 22:01:58,244 views A DELETE request was sent to features with the params [3]
WARNING 2011-04-20 22:01:58,246 views Delete result: Features [3] not found and featured [] deleted
DEBUG 2011-04-20 22:01:58,250 views A DELETE request was sent to features with the params [4]
WARNING 2011-04-20 22:01:58,251 views Delete result: Features [4] not found and featured [] deleted
DEBUG 2011-04-20 22:01:58,255 views A DELETE request was sent to features with the params []
WARNING 2011-04-20 22:01:58,255 views No feature id was provided to be deleted
DEBUG 2011-04-20 22:01:58,256 views POST request to features() with params {"type": "FeatureCollection", "features": [{"geometry": {"type": "Point", "coordinates": [200, 200]}, "type": "Feature", "properties": {"some_prop": "value"}}, {"geometry": {"type": "Point", "coordinates": [300, 250]}, "type": "Feature", "properties": {"some_prop": 40}}, {"geometry": {"type": "Point", "coordinates": [100, 300]}, "type": "Feature", "properties": {"some_prop": true}}, {"geometry": {"type": "Point", "coordinates": [100, 300]}, "type": "Feature", "properties": {"some_prop": null}}]} 
INFO 2011-04-20 22:01:58,273 views The feature collection was successfuly saved
DEBUG 2011-04-20 22:01:59,299 views POST request to features() with params {"type": "FeatureCollection", "features": [{"geometry": {"type": "Point", "coordinates": [100, 200]}, "type": "Feature", "properties": {"some_prop": "history_value", "id": 1}}, {"geometry": {"type": "Point", "coordinates": [200, 200]}, "type": "Feature", "properties": {"some_prop": 40, "id": 2}}, {"geometry": {"type": "Point", "coordinates": [300, 200]}, "type": "Feature", "properties": {"some_prop": 40, "id": 3}}, {"geometry": {"type": "Point", "coordinates": [400, 200]}, "type": "Feature", "properties": {"some_prop": true, "id": 4}}, {"geometry": {"type": "Point", "coordinates": [500, 200]}, "type": "Feature", "properties": {"some_prop": 42, "id": 5}}]} 
INFO 2011-04-20 22:01:59,324 views The feature collection was successfuly saved
DEBUG 2011-04-20 22:02:01,329 views A PUT request was sent to features with params {u'geometry': {u'type': u'Point', u'coordinates': [100, 200]}, u'type': u'Feature', u'properties': {u'some_prop': u'history_value', u'good': 33, u'id': 1}, u'id': 9}
INFO 2011-04-20 22:02:01,333 views The Feature 9 was updated successfully
DEBUG 2011-04-20 22:02:02,346 views A DELETE request was sent to features with the params [9]
INFO 2011-04-20 22:02:02,351 views All Features were deleted successfully
DEBUG 2011-04-20 22:02:04,356 views A DELETE request was sent to features with the params [9, 10, 11, 12, 13]
WARNING 2011-04-20 22:02:04,369 views Delete result: Features [9] not found and featured [10, 11, 12, 13] deleted
DEBUG 2011-04-20 22:02:05,383 views GET request to features() from user testuser and with params [(u'time', u'2011-4-20-22-1-58')]
DEBUG 2011-04-20 22:02:05,419 views Returned feature collection {'crs': {'type': 'EPSG', 'properties': {'code': 3067}}, 'type': 'FeatureCollection', 'features': []}
DEBUG 2011-04-20 22:02:05,429 views GET request to features() from user testuser and with params [(u'time', u'2011-4-20-22-2-0')]
DEBUG 2011-04-20 22:02:05,484 views Returned feature collection {'crs': {'type': 'EPSG', 'properties': {'code': 3067}}, 'type': 'FeatureCollection', 'features': [{'geometry': {u'type': u'Point', u'coordinates': [300.0, 200.0]}, 'id': 11, 'properties': {u'some_prop': 40, 'user_id': 48, u'id': 3}}, {'geometry': {u'type': u'Point', u'coordinates': [100.0, 200.0]}, 'id': 9, 'properties': {u'some_prop': u'history_value', 'user_id': 48, u'id': 1}}, {'geometry': {u'type': u'Point', u'coordinates': [200.0, 200.0]}, 'id': 10, 'properties': {u'some_prop': 40, 'user_id': 48, u'id': 2}}, {'geometry': {u'type': u'Point', u'coordinates': [400.0, 200.0]}, 'id': 12, 'properties': {u'some_prop': True, 'user_id': 48, u'id': 4}}, {'geometry': {u'type': u'Point', u'coordinates': [500.0, 200.0]}, 'id': 13, 'properties': {u'some_prop': 42, 'user_id': 48, u'id': 5}}]}
DEBUG 2011-04-20 22:02:05,495 views GET request to features() from user testuser and with params [(u'time', u'2011-4-20-22-2-2')]
DEBUG 2011-04-20 22:02:05,545 views Returned feature collection {'crs': {'type': 'EPSG', 'properties': {'code': 3067}}, 'type': 'FeatureCollection', 'features': [{'geometry': {u'type': u'Point', u'coordinates': [300.0, 200.0]}, 'id': 11, 'properties': {u'some_prop': 40, 'user_id': 48, u'id': 3}}, {'geometry': {u'type': u'Point', u'coordinates': [100.0, 200.0]}, 'id': 9, 'properties': {u'some_prop': u'history_value', u'good': 33, 'user_id': 48, u'id': 1}}, {'geometry': {u'type': u'Point', u'coordinates': [200.0, 200.0]}, 'id': 10, 'properties': {u'some_prop': 40, 'user_id': 48, u'id': 2}}, {'geometry': {u'type': u'Point', u'coordinates': [400.0, 200.0]}, 'id': 12, 'properties': {u'some_prop': True, 'user_id': 48, u'id': 4}}, {'geometry': {u'type': u'Point', u'coordinates': [500.0, 200.0]}, 'id': 13, 'properties': {u'some_prop': 42, 'user_id': 48, u'id': 5}}]}
DEBUG 2011-04-20 22:02:05,555 views GET request to features() from user testuser and with params [(u'time', u'2011-4-20-22-2-3')]
DEBUG 2011-04-20 22:02:05,602 views Returned feature collection {'crs': {'type': 'EPSG', 'properties': {'code': 3067}}, 'type': 'FeatureCollection', 'features': [{'geometry': {u'type': u'Point', u'coordinates': [300.0, 200.0]}, 'id': 11, 'properties': {u'some_prop': 40, 'user_id': 48, u'id': 3}}, {'geometry': {u'type': u'Point', u'coordinates': [200.0, 200.0]}, 'id': 10, 'properties': {u'some_prop': 40, 'user_id': 48, u'id': 2}}, {'geometry': {u'type': u'Point', u'coordinates': [400.0, 200.0]}, 'id': 12, 'properties': {u'some_prop': True, 'user_id': 48, u'id': 4}}, {'geometry': {u'type': u'Point', u'coordinates': [500.0, 200.0]}, 'id': 13, 'properties': {u'some_prop': 42, 'user_id': 48, u'id': 5}}]}
DEBUG 2011-04-20 22:02:05,612 views GET request to features() from user testuser and with params [(u'time', u'2011-4-20-22-2-5')]
DEBUG 2011-04-20 22:02:05,644 views Returned feature collection {'crs': {'type': 'EPSG', 'properties': {'code': 3067}}, 'type': 'FeatureCollection', 'features': []}
DEBUG 2011-04-20 22:02:05,655 views GET request to features() from user testuser and with params [(u'time__now', u'true')]
DEBUG 2011-04-20 22:02:05,687 views Returned feature collection {'crs': {'type': 'EPSG', 'properties': {'code': 3067}}, 'type': 'FeatureCollection', 'features': []}
DEBUG 2011-04-20 22:02:05,697 views GET request to features() from user testuser and with params [(u'time__now', u'false')]
DEBUG 2011-04-20 22:02:05,720 views Returned feature collection {'crs': {'type': 'EPSG', 'properties': {'code': 3067}}, 'type': 'FeatureCollection', 'features': [{'geometry': {u'type': u'Point', u'coordinates': [200.0, 200.0]}, 'id': 10, 'properties': {u'some_prop': 40, 'user_id': 48, u'id': 2}}, {'geometry': {u'type': u'Point', u'coordinates': [300.0, 200.0]}, 'id': 11, 'properties': {u'some_prop': 40, 'user_id': 48, u'id': 3}}, {'geometry': {u'type': u'Point', u'coordinates': [400.0, 200.0]}, 'id': 12, 'properties': {u'some_prop': True, 'user_id': 48, u'id': 4}}, {'geometry': {u'type': u'Point', u'coordinates': [500.0, 200.0]}, 'id': 13, 'properties': {u'some_prop': 42, 'user_id': 48, u'id': 5}}, {'geometry': {u'type': u'Point', u'coordinates': [100.0, 200.0]}, 'id': 9, 'properties': {u'some_prop': u'history_value', 'user_id': 48, u'id': 1}}, {'geometry': {u'type': u'Point', u'coordinates': [100.0, 200.0]}, 'id': 9, 'properties': {u'some_prop': u'history_value', u'good': 33, 'user_id': 48, u'id': 1}}]}
DEBUG 2011-04-20 22:02:05,744 views POST request to features() with params {"type": "FeatureCollection", "features": [{"geometry": {"type": "Point", "coordinates": [200, 200]}, "type": "Feature", "properties": {"some_prop": 39}}, {"geometry": {"type": "Point", "coordinates": [200, 200]}, "type": "Feature", "properties": {"some_prop": 40}}, {"geometry": {"type": "Point", "coordinates": [200, 200]}, "type": "Feature", "properties": {"some_prop": 41}}, {"geometry": {"type": "Point", "coordinates": [200, 200]}, "type": "Feature", "properties": {"some_prop": 42}}, {"geometry": {"type": "Point", "coordinates": [200, 200]}, "type": "Feature", "properties": {"some_prop": 43}}]} 
INFO 2011-04-20 22:02:05,772 views The feature collection was successfuly saved
DEBUG 2011-04-20 22:02:05,785 views GET request to features() from user testuser and with params [(u'some_prop__max', u'30')]
DEBUG 2011-04-20 22:02:05,791 views Returned feature collection {'crs': {'type': 'EPSG', 'properties': {'code': 3067}}, 'type': 'FeatureCollection', 'features': []}
DEBUG 2011-04-20 22:02:05,801 views GET request to features() from user testuser and with params [(u'some_prop__min', u'45')]
DEBUG 2011-04-20 22:02:05,807 views Returned feature collection {'crs': {'type': 'EPSG', 'properties': {'code': 3067}}, 'type': 'FeatureCollection', 'features': []}
DEBUG 2011-04-20 22:02:05,818 views GET request to features() from user testuser and with params [(u'some_prop', u'40')]
DEBUG 2011-04-20 22:02:05,831 views Returned feature collection {'crs': {'type': 'EPSG', 'properties': {'code': 3067}}, 'type': 'FeatureCollection', 'features': [{'geometry': {u'type': u'Point', u'coordinates': [200.0, 200.0]}, 'id': 15, 'properties': {u'some_prop': 40, 'user_id': 50}}]}
DEBUG 2011-04-20 22:02:05,841 views GET request to features() from user testuser and with params [(u'some_prop__min', u'41'), (u'some_prop__max', u'45')]
DEBUG 2011-04-20 22:02:05,859 views Returned feature collection {'crs': {'type': 'EPSG', 'properties': {'code': 3067}}, 'type': 'FeatureCollection', 'features': [{'geometry': {u'type': u'Point', u'coordinates': [200.0, 200.0]}, 'id': 17, 'properties': {u'some_prop': 42, 'user_id': 50}}, {'geometry': {u'type': u'Point', u'coordinates': [200.0, 200.0]}, 'id': 16, 'properties': {u'some_prop': 41, 'user_id': 50}}, {'geometry': {u'type': u'Point', u'coordinates': [200.0, 200.0]}, 'id': 18, 'properties': {u'some_prop': 43, 'user_id': 50}}]}
DEBUG 2011-04-20 22:02:05,885 views POST request to features() with params {"type": "FeatureCollection", "features": [{"geometry": {"type": "Point", "coordinates": [100, 200]}, "type": "Feature", "properties": {"float": 1.3, "stringBoolean": "True", "stringFloat": "1.3", "boolean": true, "stringInt": "1", "id": 1}}]} 
INFO 2011-04-20 22:02:05,897 views The feature collection was successfuly saved
DEBUG 2011-04-20 22:02:05,910 views GET request to features() from user testuser and with params [(u'id', u'19')]
DEBUG 2011-04-20 22:02:05,918 views Returned feature collection {'crs': {'type': 'EPSG', 'properties': {'code': 3067}}, 'type': 'FeatureCollection', 'features': [{'geometry': {u'type': u'Point', u'coordinates': [100.0, 200.0]}, 'id': 19, 'properties': {'user_id': 52, u'float': 1.3, u'stringBoolean': u'True', u'stringFloat': u'1.3', u'boolean': True, u'stringInt': u'1', u'id': 1}}]}
DEBUG 2011-04-20 22:02:05,929 views POST request to features() with params {"type": "FeatureCollection", "features": [{"geometry": {"type": "Point", "coordinates": [200, 200]}, "type": "Feature", "properties": {"some_prop": "value"}}, {"geometry": {"type": "Point", "coordinates": [300, 250]}, "type": "Feature", "properties": {"some_prop": 40}}, {"geometry": {"type": "Point", "coordinates": [100, 300]}, "type": "Feature", "properties": {"some_prop": true}}, {"geometry": {"type": "Point", "coordinates": [100, 300]}, "type": "Feature", "properties": {"some_prop": null}}]} 
WARNING 2011-04-20 22:02:05,929 views There was a POST request to features but the user was not authenticated
DEBUG 2011-04-20 22:06:08,142 views GET request to features() from user testuser and with params []
DEBUG 2011-04-20 22:06:08,145 views Returned feature collection {'crs': {'type': 'EPSG', 'properties': {'code': 3067}}, 'type': 'FeatureCollection', 'features': []}
DEBUG 2011-04-20 22:06:08,146 views POST request to features() with params {"geometry": {"type": "Point", "coordinates": [100, 200]}, "type": "Feature", "properties": {"some_prop": "value"}} 
INFO 2011-04-20 22:06:08,156 views The feature was successfully saved with id 1
INFO 2011-04-20 22:06:08,160 views The property was successfuly saved
DEBUG 2011-04-20 22:06:08,165 views A PUT request was sent to features with params {u'geometry': {u'type': u'Point', u'coordinates': [100, 200]}, u'type': u'Feature', u'properties': {u'some_prop': u'new value'}, u'id': 1}
INFO 2011-04-20 22:06:08,168 views The Feature 1 was updated successfully
DEBUG 2011-04-20 22:06:08,181 views A PUT request was sent to features with params {u'geometry': {u'type': u'Point', u'coordinates': [100, 200]}, u'type': u'Feature', u'properties': {u'some_prop': u'new value'}, u'id': 1}
INFO 2011-04-20 22:06:08,184 views The Feature 1 was updated successfully
DEBUG 2011-04-20 22:06:08,190 views A DELETE request was sent to features with the params [1]
INFO 2011-04-20 22:06:08,194 views All Features were deleted successfully
DEBUG 2011-04-20 22:06:08,199 views A DELETE request was sent to features with the params [1]
WARNING 2011-04-20 22:06:08,201 views Delete result: Features [1] not found and featured [] deleted
DEBUG 2011-04-20 22:06:08,202 views POST request to features() with params {"geometry": {"type": "Point", "coordinates": [100, 200]}, "type": "Feature", "properties": {"some_prop": "value"}} 
INFO 2011-04-20 22:06:08,206 views The feature was successfully saved with id 2
INFO 2011-04-20 22:06:08,208 views The property was successfuly saved
DEBUG 2011-04-20 22:06:08,210 views POST request to features() with params {"geometry": {"type": "Point", "coordinates": [200, 200]}, "type": "Feature", "properties": {"some_prop": "value"}} 
INFO 2011-04-20 22:06:08,214 views The feature was successfully saved with id 3
INFO 2011-04-20 22:06:08,216 views The property was successfuly saved
DEBUG 2011-04-20 22:06:08,218 views POST request to features() with params {"geometry": {"type": "Point", "coordinates": [300, 300]}, "type": "Feature", "properties": {"some_prop": "value"}} 
INFO 2011-04-20 22:06:08,223 views The feature was successfully saved with id 4
INFO 2011-04-20 22:06:08,225 views The property was successfuly saved
DEBUG 2011-04-20 22:06:08,229 views A DELETE request was sent to features with the params [2, 3, 4]
INFO 2011-04-20 22:06:08,241 views All Features were deleted successfully
DEBUG 2011-04-20 22:06:08,246 views A DELETE request was sent to features with the params [2]
WARNING 2011-04-20 22:06:08,248 views Delete result: Features [2] not found and featured [] deleted
DEBUG 2011-04-20 22:06:08,252 views A DELETE request was sent to features with the params [3]
WARNING 2011-04-20 22:06:08,254 views Delete result: Features [3] not found and featured [] deleted
DEBUG 2011-04-20 22:06:08,258 views A DELETE request was sent to features with the params [4]
WARNING 2011-04-20 22:06:08,259 views Delete result: Features [4] not found and featured [] deleted
DEBUG 2011-04-20 22:06:08,263 views A DELETE request was sent to features with the params []
WARNING 2011-04-20 22:06:08,264 views No feature id was provided to be deleted
DEBUG 2011-04-20 22:06:08,265 views POST request to features() with params {"type": "FeatureCollection", "features": [{"geometry": {"type": "Point", "coordinates": [200, 200]}, "type": "Feature", "properties": {"some_prop": "value"}}, {"geometry": {"type": "Point", "coordinates": [300, 250]}, "type": "Feature", "properties": {"some_prop": 40}}, {"geometry": {"type": "Point", "coordinates": [100, 300]}, "type": "Feature", "properties": {"some_prop": true}}, {"geometry": {"type": "Point", "coordinates": [100, 300]}, "type": "Feature", "properties": {"some_prop": null}}]} 
INFO 2011-04-20 22:06:08,280 views The feature collection was successfuly saved
DEBUG 2011-04-20 22:06:09,306 views POST request to features() with params {"type": "FeatureCollection", "features": [{"geometry": {"type": "Point", "coordinates": [100, 200]}, "type": "Feature", "properties": {"some_prop": "history_value", "id": 1}}, {"geometry": {"type": "Point", "coordinates": [200, 200]}, "type": "Feature", "properties": {"some_prop": 40, "id": 2}}, {"geometry": {"type": "Point", "coordinates": [300, 200]}, "type": "Feature", "properties": {"some_prop": 40, "id": 3}}, {"geometry": {"type": "Point", "coordinates": [400, 200]}, "type": "Feature", "properties": {"some_prop": true, "id": 4}}, {"geometry": {"type": "Point", "coordinates": [500, 200]}, "type": "Feature", "properties": {"some_prop": 42, "id": 5}}]} 
INFO 2011-04-20 22:06:09,332 views The feature collection was successfuly saved
DEBUG 2011-04-20 22:06:11,337 views A PUT request was sent to features with params {u'geometry': {u'type': u'Point', u'coordinates': [100, 200]}, u'type': u'Feature', u'properties': {u'some_prop': u'history_value', u'good': 33, u'id': 1}, u'id': 9}
INFO 2011-04-20 22:06:11,341 views The Feature 9 was updated successfully
DEBUG 2011-04-20 22:06:12,354 views A DELETE request was sent to features with the params [9]
INFO 2011-04-20 22:06:12,359 views All Features were deleted successfully
DEBUG 2011-04-20 22:06:14,364 views A DELETE request was sent to features with the params [9, 10, 11, 12, 13]
WARNING 2011-04-20 22:06:14,377 views Delete result: Features [9] not found and featured [10, 11, 12, 13] deleted
DEBUG 2011-04-20 22:06:15,390 views GET request to features() from user testuser and with params [(u'time', u'2011-4-20-22-6-8')]
DEBUG 2011-04-20 22:06:15,427 views Returned feature collection {'crs': {'type': 'EPSG', 'properties': {'code': 3067}}, 'type': 'FeatureCollection', 'features': []}
DEBUG 2011-04-20 22:06:15,437 views GET request to features() from user testuser and with params [(u'time', u'2011-4-20-22-6-10')]
DEBUG 2011-04-20 22:06:15,491 views Returned feature collection {'crs': {'type': 'EPSG', 'properties': {'code': 3067}}, 'type': 'FeatureCollection', 'features': [{'geometry': {u'type': u'Point', u'coordinates': [300.0, 200.0]}, 'id': 11, 'properties': {u'some_prop': 40, 'user_id': 48, u'id': 3}}, {'geometry': {u'type': u'Point', u'coordinates': [100.0, 200.0]}, 'id': 9, 'properties': {u'some_prop': u'history_value', 'user_id': 48, u'id': 1}}, {'geometry': {u'type': u'Point', u'coordinates': [200.0, 200.0]}, 'id': 10, 'properties': {u'some_prop': 40, 'user_id': 48, u'id': 2}}, {'geometry': {u'type': u'Point', u'coordinates': [400.0, 200.0]}, 'id': 12, 'properties': {u'some_prop': True, 'user_id': 48, u'id': 4}}, {'geometry': {u'type': u'Point', u'coordinates': [500.0, 200.0]}, 'id': 13, 'properties': {u'some_prop': 42, 'user_id': 48, u'id': 5}}]}
DEBUG 2011-04-20 22:06:15,502 views GET request to features() from user testuser and with params [(u'time', u'2011-4-20-22-6-12')]
DEBUG 2011-04-20 22:06:15,552 views Returned feature collection {'crs': {'type': 'EPSG', 'properties': {'code': 3067}}, 'type': 'FeatureCollection', 'features': [{'geometry': {u'type': u'Point', u'coordinates': [300.0, 200.0]}, 'id': 11, 'properties': {u'some_prop': 40, 'user_id': 48, u'id': 3}}, {'geometry': {u'type': u'Point', u'coordinates': [100.0, 200.0]}, 'id': 9, 'properties': {u'some_prop': u'history_value', u'good': 33, 'user_id': 48, u'id': 1}}, {'geometry': {u'type': u'Point', u'coordinates': [200.0, 200.0]}, 'id': 10, 'properties': {u'some_prop': 40, 'user_id': 48, u'id': 2}}, {'geometry': {u'type': u'Point', u'coordinates': [400.0, 200.0]}, 'id': 12, 'properties': {u'some_prop': True, 'user_id': 48, u'id': 4}}, {'geometry': {u'type': u'Point', u'coordinates': [500.0, 200.0]}, 'id': 13, 'properties': {u'some_prop': 42, 'user_id': 48, u'id': 5}}]}
DEBUG 2011-04-20 22:06:15,562 views GET request to features() from user testuser and with params [(u'time', u'2011-4-20-22-6-13')]
DEBUG 2011-04-20 22:06:15,608 views Returned feature collection {'crs': {'type': 'EPSG', 'properties': {'code': 3067}}, 'type': 'FeatureCollection', 'features': [{'geometry': {u'type': u'Point', u'coordinates': [300.0, 200.0]}, 'id': 11, 'properties': {u'some_prop': 40, 'user_id': 48, u'id': 3}}, {'geometry': {u'type': u'Point', u'coordinates': [200.0, 200.0]}, 'id': 10, 'properties': {u'some_prop': 40, 'user_id': 48, u'id': 2}}, {'geometry': {u'type': u'Point', u'coordinates': [400.0, 200.0]}, 'id': 12, 'properties': {u'some_prop': True, 'user_id': 48, u'id': 4}}, {'geometry': {u'type': u'Point', u'coordinates': [500.0, 200.0]}, 'id': 13, 'properties': {u'some_prop': 42, 'user_id': 48, u'id': 5}}]}
DEBUG 2011-04-20 22:06:15,619 views GET request to features() from user testuser and with params [(u'time', u'2011-4-20-22-6-15')]
DEBUG 2011-04-20 22:06:15,651 views Returned feature collection {'crs': {'type': 'EPSG', 'properties': {'code': 3067}}, 'type': 'FeatureCollection', 'features': []}
DEBUG 2011-04-20 22:06:15,661 views GET request to features() from user testuser and with params [(u'time__now', u'true')]
DEBUG 2011-04-20 22:06:15,694 views Returned feature collection {'crs': {'type': 'EPSG', 'properties': {'code': 3067}}, 'type': 'FeatureCollection', 'features': []}
DEBUG 2011-04-20 22:06:15,705 views GET request to features() from user testuser and with params [(u'time__now', u'false')]
DEBUG 2011-04-20 22:06:15,727 views Returned feature collection {'crs': {'type': 'EPSG', 'properties': {'code': 3067}}, 'type': 'FeatureCollection', 'features': [{'geometry': {u'type': u'Point', u'coordinates': [200.0, 200.0]}, 'id': 10, 'properties': {u'some_prop': 40, 'user_id': 48, u'id': 2}}, {'geometry': {u'type': u'Point', u'coordinates': [300.0, 200.0]}, 'id': 11, 'properties': {u'some_prop': 40, 'user_id': 48, u'id': 3}}, {'geometry': {u'type': u'Point', u'coordinates': [400.0, 200.0]}, 'id': 12, 'properties': {u'some_prop': True, 'user_id': 48, u'id': 4}}, {'geometry': {u'type': u'Point', u'coordinates': [500.0, 200.0]}, 'id': 13, 'properties': {u'some_prop': 42, 'user_id': 48, u'id': 5}}, {'geometry': {u'type': u'Point', u'coordinates': [100.0, 200.0]}, 'id': 9, 'properties': {u'some_prop': u'history_value', 'user_id': 48, u'id': 1}}, {'geometry': {u'type': u'Point', u'coordinates': [100.0, 200.0]}, 'id': 9, 'properties': {u'some_prop': u'history_value', u'good': 33, 'user_id': 48, u'id': 1}}]}
DEBUG 2011-04-20 22:06:15,756 views POST request to features() with params {"type": "FeatureCollection", "features": [{"geometry": {"type": "Point", "coordinates": [200, 200]}, "type": "Feature", "properties": {"some_prop": 39}}, {"geometry": {"type": "Point", "coordinates": [200, 200]}, "type": "Feature", "properties": {"some_prop": 40}}, {"geometry": {"type": "Point", "coordinates": [200, 200]}, "type": "Feature", "properties": {"some_prop": 41}}, {"geometry": {"type": "Point", "coordinates": [200, 200]}, "type": "Feature", "properties": {"some_prop": 42}}, {"geometry": {"type": "Point", "coordinates": [200, 200]}, "type": "Feature", "properties": {"some_prop": 43}}]} 
INFO 2011-04-20 22:06:15,782 views The feature collection was successfuly saved
DEBUG 2011-04-20 22:06:15,795 views GET request to features() from user testuser and with params [(u'some_prop__max', u'30')]
DEBUG 2011-04-20 22:06:15,801 views Returned feature collection {'crs': {'type': 'EPSG', 'properties': {'code': 3067}}, 'type': 'FeatureCollection', 'features': []}
DEBUG 2011-04-20 22:06:15,812 views GET request to features() from user testuser and with params [(u'some_prop__min', u'45')]
DEBUG 2011-04-20 22:06:15,818 views Returned feature collection {'crs': {'type': 'EPSG', 'properties': {'code': 3067}}, 'type': 'FeatureCollection', 'features': []}
DEBUG 2011-04-20 22:06:15,828 views GET request to features() from user testuser and with params [(u'some_prop', u'40')]
DEBUG 2011-04-20 22:06:15,840 views Returned feature collection {'crs': {'type': 'EPSG', 'properties': {'code': 3067}}, 'type': 'FeatureCollection', 'features': [{'geometry': {u'type': u'Point', u'coordinates': [200.0, 200.0]}, 'id': 15, 'properties': {u'some_prop': 40, 'user_id': 50}}]}
DEBUG 2011-04-20 22:06:15,851 views GET request to features() from user testuser and with params [(u'some_prop__min', u'41'), (u'some_prop__max', u'45')]
DEBUG 2011-04-20 22:06:15,870 views Returned feature collection {'crs': {'type': 'EPSG', 'properties': {'code': 3067}}, 'type': 'FeatureCollection', 'features': [{'geometry': {u'type': u'Point', u'coordinates': [200.0, 200.0]}, 'id': 17, 'properties': {u'some_prop': 42, 'user_id': 50}}, {'geometry': {u'type': u'Point', u'coordinates': [200.0, 200.0]}, 'id': 16, 'properties': {u'some_prop': 41, 'user_id': 50}}, {'geometry': {u'type': u'Point', u'coordinates': [200.0, 200.0]}, 'id': 18, 'properties': {u'some_prop': 43, 'user_id': 50}}]}
DEBUG 2011-04-20 22:06:15,895 views POST request to features() with params {"type": "FeatureCollection", "features": [{"geometry": {"type": "Point", "coordinates": [100, 200]}, "type": "Feature", "properties": {"float": 1.3, "stringBoolean": "True", "stringFloat": "1.3", "boolean": true, "stringInt": "1", "id": 1}}]} 
INFO 2011-04-20 22:06:15,906 views The feature collection was successfuly saved
DEBUG 2011-04-20 22:06:15,919 views GET request to features() from user testuser and with params [(u'id', u'19')]
DEBUG 2011-04-20 22:06:15,927 views Returned feature collection {'crs': {'type': 'EPSG', 'properties': {'code': 3067}}, 'type': 'FeatureCollection', 'features': [{'geometry': {u'type': u'Point', u'coordinates': [100.0, 200.0]}, 'id': 19, 'properties': {'user_id': 52, u'float': 1.3, u'stringBoolean': u'True', u'stringFloat': u'1.3', u'boolean': True, u'stringInt': u'1', u'id': 1}}]}
DEBUG 2011-04-20 22:06:15,938 views POST request to features() with params {"type": "FeatureCollection", "features": [{"geometry": {"type": "Point", "coordinates": [200, 200]}, "type": "Feature", "properties": {"some_prop": "value"}}, {"geometry": {"type": "Point", "coordinates": [300, 250]}, "type": "Feature", "properties": {"some_prop": 40}}, {"geometry": {"type": "Point", "coordinates": [100, 300]}, "type": "Feature", "properties": {"some_prop": true}}, {"geometry": {"type": "Point", "coordinates": [100, 300]}, "type": "Feature", "properties": {"some_prop": null}}]} 
WARNING 2011-04-20 22:06:15,938 views There was a POST request to features but the user was not authenticated
DEBUG 2011-04-20 22:32:34,666 views GET request to features() from user testuser and with params []
DEBUG 2011-04-20 22:32:34,669 views Returned feature collection {'crs': {'type': 'EPSG', 'properties': {'code': 3067}}, 'type': 'FeatureCollection', 'features': []}
DEBUG 2011-04-20 22:32:34,671 views POST request to features() with params {"geometry": {"type": "Point", "coordinates": [100, 200]}, "type": "Feature", "properties": {"some_prop": "value"}} 
INFO 2011-04-20 22:32:34,680 views The feature was successfully saved with id 1
INFO 2011-04-20 22:32:34,685 views The property was successfuly saved
DEBUG 2011-04-20 22:32:34,689 views A PUT request was sent to features with params {u'geometry': {u'type': u'Point', u'coordinates': [100, 200]}, u'type': u'Feature', u'properties': {u'some_prop': u'new value'}, u'id': 1}
INFO 2011-04-20 22:32:34,693 views The Feature 1 was updated successfully
DEBUG 2011-04-20 22:32:34,705 views A PUT request was sent to features with params {u'geometry': {u'type': u'Point', u'coordinates': [100, 200]}, u'type': u'Feature', u'properties': {u'some_prop': u'new value'}, u'id': 1}
INFO 2011-04-20 22:32:34,708 views The Feature 1 was updated successfully
DEBUG 2011-04-20 22:32:34,713 views A DELETE request was sent to features with the params [1]
INFO 2011-04-20 22:32:34,718 views All Features were deleted successfully
DEBUG 2011-04-20 22:32:34,723 views A DELETE request was sent to features with the params [1]
WARNING 2011-04-20 22:32:34,724 views Delete result: Features [1] not found and featured [] deleted
DEBUG 2011-04-20 22:32:34,726 views POST request to features() with params {"geometry": {"type": "Point", "coordinates": [100, 200]}, "type": "Feature", "properties": {"some_prop": "value"}} 
INFO 2011-04-20 22:32:34,730 views The feature was successfully saved with id 2
INFO 2011-04-20 22:32:34,732 views The property was successfuly saved
DEBUG 2011-04-20 22:32:34,733 views POST request to features() with params {"geometry": {"type": "Point", "coordinates": [200, 200]}, "type": "Feature", "properties": {"some_prop": "value"}} 
INFO 2011-04-20 22:32:34,738 views The feature was successfully saved with id 3
INFO 2011-04-20 22:32:34,740 views The property was successfuly saved
DEBUG 2011-04-20 22:32:34,741 views POST request to features() with params {"geometry": {"type": "Point", "coordinates": [300, 300]}, "type": "Feature", "properties": {"some_prop": "value"}} 
INFO 2011-04-20 22:32:34,746 views The feature was successfully saved with id 4
INFO 2011-04-20 22:32:34,749 views The property was successfuly saved
DEBUG 2011-04-20 22:32:34,753 views A DELETE request was sent to features with the params [2, 3, 4]
INFO 2011-04-20 22:32:34,763 views All Features were deleted successfully
DEBUG 2011-04-20 22:32:34,767 views A DELETE request was sent to features with the params [2]
WARNING 2011-04-20 22:32:34,769 views Delete result: Features [2] not found and featured [] deleted
DEBUG 2011-04-20 22:32:34,773 views A DELETE request was sent to features with the params [3]
WARNING 2011-04-20 22:32:34,775 views Delete result: Features [3] not found and featured [] deleted
DEBUG 2011-04-20 22:32:34,779 views A DELETE request was sent to features with the params [4]
WARNING 2011-04-20 22:32:34,780 views Delete result: Features [4] not found and featured [] deleted
DEBUG 2011-04-20 22:32:34,784 views A DELETE request was sent to features with the params []
WARNING 2011-04-20 22:32:34,784 views No feature id was provided to be deleted
DEBUG 2011-04-20 22:32:34,785 views POST request to features() with params {"type": "FeatureCollection", "features": [{"geometry": {"type": "Point", "coordinates": [200, 200]}, "type": "Feature", "properties": {"some_prop": "value"}}, {"geometry": {"type": "Point", "coordinates": [300, 250]}, "type": "Feature", "properties": {"some_prop": 40}}, {"geometry": {"type": "Point", "coordinates": [100, 300]}, "type": "Feature", "properties": {"some_prop": true}}, {"geometry": {"type": "Point", "coordinates": [100, 300]}, "type": "Feature", "properties": {"some_prop": null}}]} 
INFO 2011-04-20 22:32:34,801 views The feature collection was successfuly saved
DEBUG 2011-04-20 22:32:35,826 views POST request to features() with params {"type": "FeatureCollection", "features": [{"geometry": {"type": "Point", "coordinates": [100, 200]}, "type": "Feature", "properties": {"some_prop": "history_value", "id": 1}}, {"geometry": {"type": "Point", "coordinates": [200, 200]}, "type": "Feature", "properties": {"some_prop": 40, "id": 2}}, {"geometry": {"type": "Point", "coordinates": [300, 200]}, "type": "Feature", "properties": {"some_prop": 40, "id": 3}}, {"geometry": {"type": "Point", "coordinates": [400, 200]}, "type": "Feature", "properties": {"some_prop": true, "id": 4}}, {"geometry": {"type": "Point", "coordinates": [500, 200]}, "type": "Feature", "properties": {"some_prop": 42, "id": 5}}]} 
INFO 2011-04-20 22:32:35,852 views The feature collection was successfuly saved
DEBUG 2011-04-20 22:32:37,859 views A PUT request was sent to features with params {u'geometry': {u'type': u'Point', u'coordinates': [100, 200]}, u'type': u'Feature', u'properties': {u'some_prop': u'history_value', u'good': 33, u'id': 1}, u'id': 9}
INFO 2011-04-20 22:32:37,864 views The Feature 9 was updated successfully
DEBUG 2011-04-20 22:32:38,880 views A DELETE request was sent to features with the params [9]
INFO 2011-04-20 22:32:38,885 views All Features were deleted successfully
DEBUG 2011-04-20 22:32:40,891 views A DELETE request was sent to features with the params [9, 10, 11, 12, 13]
WARNING 2011-04-20 22:32:40,904 views Delete result: Features [9] not found and featured [10, 11, 12, 13] deleted
DEBUG 2011-04-20 22:32:41,922 views GET request to features() from user testuser and with params [(u'time', u'2011-4-20-22-32-34')]
DEBUG 2011-04-20 22:32:41,959 views Returned feature collection {'crs': {'type': 'EPSG', 'properties': {'code': 3067}}, 'type': 'FeatureCollection', 'features': []}
DEBUG 2011-04-20 22:32:41,969 views GET request to features() from user testuser and with params [(u'time', u'2011-4-20-22-32-36')]
DEBUG 2011-04-20 22:32:42,023 views Returned feature collection {'crs': {'type': 'EPSG', 'properties': {'code': 3067}}, 'type': 'FeatureCollection', 'features': [{'geometry': {u'type': u'Point', u'coordinates': [300.0, 200.0]}, 'id': 11, 'properties': {u'some_prop': 40, 'user_id': 48, u'id': 3}}, {'geometry': {u'type': u'Point', u'coordinates': [100.0, 200.0]}, 'id': 9, 'properties': {u'some_prop': u'history_value', 'user_id': 48, u'id': 1}}, {'geometry': {u'type': u'Point', u'coordinates': [200.0, 200.0]}, 'id': 10, 'properties': {u'some_prop': 40, 'user_id': 48, u'id': 2}}, {'geometry': {u'type': u'Point', u'coordinates': [400.0, 200.0]}, 'id': 12, 'properties': {u'some_prop': True, 'user_id': 48, u'id': 4}}, {'geometry': {u'type': u'Point', u'coordinates': [500.0, 200.0]}, 'id': 13, 'properties': {u'some_prop': 42, 'user_id': 48, u'id': 5}}]}
DEBUG 2011-04-20 22:32:42,033 views GET request to features() from user testuser and with params [(u'time', u'2011-4-20-22-32-38')]
DEBUG 2011-04-20 22:32:42,084 views Returned feature collection {'crs': {'type': 'EPSG', 'properties': {'code': 3067}}, 'type': 'FeatureCollection', 'features': [{'geometry': {u'type': u'Point', u'coordinates': [300.0, 200.0]}, 'id': 11, 'properties': {u'some_prop': 40, 'user_id': 48, u'id': 3}}, {'geometry': {u'type': u'Point', u'coordinates': [100.0, 200.0]}, 'id': 9, 'properties': {u'some_prop': u'history_value', u'good': 33, 'user_id': 48, u'id': 1}}, {'geometry': {u'type': u'Point', u'coordinates': [200.0, 200.0]}, 'id': 10, 'properties': {u'some_prop': 40, 'user_id': 48, u'id': 2}}, {'geometry': {u'type': u'Point', u'coordinates': [400.0, 200.0]}, 'id': 12, 'properties': {u'some_prop': True, 'user_id': 48, u'id': 4}}, {'geometry': {u'type': u'Point', u'coordinates': [500.0, 200.0]}, 'id': 13, 'properties': {u'some_prop': 42, 'user_id': 48, u'id': 5}}]}
DEBUG 2011-04-20 22:32:42,095 views GET request to features() from user testuser and with params [(u'time', u'2011-4-20-22-32-39')]
DEBUG 2011-04-20 22:32:42,141 views Returned feature collection {'crs': {'type': 'EPSG', 'properties': {'code': 3067}}, 'type': 'FeatureCollection', 'features': [{'geometry': {u'type': u'Point', u'coordinates': [300.0, 200.0]}, 'id': 11, 'properties': {u'some_prop': 40, 'user_id': 48, u'id': 3}}, {'geometry': {u'type': u'Point', u'coordinates': [200.0, 200.0]}, 'id': 10, 'properties': {u'some_prop': 40, 'user_id': 48, u'id': 2}}, {'geometry': {u'type': u'Point', u'coordinates': [400.0, 200.0]}, 'id': 12, 'properties': {u'some_prop': True, 'user_id': 48, u'id': 4}}, {'geometry': {u'type': u'Point', u'coordinates': [500.0, 200.0]}, 'id': 13, 'properties': {u'some_prop': 42, 'user_id': 48, u'id': 5}}]}
DEBUG 2011-04-20 22:32:42,151 views GET request to features() from user testuser and with params [(u'time', u'2011-4-20-22-32-41')]
DEBUG 2011-04-20 22:32:42,183 views Returned feature collection {'crs': {'type': 'EPSG', 'properties': {'code': 3067}}, 'type': 'FeatureCollection', 'features': []}
DEBUG 2011-04-20 22:32:42,193 views GET request to features() from user testuser and with params [(u'time__now', u'true')]
DEBUG 2011-04-20 22:32:42,225 views Returned feature collection {'crs': {'type': 'EPSG', 'properties': {'code': 3067}}, 'type': 'FeatureCollection', 'features': []}
DEBUG 2011-04-20 22:32:42,235 views GET request to features() from user testuser and with params [(u'time__now', u'false')]
DEBUG 2011-04-20 22:32:42,257 views Returned feature collection {'crs': {'type': 'EPSG', 'properties': {'code': 3067}}, 'type': 'FeatureCollection', 'features': [{'geometry': {u'type': u'Point', u'coordinates': [200.0, 200.0]}, 'id': 10, 'properties': {u'some_prop': 40, 'user_id': 48, u'id': 2}}, {'geometry': {u'type': u'Point', u'coordinates': [300.0, 200.0]}, 'id': 11, 'properties': {u'some_prop': 40, 'user_id': 48, u'id': 3}}, {'geometry': {u'type': u'Point', u'coordinates': [400.0, 200.0]}, 'id': 12, 'properties': {u'some_prop': True, 'user_id': 48, u'id': 4}}, {'geometry': {u'type': u'Point', u'coordinates': [500.0, 200.0]}, 'id': 13, 'properties': {u'some_prop': 42, 'user_id': 48, u'id': 5}}, {'geometry': {u'type': u'Point', u'coordinates': [100.0, 200.0]}, 'id': 9, 'properties': {u'some_prop': u'history_value', 'user_id': 48, u'id': 1}}, {'geometry': {u'type': u'Point', u'coordinates': [100.0, 200.0]}, 'id': 9, 'properties': {u'some_prop': u'history_value', u'good': 33, 'user_id': 48, u'id': 1}}]}
DEBUG 2011-04-20 22:32:42,285 views POST request to features() with params {"type": "FeatureCollection", "features": [{"geometry": {"type": "Point", "coordinates": [200, 200]}, "type": "Feature", "properties": {"some_prop": 39}}, {"geometry": {"type": "Point", "coordinates": [200, 200]}, "type": "Feature", "properties": {"some_prop": 40}}, {"geometry": {"type": "Point", "coordinates": [200, 200]}, "type": "Feature", "properties": {"some_prop": 41}}, {"geometry": {"type": "Point", "coordinates": [200, 200]}, "type": "Feature", "properties": {"some_prop": 42}}, {"geometry": {"type": "Point", "coordinates": [200, 200]}, "type": "Feature", "properties": {"some_prop": 43}}]} 
INFO 2011-04-20 22:32:42,310 views The feature collection was successfuly saved
DEBUG 2011-04-20 22:32:42,323 views GET request to features() from user testuser and with params [(u'some_prop__max', u'30')]
DEBUG 2011-04-20 22:32:42,329 views Returned feature collection {'crs': {'type': 'EPSG', 'properties': {'code': 3067}}, 'type': 'FeatureCollection', 'features': []}
DEBUG 2011-04-20 22:32:42,340 views GET request to features() from user testuser and with params [(u'some_prop__min', u'45')]
DEBUG 2011-04-20 22:32:42,345 views Returned feature collection {'crs': {'type': 'EPSG', 'properties': {'code': 3067}}, 'type': 'FeatureCollection', 'features': []}
DEBUG 2011-04-20 22:32:42,355 views GET request to features() from user testuser and with params [(u'some_prop', u'40')]
DEBUG 2011-04-20 22:32:42,367 views Returned feature collection {'crs': {'type': 'EPSG', 'properties': {'code': 3067}}, 'type': 'FeatureCollection', 'features': [{'geometry': {u'type': u'Point', u'coordinates': [200.0, 200.0]}, 'id': 15, 'properties': {u'some_prop': 40, 'user_id': 50}}]}
DEBUG 2011-04-20 22:32:42,377 views GET request to features() from user testuser and with params [(u'some_prop__min', u'41'), (u'some_prop__max', u'45')]
DEBUG 2011-04-20 22:32:42,396 views Returned feature collection {'crs': {'type': 'EPSG', 'properties': {'code': 3067}}, 'type': 'FeatureCollection', 'features': [{'geometry': {u'type': u'Point', u'coordinates': [200.0, 200.0]}, 'id': 17, 'properties': {u'some_prop': 42, 'user_id': 50}}, {'geometry': {u'type': u'Point', u'coordinates': [200.0, 200.0]}, 'id': 16, 'properties': {u'some_prop': 41, 'user_id': 50}}, {'geometry': {u'type': u'Point', u'coordinates': [200.0, 200.0]}, 'id': 18, 'properties': {u'some_prop': 43, 'user_id': 50}}]}
DEBUG 2011-04-20 22:32:42,421 views POST request to features() with params {"type": "FeatureCollection", "features": [{"geometry": {"type": "Point", "coordinates": [100, 200]}, "type": "Feature", "properties": {"float": 1.3, "stringBoolean": "True", "stringFloat": "1.3", "boolean": true, "stringInt": "1", "id": 1}}]} 
INFO 2011-04-20 22:32:42,433 views The feature collection was successfuly saved
DEBUG 2011-04-20 22:32:42,446 views GET request to features() from user testuser and with params [(u'id', u'19')]
DEBUG 2011-04-20 22:32:42,453 views Returned feature collection {'crs': {'type': 'EPSG', 'properties': {'code': 3067}}, 'type': 'FeatureCollection', 'features': [{'geometry': {u'type': u'Point', u'coordinates': [100.0, 200.0]}, 'id': 19, 'properties': {'user_id': 52, u'float': 1.3, u'stringBoolean': u'True', u'stringFloat': u'1.3', u'boolean': True, u'stringInt': u'1', u'id': 1}}]}
DEBUG 2011-04-20 22:32:42,464 views POST request to features() with params {"type": "FeatureCollection", "features": [{"geometry": {"type": "Point", "coordinates": [200, 200]}, "type": "Feature", "properties": {"some_prop": "value"}}, {"geometry": {"type": "Point", "coordinates": [300, 250]}, "type": "Feature", "properties": {"some_prop": 40}}, {"geometry": {"type": "Point", "coordinates": [100, 300]}, "type": "Feature", "properties": {"some_prop": true}}, {"geometry": {"type": "Point", "coordinates": [100, 300]}, "type": "Feature", "properties": {"some_prop": null}}]} 
WARNING 2011-04-20 22:32:42,464 views There was a POST request to features but the user was not authenticated
