DEBUG 2011-04-20 21:35:04,470 views Email POST request with param 
WARNING 2011-04-20 21:35:04,471 views Email sent POST was empty or none
DEBUG 2011-04-20 21:35:04,501 views Email POST request with param test@aalto.fi
DEBUG 2011-04-20 21:35:04,512 views Email test@aalto.fi has been added successfully for user cristian1000 and the confimation email has been sent
DEBUG 2011-04-20 21:35:04,529 views Email confirmation attempt for test@aalto.fi (cristian1000) with key cfa203485f87876b69a915f94a92d3d74ddf16d9
DEBUG 2011-04-20 21:35:04,536 views Email GET request for user cristian1000 returned test@aalto.fi
DEBUG 2011-04-20 21:35:04,545 views Email was successfully deleted for user cristian1000 
DEBUG 2011-04-20 21:35:04,549 views Email GET request for user cristian1000 returned 
DEBUG 2011-04-20 21:43:45,768 views Email POST request with param 
WARNING 2011-04-20 21:43:45,768 views Email sent POST was empty or none
DEBUG 2011-04-20 21:43:45,800 views Email POST request with param test@aalto.fi
DEBUG 2011-04-20 21:43:45,811 views Email test@aalto.fi has been added successfully for user cristian1000 and the confimation email has been sent
DEBUG 2011-04-20 21:43:45,829 views Email confirmation attempt for test@aalto.fi (cristian1000) with key 804e99ecc989b18fc946c1254587ef9b102b85d7
DEBUG 2011-04-20 21:43:45,835 views Email GET request for user cristian1000 returned test@aalto.fi
DEBUG 2011-04-20 21:43:45,846 views Email was successfully deleted for user cristian1000 
DEBUG 2011-04-20 21:43:45,850 views Email GET request for user cristian1000 returned 
DEBUG 2011-04-20 21:54:54,306 views Email POST request with param 
WARNING 2011-04-20 21:54:54,306 views Email sent POST was empty or none
DEBUG 2011-04-20 21:54:54,339 views Email POST request with param test@aalto.fi
DEBUG 2011-04-20 21:54:54,353 views Email test@aalto.fi has been added successfully for user cristian1000 and the confimation email has been sent
DEBUG 2011-04-20 21:54:54,376 views Email confirmation attempt for test@aalto.fi (cristian1000) with key 3ef84e85b54f17d6d5438a2f9ae02c24dc2d5aa7
DEBUG 2011-04-20 21:54:54,384 views Email GET request for user cristian1000 returned test@aalto.fi
DEBUG 2011-04-20 21:54:54,412 views Email was successfully deleted for user cristian1000 
DEBUG 2011-04-20 21:54:54,417 views Email GET request for user cristian1000 returned 
DEBUG 2011-04-20 22:02:10,283 views Email POST request with param 
WARNING 2011-04-20 22:02:10,283 views Email sent POST was empty or none
DEBUG 2011-04-20 22:02:10,314 views Email POST request with param test@aalto.fi
DEBUG 2011-04-20 22:02:10,323 views Email test@aalto.fi has been added successfully for user cristian1000 and the confimation email has been sent
DEBUG 2011-04-20 22:02:10,340 views Email confirmation attempt for test@aalto.fi (cristian1000) with key 5568b578b3446a4c331ecda8020c850d9d8cee17
DEBUG 2011-04-20 22:02:10,347 views Email GET request for user cristian1000 returned test@aalto.fi
DEBUG 2011-04-20 22:02:10,357 views Email was successfully deleted for user cristian1000 
DEBUG 2011-04-20 22:02:10,361 views Email GET request for user cristian1000 returned 
DEBUG 2011-04-20 22:06:20,293 views Email POST request with param 
WARNING 2011-04-20 22:06:20,293 views Email sent POST was empty or none
DEBUG 2011-04-20 22:06:20,324 views Email POST request with param test@aalto.fi
DEBUG 2011-04-20 22:06:20,334 views Email test@aalto.fi has been added successfully for user cristian1000 and the confimation email has been sent
DEBUG 2011-04-20 22:06:20,351 views Email confirmation attempt for test@aalto.fi (cristian1000) with key 98aa7f3c504de3fca48a0b77668639d0ee8d151f
DEBUG 2011-04-20 22:06:20,357 views Email GET request for user cristian1000 returned test@aalto.fi
DEBUG 2011-04-20 22:06:20,367 views Email was successfully deleted for user cristian1000 
DEBUG 2011-04-20 22:06:20,371 views Email GET request for user cristian1000 returned 
DEBUG 2011-04-20 22:32:46,823 views Email POST request with param 
WARNING 2011-04-20 22:32:46,823 views Email sent POST was empty or none
DEBUG 2011-04-20 22:32:46,853 views Email POST request with param test@aalto.fi
DEBUG 2011-04-20 22:32:46,863 views Email test@aalto.fi has been added successfully for user cristian1000 and the confimation email has been sent
DEBUG 2011-04-20 22:32:46,879 views Email confirmation attempt for test@aalto.fi (cristian1000) with key 1ef2416c8bf7f254fed5dfa4abc8f263a88ebc64
DEBUG 2011-04-20 22:32:46,887 views Email GET request for user cristian1000 returned test@aalto.fi
DEBUG 2011-04-20 22:32:46,896 views Email was successfully deleted for user cristian1000 
DEBUG 2011-04-20 22:32:46,900 views Email GET request for user cristian1000 returned 
