DEBUG 2011-04-20 22:45:12,064 views The client loaded library esri
DEBUG 2011-04-20 22:45:12,065 views softgis_client.esri.js file was concatenated to unique js script
DEBUG 2011-04-20 22:45:12,065 views softgis_user.esri.js file was concatenated to unique js script
DEBUG 2011-04-20 22:45:12,066 views softgis_feature.esri.js file was concatenated to unique js script
DEBUG 2011-04-20 22:45:12,066 views softgis_profile.esri.js file was concatenated to unique js script
DEBUG 2011-04-20 22:45:12,066 views softgis_email.esri.js file was concatenated to unique js script
WARNING 2011-04-20 22:45:12,067 views Javascript client file not found: softgis_client.esri.js
DEBUG 2011-04-20 22:45:14,369 views The client loaded library esri
DEBUG 2011-04-20 22:45:14,369 views softgis_client.esri.js file was concatenated to unique js script
DEBUG 2011-04-20 22:45:14,369 views softgis_user.esri.js file was concatenated to unique js script
DEBUG 2011-04-20 22:45:14,369 views softgis_feature.esri.js file was concatenated to unique js script
DEBUG 2011-04-20 22:45:14,369 views softgis_profile.esri.js file was concatenated to unique js script
DEBUG 2011-04-20 22:45:14,369 views softgis_email.esri.js file was concatenated to unique js script
WARNING 2011-04-20 22:45:14,371 views Javascript client file not found: softgis_client.esri.js
DEBUG 2011-04-20 22:45:21,251 views The client loaded library esri
DEBUG 2011-04-20 22:45:21,251 views softgis_client.esri.js file was concatenated to unique js script
DEBUG 2011-04-20 22:45:21,251 views softgis_user.esri.js file was concatenated to unique js script
DEBUG 2011-04-20 22:45:21,251 views softgis_feature.esri.js file was concatenated to unique js script
DEBUG 2011-04-20 22:45:21,251 views softgis_profile.esri.js file was concatenated to unique js script
DEBUG 2011-04-20 22:45:21,251 views softgis_email.esri.js file was concatenated to unique js script
WARNING 2011-04-20 22:45:21,256 views Javascript client file not found: softgis_client.esri.js
DEBUG 2011-04-20 22:45:22,257 views The client loaded library esri
DEBUG 2011-04-20 22:45:22,258 views softgis_client.esri.js file was concatenated to unique js script
DEBUG 2011-04-20 22:45:22,258 views softgis_user.esri.js file was concatenated to unique js script
DEBUG 2011-04-20 22:45:22,258 views softgis_feature.esri.js file was concatenated to unique js script
DEBUG 2011-04-20 22:45:22,258 views softgis_profile.esri.js file was concatenated to unique js script
DEBUG 2011-04-20 22:45:22,258 views softgis_email.esri.js file was concatenated to unique js script
WARNING 2011-04-20 22:45:22,259 views Javascript client file not found: softgis_client.esri.js
DEBUG 2011-04-20 22:45:48,357 views The client loaded library esri
DEBUG 2011-04-20 22:45:48,357 views softgis_client.esri.js file was concatenated to unique js script
DEBUG 2011-04-20 22:45:48,357 views softgis_user.esri.js file was concatenated to unique js script
DEBUG 2011-04-20 22:45:48,358 views softgis_feature.esri.js file was concatenated to unique js script
DEBUG 2011-04-20 22:45:48,358 views softgis_profile.esri.js file was concatenated to unique js script
DEBUG 2011-04-20 22:45:48,358 views softgis_email.esri.js file was concatenated to unique js script
WARNING 2011-04-20 22:45:48,362 views Javascript client file not found: softgis_client.esri.js
DEBUG 2011-04-20 22:46:28,959 views The client loaded library esri
DEBUG 2011-04-20 22:46:28,959 views softgis_client.esri.js file was concatenated to unique js script
DEBUG 2011-04-20 22:46:28,959 views softgis_user.esri.js file was concatenated to unique js script
DEBUG 2011-04-20 22:46:28,959 views softgis_feature.esri.js file was concatenated to unique js script
DEBUG 2011-04-20 22:46:28,959 views softgis_profile.esri.js file was concatenated to unique js script
DEBUG 2011-04-20 22:46:28,959 views softgis_email.esri.js file was concatenated to unique js script
WARNING 2011-04-20 22:46:28,964 views Javascript client file not found: softgis_client.esri.js
DEBUG 2011-04-20 22:46:29,748 views The client loaded library esri
DEBUG 2011-04-20 22:46:29,748 views softgis_client.esri.js file was concatenated to unique js script
DEBUG 2011-04-20 22:46:29,748 views softgis_user.esri.js file was concatenated to unique js script
DEBUG 2011-04-20 22:46:29,748 views softgis_feature.esri.js file was concatenated to unique js script
DEBUG 2011-04-20 22:46:29,748 views softgis_profile.esri.js file was concatenated to unique js script
DEBUG 2011-04-20 22:46:29,749 views softgis_email.esri.js file was concatenated to unique js script
WARNING 2011-04-20 22:46:29,750 views Javascript client file not found: softgis_client.esri.js
DEBUG 2011-04-20 22:46:56,390 views The client loaded library esri
DEBUG 2011-04-20 22:46:56,390 views softgis_client.esri.js file was concatenated to unique js script
DEBUG 2011-04-20 22:46:56,390 views softgis_user.esri.js file was concatenated to unique js script
DEBUG 2011-04-20 22:46:56,390 views softgis_feature.esri.js file was concatenated to unique js script
DEBUG 2011-04-20 22:46:56,390 views softgis_profile.esri.js file was concatenated to unique js script
DEBUG 2011-04-20 22:46:56,391 views softgis_email.esri.js file was concatenated to unique js script
WARNING 2011-04-20 22:46:56,395 views Javascript client file not found: softgis_client.esri.js
DEBUG 2011-04-20 22:47:34,410 views The client loaded library esri
DEBUG 2011-04-20 22:47:34,410 views softgis_client.esri.js file was concatenated to unique js script
DEBUG 2011-04-20 22:47:34,410 views softgis_user.esri.js file was concatenated to unique js script
DEBUG 2011-04-20 22:47:34,410 views softgis_feature.esri.js file was concatenated to unique js script
DEBUG 2011-04-20 22:47:34,410 views softgis_profile.esri.js file was concatenated to unique js script
DEBUG 2011-04-20 22:47:34,411 views softgis_email.esri.js file was concatenated to unique js script
WARNING 2011-04-20 22:47:34,412 views Javascript client file not found: softgis_client.esri.js
DEBUG 2011-04-20 22:47:48,603 views The client loaded library esri
DEBUG 2011-04-20 22:47:48,603 views softgis_client.esri.js file was concatenated to unique js script
DEBUG 2011-04-20 22:47:48,604 views softgis_user.esri.js file was concatenated to unique js script
DEBUG 2011-04-20 22:47:48,604 views softgis_feature.esri.js file was concatenated to unique js script
DEBUG 2011-04-20 22:47:48,604 views softgis_profile.esri.js file was concatenated to unique js script
DEBUG 2011-04-20 22:47:48,604 views softgis_email.esri.js file was concatenated to unique js script
WARNING 2011-04-20 22:47:48,609 views Javascript client file not found: softgis_client.esri.js
DEBUG 2011-04-20 22:47:49,551 views The client loaded library esri
DEBUG 2011-04-20 22:47:49,551 views softgis_client.esri.js file was concatenated to unique js script
DEBUG 2011-04-20 22:47:49,551 views softgis_user.esri.js file was concatenated to unique js script
DEBUG 2011-04-20 22:47:49,551 views softgis_feature.esri.js file was concatenated to unique js script
DEBUG 2011-04-20 22:47:49,551 views softgis_profile.esri.js file was concatenated to unique js script
DEBUG 2011-04-20 22:47:49,551 views softgis_email.esri.js file was concatenated to unique js script
WARNING 2011-04-20 22:47:49,552 views Javascript client file not found: softgis_client.esri.js
DEBUG 2011-04-20 22:48:21,340 views The client loaded library esri
DEBUG 2011-04-20 22:48:21,340 views softgis_client.esri.js file was concatenated to unique js script
DEBUG 2011-04-20 22:48:21,340 views softgis_user.esri.js file was concatenated to unique js script
DEBUG 2011-04-20 22:48:21,341 views softgis_feature.esri.js file was concatenated to unique js script
DEBUG 2011-04-20 22:48:21,341 views softgis_profile.esri.js file was concatenated to unique js script
DEBUG 2011-04-20 22:48:21,341 views softgis_email.esri.js file was concatenated to unique js script
WARNING 2011-04-20 22:48:21,345 views Javascript client file not found: softgis_client.esri.js
DEBUG 2011-04-20 22:48:22,118 views The client loaded library esri
DEBUG 2011-04-20 22:48:22,118 views softgis_client.esri.js file was concatenated to unique js script
DEBUG 2011-04-20 22:48:22,118 views softgis_user.esri.js file was concatenated to unique js script
DEBUG 2011-04-20 22:48:22,118 views softgis_feature.esri.js file was concatenated to unique js script
DEBUG 2011-04-20 22:48:22,119 views softgis_profile.esri.js file was concatenated to unique js script
DEBUG 2011-04-20 22:48:22,119 views softgis_email.esri.js file was concatenated to unique js script
WARNING 2011-04-20 22:48:22,120 views Javascript client file not found: softgis_client.esri.js
DEBUG 2011-04-20 22:48:22,401 views The client loaded library esri
DEBUG 2011-04-20 22:48:22,401 views softgis_client.esri.js file was concatenated to unique js script
DEBUG 2011-04-20 22:48:22,401 views softgis_user.esri.js file was concatenated to unique js script
DEBUG 2011-04-20 22:48:22,401 views softgis_feature.esri.js file was concatenated to unique js script
DEBUG 2011-04-20 22:48:22,401 views softgis_profile.esri.js file was concatenated to unique js script
DEBUG 2011-04-20 22:48:22,401 views softgis_email.esri.js file was concatenated to unique js script
WARNING 2011-04-20 22:48:22,402 views Javascript client file not found: softgis_client.esri.js
