DEBUG 2011-05-15 11:48:16,681 views Registration and login was successfull for username testuser 
DEBUG 2011-05-15 11:48:16,941 views An POST request was sent to login()
INFO 2011-05-15 11:48:16,943 views Wrong username and password: some / pass 
DEBUG 2011-05-15 11:48:16,944 views An POST request was sent to login()
INFO 2011-05-15 11:48:16,946 views Wrong username and password: some / testpass 
DEBUG 2011-05-15 11:48:16,947 views An POST request was sent to login()
INFO 2011-05-15 11:48:16,958 views Wrong username and password: testuser / pass 
DEBUG 2011-05-15 11:48:16,959 views An POST request was sent to login()
DEBUG 2011-05-15 11:48:17,619 views Registration and login was successfull for username mike 
WARNING 2011-05-15 11:48:17,879 views Register attept without providing an username
WARNING 2011-05-15 11:48:17,880 views Register attept without providing a password
WARNING 2011-05-15 11:48:17,881 views Register attept without providing an username
ERROR 2011-05-15 11:48:17,908 views Username mike provided for register is not unique. Details: User with this Username already exists. 
DEBUG 2011-05-15 11:48:18,657 views GET was called for current session. Session key returned: 6c2ea673601a0725cc9a57a89037d016
DEBUG 2011-05-15 11:48:18,767 views POST was called for session
DEBUG 2011-05-15 11:48:18,988 views Session created. Temp session username {'id__max': 1}
DEBUG 2011-05-15 11:48:19,002 views GET was called for current session. Session key returned: b69a9b54b1af81e38edbbe79daf4f80f
DEBUG 2011-05-15 11:48:19,003 views POST was called for session
WARNING 2011-05-15 11:48:19,029 views POST attempt for session but there is a username {'id__max': 1} already logged in
DEBUG 2011-05-15 11:48:19,030 views GET was called for current session. Session key returned: b69a9b54b1af81e38edbbe79daf4f80f
DEBUG 2011-05-15 11:48:19,031 views Delete session was called
DEBUG 2011-05-15 11:48:19,040 views Temp session username {'id__max': 1} deleted
DEBUG 2011-05-15 11:48:19,218 views GET was called for current session. Session key returned: b69a9b54b1af81e38edbbe79daf4f80f
DEBUG 2011-05-15 11:48:19,219 views POST was called for session
DEBUG 2011-05-15 11:48:19,232 views Session created. Temp session username {'id__max': 1}
DEBUG 2011-05-15 11:49:14,157 views Registration and login was successfull for username cristian1000 
DEBUG 2011-05-15 11:49:14,667 views Registration and login was successfull for username cristian1000 
DEBUG 2011-05-15 16:03:54,054 views Registration and login was successfull for username testuser 
DEBUG 2011-05-15 16:03:54,060 views An POST request was sent to login()
INFO 2011-05-15 16:03:54,061 views Wrong username and password: some / pass 
DEBUG 2011-05-15 16:03:54,062 views An POST request was sent to login()
INFO 2011-05-15 16:03:54,064 views Wrong username and password: some / testpass 
DEBUG 2011-05-15 16:03:54,064 views An POST request was sent to login()
INFO 2011-05-15 16:03:54,066 views Wrong username and password: testuser / pass 
DEBUG 2011-05-15 16:03:54,067 views An POST request was sent to login()
DEBUG 2011-05-15 16:03:54,105 views Registration and login was successfull for username mike 
WARNING 2011-05-15 16:03:54,110 views Register attept without providing an username
WARNING 2011-05-15 16:03:54,111 views Register attept without providing a password
WARNING 2011-05-15 16:03:54,112 views Register attept without providing an username
ERROR 2011-05-15 16:03:54,115 views Username mike provided for register is not unique. Details: User with this Username already exists. 
DEBUG 2011-05-15 16:03:54,142 views GET was called for current session. Session key returned: 48035f2b12fd1d6287b1eb2ba5975004
DEBUG 2011-05-15 16:03:54,142 views POST was called for session
DEBUG 2011-05-15 16:03:54,155 views Session created. Temp session username {'id__max': 1}
DEBUG 2011-05-15 16:03:54,159 views GET was called for current session. Session key returned: 4d8d1fbb3b2a0e644c0d131266e14a18
DEBUG 2011-05-15 16:03:54,160 views POST was called for session
WARNING 2011-05-15 16:03:54,163 views POST attempt for session but there is a username {'id__max': 1} already logged in
DEBUG 2011-05-15 16:03:54,164 views GET was called for current session. Session key returned: 4d8d1fbb3b2a0e644c0d131266e14a18
DEBUG 2011-05-15 16:03:54,165 views Delete session was called
DEBUG 2011-05-15 16:03:54,168 views Temp session username {'id__max': 1} deleted
DEBUG 2011-05-15 16:03:54,193 views GET was called for current session. Session key returned: 4d8d1fbb3b2a0e644c0d131266e14a18
DEBUG 2011-05-15 16:03:54,194 views POST was called for session
DEBUG 2011-05-15 16:03:54,206 views Session created. Temp session username {'id__max': 1}
DEBUG 2011-05-15 16:04:07,063 views Registration and login was successfull for username cristian1000 
DEBUG 2011-05-15 16:04:07,094 views Registration and login was successfull for username cristian1000 
DEBUG 2011-05-15 16:34:30,499 views Registration and login was successfull for username testuser 
DEBUG 2011-05-15 16:34:30,504 views An POST request was sent to login()
INFO 2011-05-15 16:34:30,506 views Wrong username and password: some / pass 
DEBUG 2011-05-15 16:34:30,507 views An POST request was sent to login()
INFO 2011-05-15 16:34:30,508 views Wrong username and password: some / testpass 
DEBUG 2011-05-15 16:34:30,509 views An POST request was sent to login()
INFO 2011-05-15 16:34:30,510 views Wrong username and password: testuser / pass 
DEBUG 2011-05-15 16:34:30,511 views An POST request was sent to login()
DEBUG 2011-05-15 16:34:30,547 views Registration and login was successfull for username mike 
WARNING 2011-05-15 16:34:30,552 views Register attept without providing an username
WARNING 2011-05-15 16:34:30,553 views Register attept without providing a password
WARNING 2011-05-15 16:34:30,554 views Register attept without providing an username
ERROR 2011-05-15 16:34:30,557 views Username mike provided for register is not unique. Details: User with this Username already exists. 
DEBUG 2011-05-15 16:34:30,583 views GET was called for current session. Session key returned: 249efc342074cb7e3f75aaeb6d5c1d76
DEBUG 2011-05-15 16:34:30,585 views POST was called for session
DEBUG 2011-05-15 16:34:30,597 views Session created. Temp session username {'id__max': 1}
DEBUG 2011-05-15 16:34:30,601 views GET was called for current session. Session key returned: 0ab161b5576d1d69185fd6e66e2e4a41
DEBUG 2011-05-15 16:34:30,602 views POST was called for session
WARNING 2011-05-15 16:34:30,605 views POST attempt for session but there is a username {'id__max': 1} already logged in
DEBUG 2011-05-15 16:34:30,606 views GET was called for current session. Session key returned: 0ab161b5576d1d69185fd6e66e2e4a41
DEBUG 2011-05-15 16:34:30,606 views Delete session was called
DEBUG 2011-05-15 16:34:30,609 views Temp session username {'id__max': 1} deleted
DEBUG 2011-05-15 16:34:30,619 views GET was called for current session. Session key returned: 0ab161b5576d1d69185fd6e66e2e4a41
DEBUG 2011-05-15 16:34:30,620 views POST was called for session
DEBUG 2011-05-15 16:34:30,632 views Session created. Temp session username {'id__max': 1}
DEBUG 2011-05-15 16:34:43,368 views Registration and login was successfull for username cristian1000 
DEBUG 2011-05-15 16:34:43,401 views Registration and login was successfull for username cristian1000 
DEBUG 2011-05-15 16:37:30,035 views Registration and login was successfull for username testuser 
DEBUG 2011-05-15 16:37:30,042 views An POST request was sent to login()
INFO 2011-05-15 16:37:30,043 views Wrong username and password: some / pass 
DEBUG 2011-05-15 16:37:30,044 views An POST request was sent to login()
INFO 2011-05-15 16:37:30,046 views Wrong username and password: some / testpass 
DEBUG 2011-05-15 16:37:30,047 views An POST request was sent to login()
INFO 2011-05-15 16:37:30,049 views Wrong username and password: testuser / pass 
DEBUG 2011-05-15 16:37:30,050 views An POST request was sent to login()
DEBUG 2011-05-15 16:37:30,087 views Registration and login was successfull for username mike 
WARNING 2011-05-15 16:37:30,093 views Register attept without providing an username
WARNING 2011-05-15 16:37:30,094 views Register attept without providing a password
WARNING 2011-05-15 16:37:30,095 views Register attept without providing an username
ERROR 2011-05-15 16:37:30,098 views Username mike provided for register is not unique. Details: User with this Username already exists. 
DEBUG 2011-05-15 16:37:30,126 views GET was called for current session. Session key returned: d004624e9b6148b642a6cdbbdcd98954
DEBUG 2011-05-15 16:37:30,127 views POST was called for session
DEBUG 2011-05-15 16:37:30,139 views Session created. Temp session username {'id__max': 1}
DEBUG 2011-05-15 16:37:30,142 views GET was called for current session. Session key returned: c6857901fc6f9cc83bf92ff1a5de699c
DEBUG 2011-05-15 16:37:30,143 views POST was called for session
WARNING 2011-05-15 16:37:30,146 views POST attempt for session but there is a username {'id__max': 1} already logged in
DEBUG 2011-05-15 16:37:30,147 views GET was called for current session. Session key returned: c6857901fc6f9cc83bf92ff1a5de699c
DEBUG 2011-05-15 16:37:30,148 views Delete session was called
DEBUG 2011-05-15 16:37:30,151 views Temp session username {'id__max': 1} deleted
DEBUG 2011-05-15 16:37:30,168 views GET was called for current session. Session key returned: c6857901fc6f9cc83bf92ff1a5de699c
DEBUG 2011-05-15 16:37:30,169 views POST was called for session
DEBUG 2011-05-15 16:37:30,180 views Session created. Temp session username {'id__max': 1}
DEBUG 2011-05-15 16:37:42,610 views Registration and login was successfull for username cristian1000 
DEBUG 2011-05-15 16:37:42,640 views Registration and login was successfull for username cristian1000 
DEBUG 2011-05-15 16:42:22,422 views Registration and login was successfull for username testuser 
DEBUG 2011-05-15 16:42:22,429 views An POST request was sent to login()
INFO 2011-05-15 16:42:22,430 views Wrong username and password: some / pass 
DEBUG 2011-05-15 16:42:22,431 views An POST request was sent to login()
INFO 2011-05-15 16:42:22,433 views Wrong username and password: some / testpass 
DEBUG 2011-05-15 16:42:22,433 views An POST request was sent to login()
INFO 2011-05-15 16:42:22,435 views Wrong username and password: testuser / pass 
DEBUG 2011-05-15 16:42:22,436 views An POST request was sent to login()
DEBUG 2011-05-15 16:42:22,472 views Registration and login was successfull for username mike 
WARNING 2011-05-15 16:42:22,477 views Register attept without providing an username
WARNING 2011-05-15 16:42:22,478 views Register attept without providing a password
WARNING 2011-05-15 16:42:22,479 views Register attept without providing an username
ERROR 2011-05-15 16:42:22,482 views Username mike provided for register is not unique. Details: User with this Username already exists. 
DEBUG 2011-05-15 16:42:22,498 views GET was called for current session. Session key returned: 53116d33be53c5f696ae7ddeda1ddfd9
DEBUG 2011-05-15 16:42:22,499 views POST was called for session
DEBUG 2011-05-15 16:42:22,510 views Session created. Temp session username {'id__max': 1}
DEBUG 2011-05-15 16:42:22,514 views GET was called for current session. Session key returned: 3bbaba8bc382ed72a405b007f37c92dc
DEBUG 2011-05-15 16:42:22,515 views POST was called for session
WARNING 2011-05-15 16:42:22,518 views POST attempt for session but there is a username {'id__max': 1} already logged in
DEBUG 2011-05-15 16:42:22,519 views GET was called for current session. Session key returned: 3bbaba8bc382ed72a405b007f37c92dc
DEBUG 2011-05-15 16:42:22,520 views Delete session was called
DEBUG 2011-05-15 16:42:22,523 views Temp session username {'id__max': 1} deleted
DEBUG 2011-05-15 16:42:22,531 views GET was called for current session. Session key returned: 3bbaba8bc382ed72a405b007f37c92dc
DEBUG 2011-05-15 16:42:22,532 views POST was called for session
DEBUG 2011-05-15 16:42:22,544 views Session created. Temp session username {'id__max': 1}
DEBUG 2011-05-15 16:42:34,959 views Registration and login was successfull for username cristian1000 
DEBUG 2011-05-15 16:42:34,990 views Registration and login was successfull for username cristian1000 
DEBUG 2011-05-15 16:47:27,072 views Registration and login was successfull for username testuser 
DEBUG 2011-05-15 16:47:27,078 views An POST request was sent to login()
INFO 2011-05-15 16:47:27,079 views Wrong username and password: some / pass 
DEBUG 2011-05-15 16:47:27,080 views An POST request was sent to login()
INFO 2011-05-15 16:47:27,081 views Wrong username and password: some / testpass 
DEBUG 2011-05-15 16:47:27,082 views An POST request was sent to login()
INFO 2011-05-15 16:47:27,083 views Wrong username and password: testuser / pass 
DEBUG 2011-05-15 16:47:27,084 views An POST request was sent to login()
DEBUG 2011-05-15 16:47:27,119 views Registration and login was successfull for username mike 
WARNING 2011-05-15 16:47:27,125 views Register attept without providing an username
WARNING 2011-05-15 16:47:27,125 views Register attept without providing a password
WARNING 2011-05-15 16:47:27,126 views Register attept without providing an username
ERROR 2011-05-15 16:47:27,129 views Username mike provided for register is not unique. Details: User with this Username already exists. 
DEBUG 2011-05-15 16:47:27,145 views GET was called for current session. Session key returned: 5dfed817928a83a1bbbab39724218ce3
DEBUG 2011-05-15 16:47:27,146 views POST was called for session
DEBUG 2011-05-15 16:47:27,159 views Session created. Temp session username {'id__max': 1}
DEBUG 2011-05-15 16:47:27,163 views GET was called for current session. Session key returned: e3394af5e1212eab3da1107a003b14e3
DEBUG 2011-05-15 16:47:27,163 views POST was called for session
WARNING 2011-05-15 16:47:27,166 views POST attempt for session but there is a username {'id__max': 1} already logged in
DEBUG 2011-05-15 16:47:27,167 views GET was called for current session. Session key returned: e3394af5e1212eab3da1107a003b14e3
DEBUG 2011-05-15 16:47:27,168 views Delete session was called
DEBUG 2011-05-15 16:47:27,170 views Temp session username {'id__max': 1} deleted
DEBUG 2011-05-15 16:47:27,180 views GET was called for current session. Session key returned: e3394af5e1212eab3da1107a003b14e3
DEBUG 2011-05-15 16:47:27,180 views POST was called for session
DEBUG 2011-05-15 16:47:27,193 views Session created. Temp session username {'id__max': 1}
DEBUG 2011-05-15 16:47:39,584 views Registration and login was successfull for username cristian1000 
DEBUG 2011-05-15 16:47:39,615 views Registration and login was successfull for username cristian1000 
DEBUG 2011-05-15 16:51:51,544 views Registration and login was successfull for username testuser 
DEBUG 2011-05-15 16:51:51,551 views An POST request was sent to login()
INFO 2011-05-15 16:51:51,553 views Wrong username and password: some / pass 
DEBUG 2011-05-15 16:51:51,554 views An POST request was sent to login()
INFO 2011-05-15 16:51:51,555 views Wrong username and password: some / testpass 
DEBUG 2011-05-15 16:51:51,556 views An POST request was sent to login()
INFO 2011-05-15 16:51:51,558 views Wrong username and password: testuser / pass 
DEBUG 2011-05-15 16:51:51,559 views An POST request was sent to login()
DEBUG 2011-05-15 16:51:51,598 views Registration and login was successfull for username mike 
WARNING 2011-05-15 16:51:51,604 views Register attept without providing an username
WARNING 2011-05-15 16:51:51,605 views Register attept without providing a password
WARNING 2011-05-15 16:51:51,606 views Register attept without providing an username
ERROR 2011-05-15 16:51:51,610 views Username mike provided for register is not unique. Details: User with this Username already exists. 
DEBUG 2011-05-15 16:51:51,625 views GET was called for current session. Session key returned: 60101e189cb7f57f77a373542114b949
DEBUG 2011-05-15 16:51:51,626 views POST was called for session
DEBUG 2011-05-15 16:51:51,638 views Session created. Temp session username {'id__max': 1}
DEBUG 2011-05-15 16:51:51,642 views GET was called for current session. Session key returned: a31a5a53f9e01af7bcc58c64fb8947c8
DEBUG 2011-05-15 16:51:51,643 views POST was called for session
WARNING 2011-05-15 16:51:51,646 views POST attempt for session but there is a username {'id__max': 1} already logged in
DEBUG 2011-05-15 16:51:51,647 views GET was called for current session. Session key returned: a31a5a53f9e01af7bcc58c64fb8947c8
DEBUG 2011-05-15 16:51:51,648 views Delete session was called
DEBUG 2011-05-15 16:51:51,651 views Temp session username {'id__max': 1} deleted
DEBUG 2011-05-15 16:51:51,660 views GET was called for current session. Session key returned: a31a5a53f9e01af7bcc58c64fb8947c8
DEBUG 2011-05-15 16:51:51,661 views POST was called for session
DEBUG 2011-05-15 16:51:51,673 views Session created. Temp session username {'id__max': 1}
DEBUG 2011-05-15 16:52:04,082 views Registration and login was successfull for username cristian1000 
DEBUG 2011-05-15 16:52:04,114 views Registration and login was successfull for username cristian1000 
DEBUG 2011-05-15 17:05:56,588 views Registration and login was successfull for username testuser 
DEBUG 2011-05-15 17:05:56,594 views An POST request was sent to login()
INFO 2011-05-15 17:05:56,595 views Wrong username and password: some / pass 
DEBUG 2011-05-15 17:05:56,596 views An POST request was sent to login()
INFO 2011-05-15 17:05:56,600 views Wrong username and password: some / testpass 
DEBUG 2011-05-15 17:05:56,601 views An POST request was sent to login()
INFO 2011-05-15 17:05:56,603 views Wrong username and password: testuser / pass 
DEBUG 2011-05-15 17:05:56,604 views An POST request was sent to login()
DEBUG 2011-05-15 17:05:56,642 views Registration and login was successfull for username mike 
WARNING 2011-05-15 17:05:56,647 views Register attept without providing an username
WARNING 2011-05-15 17:05:56,648 views Register attept without providing a password
WARNING 2011-05-15 17:05:56,649 views Register attept without providing an username
ERROR 2011-05-15 17:05:56,652 views Username mike provided for register is not unique. Details: User with this Username already exists. 
DEBUG 2011-05-15 17:05:56,667 views GET was called for current session. Session key returned: fe0f576f518d7b36f4d7a88c99b14bdf
DEBUG 2011-05-15 17:05:56,669 views POST was called for session
DEBUG 2011-05-15 17:05:56,681 views Session created. Temp session username {'id__max': 1}
DEBUG 2011-05-15 17:05:56,685 views GET was called for current session. Session key returned: b1070f7070319aedbb1d4954dbb56c46
DEBUG 2011-05-15 17:05:56,686 views POST was called for session
WARNING 2011-05-15 17:05:56,689 views POST attempt for session but there is a username {'id__max': 1} already logged in
DEBUG 2011-05-15 17:05:56,689 views GET was called for current session. Session key returned: b1070f7070319aedbb1d4954dbb56c46
DEBUG 2011-05-15 17:05:56,690 views Delete session was called
DEBUG 2011-05-15 17:05:56,693 views Temp session username {'id__max': 1} deleted
DEBUG 2011-05-15 17:05:56,703 views GET was called for current session. Session key returned: b1070f7070319aedbb1d4954dbb56c46
DEBUG 2011-05-15 17:05:56,704 views POST was called for session
DEBUG 2011-05-15 17:05:56,717 views Session created. Temp session username {'id__max': 1}
DEBUG 2011-05-15 17:06:09,132 views Registration and login was successfull for username cristian1000 
DEBUG 2011-05-15 17:06:09,164 views Registration and login was successfull for username cristian1000 
DEBUG 2011-05-15 17:13:09,495 views Registration and login was successfull for username testuser 
DEBUG 2011-05-15 17:13:09,501 views An POST request was sent to login()
INFO 2011-05-15 17:13:09,502 views Wrong username and password: some / pass 
DEBUG 2011-05-15 17:13:09,503 views An POST request was sent to login()
INFO 2011-05-15 17:13:09,508 views Wrong username and password: some / testpass 
DEBUG 2011-05-15 17:13:09,509 views An POST request was sent to login()
INFO 2011-05-15 17:13:09,510 views Wrong username and password: testuser / pass 
DEBUG 2011-05-15 17:13:09,511 views An POST request was sent to login()
DEBUG 2011-05-15 17:13:09,573 views Registration and login was successfull for username mike 
WARNING 2011-05-15 17:13:09,579 views Register attept without providing an username
WARNING 2011-05-15 17:13:09,580 views Register attept without providing a password
WARNING 2011-05-15 17:13:09,581 views Register attept without providing an username
ERROR 2011-05-15 17:13:09,584 views Username mike provided for register is not unique. Details: User with this Username already exists. 
DEBUG 2011-05-15 17:13:09,596 views GET was called for current session. Session key returned: 08be110aa780b404068967b8328b58c4
DEBUG 2011-05-15 17:13:09,598 views POST was called for session
DEBUG 2011-05-15 17:13:09,610 views Session created. Temp session username {'id__max': 1}
DEBUG 2011-05-15 17:13:09,614 views GET was called for current session. Session key returned: 13562e7f2dc550be7ac45960e5ad6e06
DEBUG 2011-05-15 17:13:09,615 views POST was called for session
WARNING 2011-05-15 17:13:09,617 views POST attempt for session but there is a username {'id__max': 1} already logged in
DEBUG 2011-05-15 17:13:09,618 views GET was called for current session. Session key returned: 13562e7f2dc550be7ac45960e5ad6e06
DEBUG 2011-05-15 17:13:09,619 views Delete session was called
DEBUG 2011-05-15 17:13:09,622 views Temp session username {'id__max': 1} deleted
DEBUG 2011-05-15 17:13:09,631 views GET was called for current session. Session key returned: 13562e7f2dc550be7ac45960e5ad6e06
DEBUG 2011-05-15 17:13:09,632 views POST was called for session
DEBUG 2011-05-15 17:13:09,644 views Session created. Temp session username {'id__max': 1}
DEBUG 2011-05-15 17:13:22,054 views Registration and login was successfull for username cristian1000 
DEBUG 2011-05-15 17:13:22,087 views Registration and login was successfull for username cristian1000 
DEBUG 2011-05-15 17:18:53,472 views Registration and login was successfull for username testuser 
DEBUG 2011-05-15 17:18:53,477 views An POST request was sent to login()
INFO 2011-05-15 17:18:53,479 views Wrong username and password: some / pass 
DEBUG 2011-05-15 17:18:53,480 views An POST request was sent to login()
INFO 2011-05-15 17:18:53,482 views Wrong username and password: some / testpass 
DEBUG 2011-05-15 17:18:53,482 views An POST request was sent to login()
INFO 2011-05-15 17:18:53,488 views Wrong username and password: testuser / pass 
DEBUG 2011-05-15 17:18:53,489 views An POST request was sent to login()
DEBUG 2011-05-15 17:18:53,524 views Registration and login was successfull for username mike 
WARNING 2011-05-15 17:18:53,530 views Register attept without providing an username
WARNING 2011-05-15 17:18:53,531 views Register attept without providing a password
WARNING 2011-05-15 17:18:53,532 views Register attept without providing an username
ERROR 2011-05-15 17:18:53,535 views Username mike provided for register is not unique. Details: User with this Username already exists. 
DEBUG 2011-05-15 17:18:53,551 views GET was called for current session. Session key returned: d389676f62a88511b1087397dfae050a
DEBUG 2011-05-15 17:18:53,552 views POST was called for session
DEBUG 2011-05-15 17:18:53,563 views Session created. Temp session username {'id__max': 1}
DEBUG 2011-05-15 17:18:53,566 views GET was called for current session. Session key returned: a8e916a86bb74431ac1b6ab81a5df5bb
DEBUG 2011-05-15 17:18:53,567 views POST was called for session
WARNING 2011-05-15 17:18:53,570 views POST attempt for session but there is a username {'id__max': 1} already logged in
DEBUG 2011-05-15 17:18:53,571 views GET was called for current session. Session key returned: a8e916a86bb74431ac1b6ab81a5df5bb
DEBUG 2011-05-15 17:18:53,572 views Delete session was called
DEBUG 2011-05-15 17:18:53,574 views Temp session username {'id__max': 1} deleted
DEBUG 2011-05-15 17:18:53,584 views GET was called for current session. Session key returned: a8e916a86bb74431ac1b6ab81a5df5bb
DEBUG 2011-05-15 17:18:53,584 views POST was called for session
DEBUG 2011-05-15 17:18:53,596 views Session created. Temp session username {'id__max': 1}
DEBUG 2011-05-15 17:19:06,026 views Registration and login was successfull for username cristian1000 
DEBUG 2011-05-15 17:19:06,058 views Registration and login was successfull for username cristian1000 
DEBUG 2011-05-15 17:21:54,125 views Registration and login was successfull for username testuser 
DEBUG 2011-05-15 17:21:54,131 views An POST request was sent to login()
INFO 2011-05-15 17:21:54,133 views Wrong username and password: some / pass 
DEBUG 2011-05-15 17:21:54,134 views An POST request was sent to login()
INFO 2011-05-15 17:21:54,135 views Wrong username and password: some / testpass 
DEBUG 2011-05-15 17:21:54,136 views An POST request was sent to login()
INFO 2011-05-15 17:21:54,141 views Wrong username and password: testuser / pass 
DEBUG 2011-05-15 17:21:54,142 views An POST request was sent to login()
DEBUG 2011-05-15 17:21:54,180 views Registration and login was successfull for username mike 
WARNING 2011-05-15 17:21:54,186 views Register attept without providing an username
WARNING 2011-05-15 17:21:54,187 views Register attept without providing a password
WARNING 2011-05-15 17:21:54,188 views Register attept without providing an username
ERROR 2011-05-15 17:21:54,192 views Username mike provided for register is not unique. Details: User with this Username already exists. 
DEBUG 2011-05-15 17:21:54,208 views GET was called for current session. Session key returned: dfad1e1d8d15e08ca75c78d0f5d106eb
DEBUG 2011-05-15 17:21:54,209 views POST was called for session
DEBUG 2011-05-15 17:21:54,222 views Session created. Temp session username {'id__max': 1}
DEBUG 2011-05-15 17:21:54,225 views GET was called for current session. Session key returned: b81034070299ec0f412237fc674cbb58
DEBUG 2011-05-15 17:21:54,226 views POST was called for session
WARNING 2011-05-15 17:21:54,229 views POST attempt for session but there is a username {'id__max': 1} already logged in
DEBUG 2011-05-15 17:21:54,230 views GET was called for current session. Session key returned: b81034070299ec0f412237fc674cbb58
DEBUG 2011-05-15 17:21:54,231 views Delete session was called
DEBUG 2011-05-15 17:21:54,233 views Temp session username {'id__max': 1} deleted
DEBUG 2011-05-15 17:21:54,242 views GET was called for current session. Session key returned: b81034070299ec0f412237fc674cbb58
DEBUG 2011-05-15 17:21:54,243 views POST was called for session
DEBUG 2011-05-15 17:21:54,254 views Session created. Temp session username {'id__max': 1}
DEBUG 2011-05-15 17:22:06,704 views Registration and login was successfull for username cristian1000 
DEBUG 2011-05-15 17:22:06,735 views Registration and login was successfull for username cristian1000 
DEBUG 2011-05-15 17:33:16,199 views Registration and login was successfull for username testuser 
DEBUG 2011-05-15 17:33:16,205 views An POST request was sent to login()
INFO 2011-05-15 17:33:16,206 views Wrong username and password: some / pass 
DEBUG 2011-05-15 17:33:16,207 views An POST request was sent to login()
INFO 2011-05-15 17:33:16,211 views Wrong username and password: some / testpass 
DEBUG 2011-05-15 17:33:16,212 views An POST request was sent to login()
INFO 2011-05-15 17:33:16,214 views Wrong username and password: testuser / pass 
DEBUG 2011-05-15 17:33:16,215 views An POST request was sent to login()
DEBUG 2011-05-15 17:33:16,254 views Registration and login was successfull for username mike 
WARNING 2011-05-15 17:33:16,260 views Register attept without providing an username
WARNING 2011-05-15 17:33:16,261 views Register attept without providing a password
WARNING 2011-05-15 17:33:16,262 views Register attept without providing an username
ERROR 2011-05-15 17:33:16,265 views Username mike provided for register is not unique. Details: User with this Username already exists. 
DEBUG 2011-05-15 17:33:16,281 views GET was called for current session. Session key returned: fec8f7fb531c0d5fda0ad394a295ace5
DEBUG 2011-05-15 17:33:16,282 views POST was called for session
DEBUG 2011-05-15 17:33:16,294 views Session created. Temp session username {'id__max': 1}
DEBUG 2011-05-15 17:33:16,298 views GET was called for current session. Session key returned: 2658c212b85a6e502947d20e3542913e
DEBUG 2011-05-15 17:33:16,299 views POST was called for session
WARNING 2011-05-15 17:33:16,301 views POST attempt for session but there is a username {'id__max': 1} already logged in
DEBUG 2011-05-15 17:33:16,302 views GET was called for current session. Session key returned: 2658c212b85a6e502947d20e3542913e
DEBUG 2011-05-15 17:33:16,303 views Delete session was called
DEBUG 2011-05-15 17:33:16,306 views Temp session username {'id__max': 1} deleted
DEBUG 2011-05-15 17:33:16,315 views GET was called for current session. Session key returned: 2658c212b85a6e502947d20e3542913e
DEBUG 2011-05-15 17:33:16,315 views POST was called for session
DEBUG 2011-05-15 17:33:16,327 views Session created. Temp session username {'id__max': 1}
DEBUG 2011-05-15 17:33:28,741 views Registration and login was successfull for username cristian1000 
DEBUG 2011-05-15 17:33:28,774 views Registration and login was successfull for username cristian1000 
DEBUG 2011-05-15 17:38:47,738 views Registration and login was successfull for username testuser 
DEBUG 2011-05-15 17:38:47,744 views An POST request was sent to login()
INFO 2011-05-15 17:38:47,745 views Wrong username and password: some / pass 
DEBUG 2011-05-15 17:38:47,746 views An POST request was sent to login()
INFO 2011-05-15 17:38:47,750 views Wrong username and password: some / testpass 
DEBUG 2011-05-15 17:38:47,751 views An POST request was sent to login()
INFO 2011-05-15 17:38:47,752 views Wrong username and password: testuser / pass 
DEBUG 2011-05-15 17:38:47,753 views An POST request was sent to login()
DEBUG 2011-05-15 17:38:47,789 views Registration and login was successfull for username mike 
WARNING 2011-05-15 17:38:47,795 views Register attept without providing an username
WARNING 2011-05-15 17:38:47,796 views Register attept without providing a password
WARNING 2011-05-15 17:38:47,797 views Register attept without providing an username
ERROR 2011-05-15 17:38:47,799 views Username mike provided for register is not unique. Details: User with this Username already exists. 
DEBUG 2011-05-15 17:38:47,815 views GET was called for current session. Session key returned: 0f98fb6bbb6b58a2b4f5ea4fa0518878
DEBUG 2011-05-15 17:38:47,816 views POST was called for session
DEBUG 2011-05-15 17:38:47,827 views Session created. Temp session username {'id__max': 1}
DEBUG 2011-05-15 17:38:47,831 views GET was called for current session. Session key returned: f7e4e093326e672dd840e8eaf5311aac
DEBUG 2011-05-15 17:38:47,832 views POST was called for session
WARNING 2011-05-15 17:38:47,835 views POST attempt for session but there is a username {'id__max': 1} already logged in
DEBUG 2011-05-15 17:38:47,836 views GET was called for current session. Session key returned: f7e4e093326e672dd840e8eaf5311aac
DEBUG 2011-05-15 17:38:47,837 views Delete session was called
DEBUG 2011-05-15 17:38:47,840 views Temp session username {'id__max': 1} deleted
DEBUG 2011-05-15 17:38:47,848 views GET was called for current session. Session key returned: f7e4e093326e672dd840e8eaf5311aac
DEBUG 2011-05-15 17:38:47,849 views POST was called for session
DEBUG 2011-05-15 17:38:47,861 views Session created. Temp session username {'id__max': 1}
DEBUG 2011-05-15 17:39:00,242 views Registration and login was successfull for username cristian1000 
DEBUG 2011-05-15 17:39:00,273 views Registration and login was successfull for username cristian1000 
DEBUG 2011-05-15 17:40:19,539 views Registration and login was successfull for username testuser 
DEBUG 2011-05-15 17:40:19,545 views An POST request was sent to login()
INFO 2011-05-15 17:40:19,547 views Wrong username and password: some / pass 
DEBUG 2011-05-15 17:40:19,548 views An POST request was sent to login()
INFO 2011-05-15 17:40:19,553 views Wrong username and password: some / testpass 
DEBUG 2011-05-15 17:40:19,553 views An POST request was sent to login()
INFO 2011-05-15 17:40:19,555 views Wrong username and password: testuser / pass 
DEBUG 2011-05-15 17:40:19,556 views An POST request was sent to login()
DEBUG 2011-05-15 17:40:19,596 views Registration and login was successfull for username mike 
WARNING 2011-05-15 17:40:19,602 views Register attept without providing an username
WARNING 2011-05-15 17:40:19,603 views Register attept without providing a password
WARNING 2011-05-15 17:40:19,604 views Register attept without providing an username
ERROR 2011-05-15 17:40:19,607 views Username mike provided for register is not unique. Details: User with this Username already exists. 
DEBUG 2011-05-15 17:40:19,623 views GET was called for current session. Session key returned: 8b0daa1fb200b65c37f491cbbf1bd1e3
DEBUG 2011-05-15 17:40:19,624 views POST was called for session
DEBUG 2011-05-15 17:40:19,636 views Session created. Temp session username {'id__max': 1}
DEBUG 2011-05-15 17:40:19,640 views GET was called for current session. Session key returned: 8d2f5c67cde603a902063f8ba5f47a10
DEBUG 2011-05-15 17:40:19,641 views POST was called for session
WARNING 2011-05-15 17:40:19,644 views POST attempt for session but there is a username {'id__max': 1} already logged in
DEBUG 2011-05-15 17:40:19,645 views GET was called for current session. Session key returned: 8d2f5c67cde603a902063f8ba5f47a10
DEBUG 2011-05-15 17:40:19,646 views Delete session was called
DEBUG 2011-05-15 17:40:19,649 views Temp session username {'id__max': 1} deleted
DEBUG 2011-05-15 17:40:19,658 views GET was called for current session. Session key returned: 8d2f5c67cde603a902063f8ba5f47a10
DEBUG 2011-05-15 17:40:19,659 views POST was called for session
DEBUG 2011-05-15 17:40:19,671 views Session created. Temp session username {'id__max': 1}
DEBUG 2011-05-15 17:40:32,060 views Registration and login was successfull for username cristian1000 
DEBUG 2011-05-15 17:40:32,093 views Registration and login was successfull for username cristian1000 
DEBUG 2011-05-15 17:44:08,931 views Registration and login was successfull for username testuser 
DEBUG 2011-05-15 17:44:08,939 views An POST request was sent to login()
INFO 2011-05-15 17:44:08,941 views Wrong username and password: some / pass 
DEBUG 2011-05-15 17:44:08,941 views An POST request was sent to login()
INFO 2011-05-15 17:44:08,943 views Wrong username and password: some / testpass 
DEBUG 2011-05-15 17:44:08,944 views An POST request was sent to login()
INFO 2011-05-15 17:44:08,945 views Wrong username and password: testuser / pass 
DEBUG 2011-05-15 17:44:08,946 views An POST request was sent to login()
DEBUG 2011-05-15 17:44:08,983 views Registration and login was successfull for username mike 
WARNING 2011-05-15 17:44:08,988 views Register attept without providing an username
WARNING 2011-05-15 17:44:08,989 views Register attept without providing a password
WARNING 2011-05-15 17:44:08,991 views Register attept without providing an username
ERROR 2011-05-15 17:44:08,994 views Username mike provided for register is not unique. Details: User with this Username already exists. 
DEBUG 2011-05-15 17:44:09,009 views GET was called for current session. Session key returned: 79cd5257db3d8ba9ec51a872fa5c4b6f
DEBUG 2011-05-15 17:44:09,010 views POST was called for session
DEBUG 2011-05-15 17:44:09,021 views Session created. Temp session username {'id__max': 1}
DEBUG 2011-05-15 17:44:09,025 views GET was called for current session. Session key returned: a9381c51f5608cfa2c03db952ea9400a
DEBUG 2011-05-15 17:44:09,026 views POST was called for session
WARNING 2011-05-15 17:44:09,029 views POST attempt for session but there is a username {'id__max': 1} already logged in
DEBUG 2011-05-15 17:44:09,030 views GET was called for current session. Session key returned: a9381c51f5608cfa2c03db952ea9400a
DEBUG 2011-05-15 17:44:09,031 views Delete session was called
DEBUG 2011-05-15 17:44:09,034 views Temp session username {'id__max': 1} deleted
DEBUG 2011-05-15 17:44:09,043 views GET was called for current session. Session key returned: a9381c51f5608cfa2c03db952ea9400a
DEBUG 2011-05-15 17:44:09,043 views POST was called for session
DEBUG 2011-05-15 17:44:09,055 views Session created. Temp session username {'id__max': 1}
DEBUG 2011-05-15 17:44:21,429 views Registration and login was successfull for username cristian1000 
DEBUG 2011-05-15 17:44:21,460 views Registration and login was successfull for username cristian1000 
DEBUG 2011-05-16 11:33:50,015 views GET was called for current session. Session key returned: 9663cdc49957640ebb2b1a5602ec095f
