INFO 2011-05-15 11:49:05,677 views The user profilehistory does not have a profile
INFO 2011-05-15 11:49:06,140 views The profile {u'gender': u'M', u'age': 30, u'happy': True} for user profilehistory was saved successfully
INFO 2011-05-15 11:49:09,858 views The GET request for user profilehistory with the params [(u'time', u'2011-5-15-11-49-4')] returned successfully []
INFO 2011-05-15 11:49:09,938 views The GET request for user profilehistory with the params [(u'time', u'2011-5-15-11-49-7')] returned successfully [{'user_id': 20, u'gender': u'M', u'age': 30, 'create_time': '2011-5-15-11-49-5', 'expire_time': '2011-5-15-11-49-8', u'happy': True}]
INFO 2011-05-15 11:49:09,952 views The GET request for user profilehistory with the params [(u'time', u'2011-5-15-11-49-9')] returned successfully [{'user_id': 20, u'gender': u'F', u'age': 35, 'create_time': '2011-5-15-11-49-8', 'expire_time': None, u'happy': False}]
INFO 2011-05-15 11:49:09,966 views The GET request for user profilehistory with the params [(u'time__now', u'true')] returned successfully [{'user_id': 20, u'gender': u'F', u'age': 35, 'create_time': '2011-5-15-11-49-8', 'expire_time': None, u'happy': False}]
INFO 2011-05-15 11:49:09,978 views The GET request for user profilehistory with the params [(u'time__now', u'false')] returned successfully [{'user_id': 20, u'gender': u'M', u'age': 30, 'create_time': '2011-5-15-11-49-5', 'expire_time': '2011-5-15-11-49-8', u'happy': True}, {'user_id': 20, u'gender': u'F', u'age': 35, 'create_time': '2011-5-15-11-49-8', 'expire_time': None, u'happy': False}]
INFO 2011-05-15 11:49:11,122 views The user profilemongo does not have a profile
INFO 2011-05-15 11:49:11,286 views The profile {u'gender': u'M', u'age': 30, u'happy': True} for user profilemongo was saved successfully
INFO 2011-05-15 11:49:11,371 views The GET request for user profilemongo with the params [(u'age__max', u'29')] returned successfully []
INFO 2011-05-15 11:49:11,554 views The GET request for user profilemongo with the params [(u'age__min', u'45')] returned successfully []
INFO 2011-05-15 11:49:11,612 views The GET request for user profilemongo with the params [(u'age', u'30')] returned successfully [{'user_id': 22, u'gender': u'M', u'age': 30, 'create_time': '2011-5-15-11-49-11', 'expire_time': None, u'happy': True}]
INFO 2011-05-15 11:49:11,637 views The GET request for user profilemongo with the params [(u'age__min', u'29'), (u'age__max', u'31')] returned successfully [{'user_id': 22, u'gender': u'M', u'age': 30, 'create_time': '2011-5-15-11-49-11', 'expire_time': None, u'happy': True}]
INFO 2011-05-15 11:49:11,656 views The GET request for user profilemongo with the params [(u'gender', u'M')] returned successfully [{'user_id': 22, u'gender': u'M', u'age': 30, 'create_time': '2011-5-15-11-49-11', 'expire_time': None, u'happy': True}]
INFO 2011-05-15 11:49:11,676 views The GET request for user profilemongo with the params [(u'happy', u'true')] returned successfully [{'user_id': 22, u'gender': u'M', u'age': 30, 'create_time': '2011-5-15-11-49-11', 'expire_time': None, u'happy': True}]
INFO 2011-05-15 11:49:12,418 views The user profiletestuser does not have a profile
INFO 2011-05-15 11:49:12,895 views The profile {u'age': 30} for user profiletestuser was saved successfully
INFO 2011-05-15 11:49:13,767 views The GET request for user profiletestuser with the params [] returned successfully [{'expire_time': None, u'age': 30, 'create_time': '2011-5-15-11-49-12', 'user_id': 24}]
INFO 2011-05-15 16:04:03,698 views The user profilehistory does not have a profile
INFO 2011-05-15 16:04:03,745 views The profile {u'gender': u'M', u'age': 30, u'happy': True} for user profilehistory was saved successfully
INFO 2011-05-15 16:04:06,776 views The GET request for user profilehistory with the params [(u'time', u'2011-5-15-16-4-2')] returned successfully []
INFO 2011-05-15 16:04:06,791 views The GET request for user profilehistory with the params [(u'time', u'2011-5-15-16-4-4')] returned successfully [{'user_id': 20, u'gender': u'M', u'age': 30, 'create_time': '2011-5-15-16-4-3', 'expire_time': '2011-5-15-16-4-5', u'happy': True}]
INFO 2011-05-15 16:04:06,805 views The GET request for user profilehistory with the params [(u'time', u'2011-5-15-16-4-6')] returned successfully [{'user_id': 20, u'gender': u'F', u'age': 35, 'create_time': '2011-5-15-16-4-5', 'expire_time': None, u'happy': False}]
INFO 2011-05-15 16:04:06,819 views The GET request for user profilehistory with the params [(u'time__now', u'true')] returned successfully [{'user_id': 20, u'gender': u'F', u'age': 35, 'create_time': '2011-5-15-16-4-5', 'expire_time': None, u'happy': False}]
INFO 2011-05-15 16:04:06,831 views The GET request for user profilehistory with the params [(u'time__now', u'false')] returned successfully [{'user_id': 20, u'gender': u'M', u'age': 30, 'create_time': '2011-5-15-16-4-3', 'expire_time': '2011-5-15-16-4-5', u'happy': True}, {'user_id': 20, u'gender': u'F', u'age': 35, 'create_time': '2011-5-15-16-4-5', 'expire_time': None, u'happy': False}]
INFO 2011-05-15 16:04:06,870 views The user profilemongo does not have a profile
INFO 2011-05-15 16:04:06,873 views The profile {u'gender': u'M', u'age': 30, u'happy': True} for user profilemongo was saved successfully
INFO 2011-05-15 16:04:06,910 views The GET request for user profilemongo with the params [(u'age__max', u'29')] returned successfully []
INFO 2011-05-15 16:04:06,923 views The GET request for user profilemongo with the params [(u'age__min', u'45')] returned successfully []
INFO 2011-05-15 16:04:06,939 views The GET request for user profilemongo with the params [(u'age', u'30')] returned successfully [{'user_id': 22, u'gender': u'M', u'age': 30, 'create_time': '2011-5-15-16-4-6', 'expire_time': None, u'happy': True}]
INFO 2011-05-15 16:04:06,954 views The GET request for user profilemongo with the params [(u'age__min', u'29'), (u'age__max', u'31')] returned successfully [{'user_id': 22, u'gender': u'M', u'age': 30, 'create_time': '2011-5-15-16-4-6', 'expire_time': None, u'happy': True}]
INFO 2011-05-15 16:04:06,970 views The GET request for user profilemongo with the params [(u'gender', u'M')] returned successfully [{'user_id': 22, u'gender': u'M', u'age': 30, 'create_time': '2011-5-15-16-4-6', 'expire_time': None, u'happy': True}]
INFO 2011-05-15 16:04:06,985 views The GET request for user profilemongo with the params [(u'happy', u'true')] returned successfully [{'user_id': 22, u'gender': u'M', u'age': 30, 'create_time': '2011-5-15-16-4-6', 'expire_time': None, u'happy': True}]
INFO 2011-05-15 16:04:07,021 views The user profiletestuser does not have a profile
INFO 2011-05-15 16:04:07,023 views The profile {u'age': 30} for user profiletestuser was saved successfully
INFO 2011-05-15 16:04:07,036 views The GET request for user profiletestuser with the params [] returned successfully [{'expire_time': None, u'age': 30, 'create_time': '2011-5-15-16-4-7', 'user_id': 24}]
INFO 2011-05-15 16:34:40,031 views The user profilehistory does not have a profile
INFO 2011-05-15 16:34:40,034 views The profile {u'gender': u'M', u'age': 30, u'happy': True} for user profilehistory was saved successfully
INFO 2011-05-15 16:34:43,064 views The GET request for user profilehistory with the params [(u'time', u'2011-5-15-16-34-39')] returned successfully []
INFO 2011-05-15 16:34:43,077 views The GET request for user profilehistory with the params [(u'time', u'2011-5-15-16-34-41')] returned successfully [{'user_id': 20, u'gender': u'M', u'age': 30, 'create_time': '2011-5-15-16-34-40', 'expire_time': '2011-5-15-16-34-42', u'happy': True}]
INFO 2011-05-15 16:34:43,091 views The GET request for user profilehistory with the params [(u'time', u'2011-5-15-16-34-43')] returned successfully [{'user_id': 20, u'gender': u'F', u'age': 35, 'create_time': '2011-5-15-16-34-42', 'expire_time': None, u'happy': False}]
INFO 2011-05-15 16:34:43,105 views The GET request for user profilehistory with the params [(u'time__now', u'true')] returned successfully [{'user_id': 20, u'gender': u'F', u'age': 35, 'create_time': '2011-5-15-16-34-42', 'expire_time': None, u'happy': False}]
INFO 2011-05-15 16:34:43,118 views The GET request for user profilehistory with the params [(u'time__now', u'false')] returned successfully [{'user_id': 20, u'gender': u'M', u'age': 30, 'create_time': '2011-5-15-16-34-40', 'expire_time': '2011-5-15-16-34-42', u'happy': True}, {'user_id': 20, u'gender': u'F', u'age': 35, 'create_time': '2011-5-15-16-34-42', 'expire_time': None, u'happy': False}]
INFO 2011-05-15 16:34:43,160 views The user profilemongo does not have a profile
INFO 2011-05-15 16:34:43,163 views The profile {u'gender': u'M', u'age': 30, u'happy': True} for user profilemongo was saved successfully
INFO 2011-05-15 16:34:43,218 views The GET request for user profilemongo with the params [(u'age__max', u'29')] returned successfully []
INFO 2011-05-15 16:34:43,231 views The GET request for user profilemongo with the params [(u'age__min', u'45')] returned successfully []
INFO 2011-05-15 16:34:43,246 views The GET request for user profilemongo with the params [(u'age', u'30')] returned successfully [{'user_id': 22, u'gender': u'M', u'age': 30, 'create_time': '2011-5-15-16-34-43', 'expire_time': None, u'happy': True}]
INFO 2011-05-15 16:34:43,261 views The GET request for user profilemongo with the params [(u'age__min', u'29'), (u'age__max', u'31')] returned successfully [{'user_id': 22, u'gender': u'M', u'age': 30, 'create_time': '2011-5-15-16-34-43', 'expire_time': None, u'happy': True}]
INFO 2011-05-15 16:34:43,275 views The GET request for user profilemongo with the params [(u'gender', u'M')] returned successfully [{'user_id': 22, u'gender': u'M', u'age': 30, 'create_time': '2011-5-15-16-34-43', 'expire_time': None, u'happy': True}]
INFO 2011-05-15 16:34:43,289 views The GET request for user profilemongo with the params [(u'happy', u'true')] returned successfully [{'user_id': 22, u'gender': u'M', u'age': 30, 'create_time': '2011-5-15-16-34-43', 'expire_time': None, u'happy': True}]
INFO 2011-05-15 16:34:43,328 views The user profiletestuser does not have a profile
INFO 2011-05-15 16:34:43,330 views The profile {u'age': 30} for user profiletestuser was saved successfully
INFO 2011-05-15 16:34:43,342 views The GET request for user profiletestuser with the params [] returned successfully [{'expire_time': None, u'age': 30, 'create_time': '2011-5-15-16-34-43', 'user_id': 24}]
INFO 2011-05-15 16:37:39,305 views The user profilehistory does not have a profile
INFO 2011-05-15 16:37:39,308 views The profile {u'gender': u'M', u'age': 30, u'happy': True} for user profilehistory was saved successfully
INFO 2011-05-15 16:37:42,342 views The GET request for user profilehistory with the params [(u'time', u'2011-5-15-16-37-38')] returned successfully []
INFO 2011-05-15 16:37:42,356 views The GET request for user profilehistory with the params [(u'time', u'2011-5-15-16-37-40')] returned successfully [{'user_id': 20, u'gender': u'M', u'age': 30, 'create_time': '2011-5-15-16-37-39', 'expire_time': '2011-5-15-16-37-41', u'happy': True}]
INFO 2011-05-15 16:37:42,370 views The GET request for user profilehistory with the params [(u'time', u'2011-5-15-16-37-42')] returned successfully [{'user_id': 20, u'gender': u'F', u'age': 35, 'create_time': '2011-5-15-16-37-41', 'expire_time': None, u'happy': False}]
INFO 2011-05-15 16:37:42,384 views The GET request for user profilehistory with the params [(u'time__now', u'true')] returned successfully [{'user_id': 20, u'gender': u'F', u'age': 35, 'create_time': '2011-5-15-16-37-41', 'expire_time': None, u'happy': False}]
INFO 2011-05-15 16:37:42,396 views The GET request for user profilehistory with the params [(u'time__now', u'false')] returned successfully [{'user_id': 20, u'gender': u'M', u'age': 30, 'create_time': '2011-5-15-16-37-39', 'expire_time': '2011-5-15-16-37-41', u'happy': True}, {'user_id': 20, u'gender': u'F', u'age': 35, 'create_time': '2011-5-15-16-37-41', 'expire_time': None, u'happy': False}]
INFO 2011-05-15 16:37:42,438 views The user profilemongo does not have a profile
INFO 2011-05-15 16:37:42,442 views The profile {u'gender': u'M', u'age': 30, u'happy': True} for user profilemongo was saved successfully
INFO 2011-05-15 16:37:42,458 views The GET request for user profilemongo with the params [(u'age__max', u'29')] returned successfully []
INFO 2011-05-15 16:37:42,471 views The GET request for user profilemongo with the params [(u'age__min', u'45')] returned successfully []
INFO 2011-05-15 16:37:42,486 views The GET request for user profilemongo with the params [(u'age', u'30')] returned successfully [{'user_id': 22, u'gender': u'M', u'age': 30, 'create_time': '2011-5-15-16-37-42', 'expire_time': None, u'happy': True}]
INFO 2011-05-15 16:37:42,501 views The GET request for user profilemongo with the params [(u'age__min', u'29'), (u'age__max', u'31')] returned successfully [{'user_id': 22, u'gender': u'M', u'age': 30, 'create_time': '2011-5-15-16-37-42', 'expire_time': None, u'happy': True}]
INFO 2011-05-15 16:37:42,517 views The GET request for user profilemongo with the params [(u'gender', u'M')] returned successfully [{'user_id': 22, u'gender': u'M', u'age': 30, 'create_time': '2011-5-15-16-37-42', 'expire_time': None, u'happy': True}]
INFO 2011-05-15 16:37:42,531 views The GET request for user profilemongo with the params [(u'happy', u'true')] returned successfully [{'user_id': 22, u'gender': u'M', u'age': 30, 'create_time': '2011-5-15-16-37-42', 'expire_time': None, u'happy': True}]
INFO 2011-05-15 16:37:42,570 views The user profiletestuser does not have a profile
INFO 2011-05-15 16:37:42,573 views The profile {u'age': 30} for user profiletestuser was saved successfully
INFO 2011-05-15 16:37:42,585 views The GET request for user profiletestuser with the params [] returned successfully [{'expire_time': None, u'age': 30, 'create_time': '2011-5-15-16-37-42', 'user_id': 24}]
INFO 2011-05-15 16:42:31,658 views The user profilehistory does not have a profile
INFO 2011-05-15 16:42:31,662 views The profile {u'gender': u'M', u'age': 30, u'happy': True} for user profilehistory was saved successfully
INFO 2011-05-15 16:42:34,694 views The GET request for user profilehistory with the params [(u'time', u'2011-5-15-16-42-30')] returned successfully []
INFO 2011-05-15 16:42:34,709 views The GET request for user profilehistory with the params [(u'time', u'2011-5-15-16-42-32')] returned successfully [{'user_id': 20, u'gender': u'M', u'age': 30, 'create_time': '2011-5-15-16-42-31', 'expire_time': '2011-5-15-16-42-33', u'happy': True}]
INFO 2011-05-15 16:42:34,722 views The GET request for user profilehistory with the params [(u'time', u'2011-5-15-16-42-34')] returned successfully [{'user_id': 20, u'gender': u'F', u'age': 35, 'create_time': '2011-5-15-16-42-33', 'expire_time': None, u'happy': False}]
INFO 2011-05-15 16:42:34,735 views The GET request for user profilehistory with the params [(u'time__now', u'true')] returned successfully [{'user_id': 20, u'gender': u'F', u'age': 35, 'create_time': '2011-5-15-16-42-33', 'expire_time': None, u'happy': False}]
INFO 2011-05-15 16:42:34,748 views The GET request for user profilehistory with the params [(u'time__now', u'false')] returned successfully [{'user_id': 20, u'gender': u'M', u'age': 30, 'create_time': '2011-5-15-16-42-31', 'expire_time': '2011-5-15-16-42-33', u'happy': True}, {'user_id': 20, u'gender': u'F', u'age': 35, 'create_time': '2011-5-15-16-42-33', 'expire_time': None, u'happy': False}]
INFO 2011-05-15 16:42:34,786 views The user profilemongo does not have a profile
INFO 2011-05-15 16:42:34,789 views The profile {u'gender': u'M', u'age': 30, u'happy': True} for user profilemongo was saved successfully
INFO 2011-05-15 16:42:34,803 views The GET request for user profilemongo with the params [(u'age__max', u'29')] returned successfully []
INFO 2011-05-15 16:42:34,816 views The GET request for user profilemongo with the params [(u'age__min', u'45')] returned successfully []
INFO 2011-05-15 16:42:34,830 views The GET request for user profilemongo with the params [(u'age', u'30')] returned successfully [{'user_id': 22, u'gender': u'M', u'age': 30, 'create_time': '2011-5-15-16-42-34', 'expire_time': None, u'happy': True}]
INFO 2011-05-15 16:42:34,845 views The GET request for user profilemongo with the params [(u'age__min', u'29'), (u'age__max', u'31')] returned successfully [{'user_id': 22, u'gender': u'M', u'age': 30, 'create_time': '2011-5-15-16-42-34', 'expire_time': None, u'happy': True}]
INFO 2011-05-15 16:42:34,860 views The GET request for user profilemongo with the params [(u'gender', u'M')] returned successfully [{'user_id': 22, u'gender': u'M', u'age': 30, 'create_time': '2011-5-15-16-42-34', 'expire_time': None, u'happy': True}]
INFO 2011-05-15 16:42:34,875 views The GET request for user profilemongo with the params [(u'happy', u'true')] returned successfully [{'user_id': 22, u'gender': u'M', u'age': 30, 'create_time': '2011-5-15-16-42-34', 'expire_time': None, u'happy': True}]
INFO 2011-05-15 16:42:34,915 views The user profiletestuser does not have a profile
INFO 2011-05-15 16:42:34,917 views The profile {u'age': 30} for user profiletestuser was saved successfully
INFO 2011-05-15 16:42:34,931 views The GET request for user profiletestuser with the params [] returned successfully [{'expire_time': None, u'age': 30, 'create_time': '2011-5-15-16-42-34', 'user_id': 24}]
INFO 2011-05-15 16:47:36,285 views The user profilehistory does not have a profile
INFO 2011-05-15 16:47:36,289 views The profile {u'gender': u'M', u'age': 30, u'happy': True} for user profilehistory was saved successfully
INFO 2011-05-15 16:47:39,321 views The GET request for user profilehistory with the params [(u'time', u'2011-5-15-16-47-35')] returned successfully []
INFO 2011-05-15 16:47:39,334 views The GET request for user profilehistory with the params [(u'time', u'2011-5-15-16-47-37')] returned successfully [{'user_id': 20, u'gender': u'M', u'age': 30, 'create_time': '2011-5-15-16-47-36', 'expire_time': '2011-5-15-16-47-38', u'happy': True}]
INFO 2011-05-15 16:47:39,347 views The GET request for user profilehistory with the params [(u'time', u'2011-5-15-16-47-39')] returned successfully [{'user_id': 20, u'gender': u'F', u'age': 35, 'create_time': '2011-5-15-16-47-38', 'expire_time': None, u'happy': False}]
INFO 2011-05-15 16:47:39,360 views The GET request for user profilehistory with the params [(u'time__now', u'true')] returned successfully [{'user_id': 20, u'gender': u'F', u'age': 35, 'create_time': '2011-5-15-16-47-38', 'expire_time': None, u'happy': False}]
INFO 2011-05-15 16:47:39,371 views The GET request for user profilehistory with the params [(u'time__now', u'false')] returned successfully [{'user_id': 20, u'gender': u'M', u'age': 30, 'create_time': '2011-5-15-16-47-36', 'expire_time': '2011-5-15-16-47-38', u'happy': True}, {'user_id': 20, u'gender': u'F', u'age': 35, 'create_time': '2011-5-15-16-47-38', 'expire_time': None, u'happy': False}]
INFO 2011-05-15 16:47:39,410 views The user profilemongo does not have a profile
INFO 2011-05-15 16:47:39,412 views The profile {u'gender': u'M', u'age': 30, u'happy': True} for user profilemongo was saved successfully
INFO 2011-05-15 16:47:39,428 views The GET request for user profilemongo with the params [(u'age__max', u'29')] returned successfully []
INFO 2011-05-15 16:47:39,442 views The GET request for user profilemongo with the params [(u'age__min', u'45')] returned successfully []
INFO 2011-05-15 16:47:39,458 views The GET request for user profilemongo with the params [(u'age', u'30')] returned successfully [{'user_id': 22, u'gender': u'M', u'age': 30, 'create_time': '2011-5-15-16-47-39', 'expire_time': None, u'happy': True}]
INFO 2011-05-15 16:47:39,473 views The GET request for user profilemongo with the params [(u'age__min', u'29'), (u'age__max', u'31')] returned successfully [{'user_id': 22, u'gender': u'M', u'age': 30, 'create_time': '2011-5-15-16-47-39', 'expire_time': None, u'happy': True}]
INFO 2011-05-15 16:47:39,488 views The GET request for user profilemongo with the params [(u'gender', u'M')] returned successfully [{'user_id': 22, u'gender': u'M', u'age': 30, 'create_time': '2011-5-15-16-47-39', 'expire_time': None, u'happy': True}]
INFO 2011-05-15 16:47:39,502 views The GET request for user profilemongo with the params [(u'happy', u'true')] returned successfully [{'user_id': 22, u'gender': u'M', u'age': 30, 'create_time': '2011-5-15-16-47-39', 'expire_time': None, u'happy': True}]
INFO 2011-05-15 16:47:39,541 views The user profiletestuser does not have a profile
INFO 2011-05-15 16:47:39,543 views The profile {u'age': 30} for user profiletestuser was saved successfully
INFO 2011-05-15 16:47:39,557 views The GET request for user profiletestuser with the params [] returned successfully [{'expire_time': None, u'age': 30, 'create_time': '2011-5-15-16-47-39', 'user_id': 24}]
INFO 2011-05-15 16:52:00,779 views The user profilehistory does not have a profile
INFO 2011-05-15 16:52:00,783 views The profile {u'gender': u'M', u'age': 30, u'happy': True} for user profilehistory was saved successfully
INFO 2011-05-15 16:52:03,814 views The GET request for user profilehistory with the params [(u'time', u'2011-5-15-16-51-59')] returned successfully []
INFO 2011-05-15 16:52:03,827 views The GET request for user profilehistory with the params [(u'time', u'2011-5-15-16-52-1')] returned successfully [{'user_id': 20, u'gender': u'M', u'age': 30, 'create_time': '2011-5-15-16-52-0', 'expire_time': '2011-5-15-16-52-2', u'happy': True}]
INFO 2011-05-15 16:52:03,843 views The GET request for user profilehistory with the params [(u'time', u'2011-5-15-16-52-3')] returned successfully [{'user_id': 20, u'gender': u'F', u'age': 35, 'create_time': '2011-5-15-16-52-2', 'expire_time': None, u'happy': False}]
INFO 2011-05-15 16:52:03,857 views The GET request for user profilehistory with the params [(u'time__now', u'true')] returned successfully [{'user_id': 20, u'gender': u'F', u'age': 35, 'create_time': '2011-5-15-16-52-2', 'expire_time': None, u'happy': False}]
INFO 2011-05-15 16:52:03,869 views The GET request for user profilehistory with the params [(u'time__now', u'false')] returned successfully [{'user_id': 20, u'gender': u'M', u'age': 30, 'create_time': '2011-5-15-16-52-0', 'expire_time': '2011-5-15-16-52-2', u'happy': True}, {'user_id': 20, u'gender': u'F', u'age': 35, 'create_time': '2011-5-15-16-52-2', 'expire_time': None, u'happy': False}]
INFO 2011-05-15 16:52:03,910 views The user profilemongo does not have a profile
INFO 2011-05-15 16:52:03,913 views The profile {u'gender': u'M', u'age': 30, u'happy': True} for user profilemongo was saved successfully
INFO 2011-05-15 16:52:03,926 views The GET request for user profilemongo with the params [(u'age__max', u'29')] returned successfully []
INFO 2011-05-15 16:52:03,939 views The GET request for user profilemongo with the params [(u'age__min', u'45')] returned successfully []
INFO 2011-05-15 16:52:03,953 views The GET request for user profilemongo with the params [(u'age', u'30')] returned successfully [{'user_id': 22, u'gender': u'M', u'age': 30, 'create_time': '2011-5-15-16-52-3', 'expire_time': None, u'happy': True}]
INFO 2011-05-15 16:52:03,968 views The GET request for user profilemongo with the params [(u'age__min', u'29'), (u'age__max', u'31')] returned successfully [{'user_id': 22, u'gender': u'M', u'age': 30, 'create_time': '2011-5-15-16-52-3', 'expire_time': None, u'happy': True}]
INFO 2011-05-15 16:52:03,984 views The GET request for user profilemongo with the params [(u'gender', u'M')] returned successfully [{'user_id': 22, u'gender': u'M', u'age': 30, 'create_time': '2011-5-15-16-52-3', 'expire_time': None, u'happy': True}]
INFO 2011-05-15 16:52:04,000 views The GET request for user profilemongo with the params [(u'happy', u'true')] returned successfully [{'user_id': 22, u'gender': u'M', u'age': 30, 'create_time': '2011-5-15-16-52-3', 'expire_time': None, u'happy': True}]
INFO 2011-05-15 16:52:04,039 views The user profiletestuser does not have a profile
INFO 2011-05-15 16:52:04,042 views The profile {u'age': 30} for user profiletestuser was saved successfully
INFO 2011-05-15 16:52:04,054 views The GET request for user profiletestuser with the params [] returned successfully [{'expire_time': None, u'age': 30, 'create_time': '2011-5-15-16-52-4', 'user_id': 24}]
INFO 2011-05-15 17:06:05,835 views The user profilehistory does not have a profile
INFO 2011-05-15 17:06:05,838 views The profile {u'gender': u'M', u'age': 30, u'happy': True} for user profilehistory was saved successfully
INFO 2011-05-15 17:06:08,871 views The GET request for user profilehistory with the params [(u'time', u'2011-5-15-17-6-4')] returned successfully []
INFO 2011-05-15 17:06:08,884 views The GET request for user profilehistory with the params [(u'time', u'2011-5-15-17-6-6')] returned successfully [{'user_id': 20, u'gender': u'M', u'age': 30, 'create_time': '2011-5-15-17-6-5', 'expire_time': '2011-5-15-17-6-7', u'happy': True}]
INFO 2011-05-15 17:06:08,897 views The GET request for user profilehistory with the params [(u'time', u'2011-5-15-17-6-8')] returned successfully [{'user_id': 20, u'gender': u'F', u'age': 35, 'create_time': '2011-5-15-17-6-7', 'expire_time': None, u'happy': False}]
INFO 2011-05-15 17:06:08,910 views The GET request for user profilehistory with the params [(u'time__now', u'true')] returned successfully [{'user_id': 20, u'gender': u'F', u'age': 35, 'create_time': '2011-5-15-17-6-7', 'expire_time': None, u'happy': False}]
INFO 2011-05-15 17:06:08,921 views The GET request for user profilehistory with the params [(u'time__now', u'false')] returned successfully [{'user_id': 20, u'gender': u'M', u'age': 30, 'create_time': '2011-5-15-17-6-5', 'expire_time': '2011-5-15-17-6-7', u'happy': True}, {'user_id': 20, u'gender': u'F', u'age': 35, 'create_time': '2011-5-15-17-6-7', 'expire_time': None, u'happy': False}]
INFO 2011-05-15 17:06:08,958 views The user profilemongo does not have a profile
INFO 2011-05-15 17:06:08,960 views The profile {u'gender': u'M', u'age': 30, u'happy': True} for user profilemongo was saved successfully
INFO 2011-05-15 17:06:08,976 views The GET request for user profilemongo with the params [(u'age__max', u'29')] returned successfully []
INFO 2011-05-15 17:06:08,990 views The GET request for user profilemongo with the params [(u'age__min', u'45')] returned successfully []
INFO 2011-05-15 17:06:09,005 views The GET request for user profilemongo with the params [(u'age', u'30')] returned successfully [{'user_id': 22, u'gender': u'M', u'age': 30, 'create_time': '2011-5-15-17-6-8', 'expire_time': None, u'happy': True}]
INFO 2011-05-15 17:06:09,022 views The GET request for user profilemongo with the params [(u'age__min', u'29'), (u'age__max', u'31')] returned successfully [{'user_id': 22, u'gender': u'M', u'age': 30, 'create_time': '2011-5-15-17-6-8', 'expire_time': None, u'happy': True}]
INFO 2011-05-15 17:06:09,038 views The GET request for user profilemongo with the params [(u'gender', u'M')] returned successfully [{'user_id': 22, u'gender': u'M', u'age': 30, 'create_time': '2011-5-15-17-6-8', 'expire_time': None, u'happy': True}]
INFO 2011-05-15 17:06:09,054 views The GET request for user profilemongo with the params [(u'happy', u'true')] returned successfully [{'user_id': 22, u'gender': u'M', u'age': 30, 'create_time': '2011-5-15-17-6-8', 'expire_time': None, u'happy': True}]
INFO 2011-05-15 17:06:09,090 views The user profiletestuser does not have a profile
INFO 2011-05-15 17:06:09,093 views The profile {u'age': 30} for user profiletestuser was saved successfully
INFO 2011-05-15 17:06:09,105 views The GET request for user profiletestuser with the params [] returned successfully [{'expire_time': None, u'age': 30, 'create_time': '2011-5-15-17-6-9', 'user_id': 24}]
INFO 2011-05-15 17:13:18,756 views The user profilehistory does not have a profile
INFO 2011-05-15 17:13:18,759 views The profile {u'gender': u'M', u'age': 30, u'happy': True} for user profilehistory was saved successfully
INFO 2011-05-15 17:13:21,790 views The GET request for user profilehistory with the params [(u'time', u'2011-5-15-17-13-17')] returned successfully []
INFO 2011-05-15 17:13:21,805 views The GET request for user profilehistory with the params [(u'time', u'2011-5-15-17-13-19')] returned successfully [{'user_id': 20, u'gender': u'M', u'age': 30, 'create_time': '2011-5-15-17-13-18', 'expire_time': '2011-5-15-17-13-20', u'happy': True}]
INFO 2011-05-15 17:13:21,819 views The GET request for user profilehistory with the params [(u'time', u'2011-5-15-17-13-21')] returned successfully [{'user_id': 20, u'gender': u'F', u'age': 35, 'create_time': '2011-5-15-17-13-20', 'expire_time': None, u'happy': False}]
INFO 2011-05-15 17:13:21,833 views The GET request for user profilehistory with the params [(u'time__now', u'true')] returned successfully [{'user_id': 20, u'gender': u'F', u'age': 35, 'create_time': '2011-5-15-17-13-20', 'expire_time': None, u'happy': False}]
INFO 2011-05-15 17:13:21,845 views The GET request for user profilehistory with the params [(u'time__now', u'false')] returned successfully [{'user_id': 20, u'gender': u'M', u'age': 30, 'create_time': '2011-5-15-17-13-18', 'expire_time': '2011-5-15-17-13-20', u'happy': True}, {'user_id': 20, u'gender': u'F', u'age': 35, 'create_time': '2011-5-15-17-13-20', 'expire_time': None, u'happy': False}]
INFO 2011-05-15 17:13:21,885 views The user profilemongo does not have a profile
INFO 2011-05-15 17:13:21,888 views The profile {u'gender': u'M', u'age': 30, u'happy': True} for user profilemongo was saved successfully
INFO 2011-05-15 17:13:21,902 views The GET request for user profilemongo with the params [(u'age__max', u'29')] returned successfully []
INFO 2011-05-15 17:13:21,915 views The GET request for user profilemongo with the params [(u'age__min', u'45')] returned successfully []
INFO 2011-05-15 17:13:21,930 views The GET request for user profilemongo with the params [(u'age', u'30')] returned successfully [{'user_id': 22, u'gender': u'M', u'age': 30, 'create_time': '2011-5-15-17-13-21', 'expire_time': None, u'happy': True}]
INFO 2011-05-15 17:13:21,945 views The GET request for user profilemongo with the params [(u'age__min', u'29'), (u'age__max', u'31')] returned successfully [{'user_id': 22, u'gender': u'M', u'age': 30, 'create_time': '2011-5-15-17-13-21', 'expire_time': None, u'happy': True}]
INFO 2011-05-15 17:13:21,960 views The GET request for user profilemongo with the params [(u'gender', u'M')] returned successfully [{'user_id': 22, u'gender': u'M', u'age': 30, 'create_time': '2011-5-15-17-13-21', 'expire_time': None, u'happy': True}]
INFO 2011-05-15 17:13:21,974 views The GET request for user profilemongo with the params [(u'happy', u'true')] returned successfully [{'user_id': 22, u'gender': u'M', u'age': 30, 'create_time': '2011-5-15-17-13-21', 'expire_time': None, u'happy': True}]
INFO 2011-05-15 17:13:22,013 views The user profiletestuser does not have a profile
INFO 2011-05-15 17:13:22,015 views The profile {u'age': 30} for user profiletestuser was saved successfully
INFO 2011-05-15 17:13:22,028 views The GET request for user profiletestuser with the params [] returned successfully [{'expire_time': None, u'age': 30, 'create_time': '2011-5-15-17-13-22', 'user_id': 24}]
INFO 2011-05-15 17:19:02,722 views The user profilehistory does not have a profile
INFO 2011-05-15 17:19:02,726 views The profile {u'gender': u'M', u'age': 30, u'happy': True} for user profilehistory was saved successfully
INFO 2011-05-15 17:19:05,757 views The GET request for user profilehistory with the params [(u'time', u'2011-5-15-17-19-1')] returned successfully []
INFO 2011-05-15 17:19:05,770 views The GET request for user profilehistory with the params [(u'time', u'2011-5-15-17-19-3')] returned successfully [{'user_id': 20, u'gender': u'M', u'age': 30, 'create_time': '2011-5-15-17-19-2', 'expire_time': '2011-5-15-17-19-4', u'happy': True}]
INFO 2011-05-15 17:19:05,783 views The GET request for user profilehistory with the params [(u'time', u'2011-5-15-17-19-5')] returned successfully [{'user_id': 20, u'gender': u'F', u'age': 35, 'create_time': '2011-5-15-17-19-4', 'expire_time': None, u'happy': False}]
INFO 2011-05-15 17:19:05,796 views The GET request for user profilehistory with the params [(u'time__now', u'true')] returned successfully [{'user_id': 20, u'gender': u'F', u'age': 35, 'create_time': '2011-5-15-17-19-4', 'expire_time': None, u'happy': False}]
INFO 2011-05-15 17:19:05,809 views The GET request for user profilehistory with the params [(u'time__now', u'false')] returned successfully [{'user_id': 20, u'gender': u'M', u'age': 30, 'create_time': '2011-5-15-17-19-2', 'expire_time': '2011-5-15-17-19-4', u'happy': True}, {'user_id': 20, u'gender': u'F', u'age': 35, 'create_time': '2011-5-15-17-19-4', 'expire_time': None, u'happy': False}]
INFO 2011-05-15 17:19:05,850 views The user profilemongo does not have a profile
INFO 2011-05-15 17:19:05,853 views The profile {u'gender': u'M', u'age': 30, u'happy': True} for user profilemongo was saved successfully
INFO 2011-05-15 17:19:05,868 views The GET request for user profilemongo with the params [(u'age__max', u'29')] returned successfully []
INFO 2011-05-15 17:19:05,882 views The GET request for user profilemongo with the params [(u'age__min', u'45')] returned successfully []
INFO 2011-05-15 17:19:05,898 views The GET request for user profilemongo with the params [(u'age', u'30')] returned successfully [{'user_id': 22, u'gender': u'M', u'age': 30, 'create_time': '2011-5-15-17-19-5', 'expire_time': None, u'happy': True}]
INFO 2011-05-15 17:19:05,913 views The GET request for user profilemongo with the params [(u'age__min', u'29'), (u'age__max', u'31')] returned successfully [{'user_id': 22, u'gender': u'M', u'age': 30, 'create_time': '2011-5-15-17-19-5', 'expire_time': None, u'happy': True}]
INFO 2011-05-15 17:19:05,927 views The GET request for user profilemongo with the params [(u'gender', u'M')] returned successfully [{'user_id': 22, u'gender': u'M', u'age': 30, 'create_time': '2011-5-15-17-19-5', 'expire_time': None, u'happy': True}]
INFO 2011-05-15 17:19:05,942 views The GET request for user profilemongo with the params [(u'happy', u'true')] returned successfully [{'user_id': 22, u'gender': u'M', u'age': 30, 'create_time': '2011-5-15-17-19-5', 'expire_time': None, u'happy': True}]
INFO 2011-05-15 17:19:05,982 views The user profiletestuser does not have a profile
INFO 2011-05-15 17:19:05,985 views The profile {u'age': 30} for user profiletestuser was saved successfully
INFO 2011-05-15 17:19:05,998 views The GET request for user profiletestuser with the params [] returned successfully [{'expire_time': None, u'age': 30, 'create_time': '2011-5-15-17-19-5', 'user_id': 24}]
INFO 2011-05-15 17:22:03,394 views The user profilehistory does not have a profile
INFO 2011-05-15 17:22:03,397 views The profile {u'gender': u'M', u'age': 30, u'happy': True} for user profilehistory was saved successfully
INFO 2011-05-15 17:22:06,428 views The GET request for user profilehistory with the params [(u'time', u'2011-5-15-17-22-2')] returned successfully []
INFO 2011-05-15 17:22:06,442 views The GET request for user profilehistory with the params [(u'time', u'2011-5-15-17-22-4')] returned successfully [{'user_id': 20, u'gender': u'M', u'age': 30, 'create_time': '2011-5-15-17-22-3', 'expire_time': '2011-5-15-17-22-5', u'happy': True}]
INFO 2011-05-15 17:22:06,455 views The GET request for user profilehistory with the params [(u'time', u'2011-5-15-17-22-6')] returned successfully [{'user_id': 20, u'gender': u'F', u'age': 35, 'create_time': '2011-5-15-17-22-5', 'expire_time': None, u'happy': False}]
INFO 2011-05-15 17:22:06,468 views The GET request for user profilehistory with the params [(u'time__now', u'true')] returned successfully [{'user_id': 20, u'gender': u'F', u'age': 35, 'create_time': '2011-5-15-17-22-5', 'expire_time': None, u'happy': False}]
INFO 2011-05-15 17:22:06,482 views The GET request for user profilehistory with the params [(u'time__now', u'false')] returned successfully [{'user_id': 20, u'gender': u'M', u'age': 30, 'create_time': '2011-5-15-17-22-3', 'expire_time': '2011-5-15-17-22-5', u'happy': True}, {'user_id': 20, u'gender': u'F', u'age': 35, 'create_time': '2011-5-15-17-22-5', 'expire_time': None, u'happy': False}]
INFO 2011-05-15 17:22:06,522 views The user profilemongo does not have a profile
INFO 2011-05-15 17:22:06,525 views The profile {u'gender': u'M', u'age': 30, u'happy': True} for user profilemongo was saved successfully
INFO 2011-05-15 17:22:06,540 views The GET request for user profilemongo with the params [(u'age__max', u'29')] returned successfully []
INFO 2011-05-15 17:22:06,555 views The GET request for user profilemongo with the params [(u'age__min', u'45')] returned successfully []
INFO 2011-05-15 17:22:06,571 views The GET request for user profilemongo with the params [(u'age', u'30')] returned successfully [{'user_id': 22, u'gender': u'M', u'age': 30, 'create_time': '2011-5-15-17-22-6', 'expire_time': None, u'happy': True}]
INFO 2011-05-15 17:22:06,588 views The GET request for user profilemongo with the params [(u'age__min', u'29'), (u'age__max', u'31')] returned successfully [{'user_id': 22, u'gender': u'M', u'age': 30, 'create_time': '2011-5-15-17-22-6', 'expire_time': None, u'happy': True}]
INFO 2011-05-15 17:22:06,605 views The GET request for user profilemongo with the params [(u'gender', u'M')] returned successfully [{'user_id': 22, u'gender': u'M', u'age': 30, 'create_time': '2011-5-15-17-22-6', 'expire_time': None, u'happy': True}]
INFO 2011-05-15 17:22:06,620 views The GET request for user profilemongo with the params [(u'happy', u'true')] returned successfully [{'user_id': 22, u'gender': u'M', u'age': 30, 'create_time': '2011-5-15-17-22-6', 'expire_time': None, u'happy': True}]
INFO 2011-05-15 17:22:06,661 views The user profiletestuser does not have a profile
INFO 2011-05-15 17:22:06,663 views The profile {u'age': 30} for user profiletestuser was saved successfully
INFO 2011-05-15 17:22:06,677 views The GET request for user profiletestuser with the params [] returned successfully [{'expire_time': None, u'age': 30, 'create_time': '2011-5-15-17-22-6', 'user_id': 24}]
INFO 2011-05-15 17:33:25,443 views The user profilehistory does not have a profile
INFO 2011-05-15 17:33:25,446 views The profile {u'gender': u'M', u'age': 30, u'happy': True} for user profilehistory was saved successfully
INFO 2011-05-15 17:33:28,479 views The GET request for user profilehistory with the params [(u'time', u'2011-5-15-17-33-24')] returned successfully []
INFO 2011-05-15 17:33:28,494 views The GET request for user profilehistory with the params [(u'time', u'2011-5-15-17-33-26')] returned successfully [{'user_id': 20, u'gender': u'M', u'age': 30, 'create_time': '2011-5-15-17-33-25', 'expire_time': '2011-5-15-17-33-27', u'happy': True}]
INFO 2011-05-15 17:33:28,508 views The GET request for user profilehistory with the params [(u'time', u'2011-5-15-17-33-28')] returned successfully [{'user_id': 20, u'gender': u'F', u'age': 35, 'create_time': '2011-5-15-17-33-27', 'expire_time': None, u'happy': False}]
INFO 2011-05-15 17:33:28,520 views The GET request for user profilehistory with the params [(u'time__now', u'true')] returned successfully [{'user_id': 20, u'gender': u'F', u'age': 35, 'create_time': '2011-5-15-17-33-27', 'expire_time': None, u'happy': False}]
INFO 2011-05-15 17:33:28,532 views The GET request for user profilehistory with the params [(u'time__now', u'false')] returned successfully [{'user_id': 20, u'gender': u'M', u'age': 30, 'create_time': '2011-5-15-17-33-25', 'expire_time': '2011-5-15-17-33-27', u'happy': True}, {'user_id': 20, u'gender': u'F', u'age': 35, 'create_time': '2011-5-15-17-33-27', 'expire_time': None, u'happy': False}]
INFO 2011-05-15 17:33:28,571 views The user profilemongo does not have a profile
INFO 2011-05-15 17:33:28,574 views The profile {u'gender': u'M', u'age': 30, u'happy': True} for user profilemongo was saved successfully
INFO 2011-05-15 17:33:28,589 views The GET request for user profilemongo with the params [(u'age__max', u'29')] returned successfully []
INFO 2011-05-15 17:33:28,603 views The GET request for user profilemongo with the params [(u'age__min', u'45')] returned successfully []
INFO 2011-05-15 17:33:28,617 views The GET request for user profilemongo with the params [(u'age', u'30')] returned successfully [{'user_id': 22, u'gender': u'M', u'age': 30, 'create_time': '2011-5-15-17-33-28', 'expire_time': None, u'happy': True}]
INFO 2011-05-15 17:33:28,631 views The GET request for user profilemongo with the params [(u'age__min', u'29'), (u'age__max', u'31')] returned successfully [{'user_id': 22, u'gender': u'M', u'age': 30, 'create_time': '2011-5-15-17-33-28', 'expire_time': None, u'happy': True}]
INFO 2011-05-15 17:33:28,645 views The GET request for user profilemongo with the params [(u'gender', u'M')] returned successfully [{'user_id': 22, u'gender': u'M', u'age': 30, 'create_time': '2011-5-15-17-33-28', 'expire_time': None, u'happy': True}]
INFO 2011-05-15 17:33:28,661 views The GET request for user profilemongo with the params [(u'happy', u'true')] returned successfully [{'user_id': 22, u'gender': u'M', u'age': 30, 'create_time': '2011-5-15-17-33-28', 'expire_time': None, u'happy': True}]
INFO 2011-05-15 17:33:28,699 views The user profiletestuser does not have a profile
INFO 2011-05-15 17:33:28,701 views The profile {u'age': 30} for user profiletestuser was saved successfully
INFO 2011-05-15 17:33:28,714 views The GET request for user profiletestuser with the params [] returned successfully [{'expire_time': None, u'age': 30, 'create_time': '2011-5-15-17-33-28', 'user_id': 24}]
INFO 2011-05-15 17:38:56,947 views The user profilehistory does not have a profile
INFO 2011-05-15 17:38:56,951 views The profile {u'gender': u'M', u'age': 30, u'happy': True} for user profilehistory was saved successfully
INFO 2011-05-15 17:38:59,983 views The GET request for user profilehistory with the params [(u'time', u'2011-5-15-17-38-55')] returned successfully []
INFO 2011-05-15 17:38:59,997 views The GET request for user profilehistory with the params [(u'time', u'2011-5-15-17-38-57')] returned successfully [{'user_id': 20, u'gender': u'M', u'age': 30, 'create_time': '2011-5-15-17-38-56', 'expire_time': '2011-5-15-17-38-58', u'happy': True}]
INFO 2011-05-15 17:39:00,012 views The GET request for user profilehistory with the params [(u'time', u'2011-5-15-17-38-59')] returned successfully [{'user_id': 20, u'gender': u'F', u'age': 35, 'create_time': '2011-5-15-17-38-58', 'expire_time': None, u'happy': False}]
INFO 2011-05-15 17:39:00,025 views The GET request for user profilehistory with the params [(u'time__now', u'true')] returned successfully [{'user_id': 20, u'gender': u'F', u'age': 35, 'create_time': '2011-5-15-17-38-58', 'expire_time': None, u'happy': False}]
INFO 2011-05-15 17:39:00,036 views The GET request for user profilehistory with the params [(u'time__now', u'false')] returned successfully [{'user_id': 20, u'gender': u'M', u'age': 30, 'create_time': '2011-5-15-17-38-56', 'expire_time': '2011-5-15-17-38-58', u'happy': True}, {'user_id': 20, u'gender': u'F', u'age': 35, 'create_time': '2011-5-15-17-38-58', 'expire_time': None, u'happy': False}]
INFO 2011-05-15 17:39:00,076 views The user profilemongo does not have a profile
INFO 2011-05-15 17:39:00,078 views The profile {u'gender': u'M', u'age': 30, u'happy': True} for user profilemongo was saved successfully
INFO 2011-05-15 17:39:00,093 views The GET request for user profilemongo with the params [(u'age__max', u'29')] returned successfully []
INFO 2011-05-15 17:39:00,106 views The GET request for user profilemongo with the params [(u'age__min', u'45')] returned successfully []
INFO 2011-05-15 17:39:00,120 views The GET request for user profilemongo with the params [(u'age', u'30')] returned successfully [{'user_id': 22, u'gender': u'M', u'age': 30, 'create_time': '2011-5-15-17-39-0', 'expire_time': None, u'happy': True}]
INFO 2011-05-15 17:39:00,135 views The GET request for user profilemongo with the params [(u'age__min', u'29'), (u'age__max', u'31')] returned successfully [{'user_id': 22, u'gender': u'M', u'age': 30, 'create_time': '2011-5-15-17-39-0', 'expire_time': None, u'happy': True}]
INFO 2011-05-15 17:39:00,151 views The GET request for user profilemongo with the params [(u'gender', u'M')] returned successfully [{'user_id': 22, u'gender': u'M', u'age': 30, 'create_time': '2011-5-15-17-39-0', 'expire_time': None, u'happy': True}]
INFO 2011-05-15 17:39:00,166 views The GET request for user profilemongo with the params [(u'happy', u'true')] returned successfully [{'user_id': 22, u'gender': u'M', u'age': 30, 'create_time': '2011-5-15-17-39-0', 'expire_time': None, u'happy': True}]
INFO 2011-05-15 17:39:00,202 views The user profiletestuser does not have a profile
INFO 2011-05-15 17:39:00,205 views The profile {u'age': 30} for user profiletestuser was saved successfully
INFO 2011-05-15 17:39:00,217 views The GET request for user profiletestuser with the params [] returned successfully [{'expire_time': None, u'age': 30, 'create_time': '2011-5-15-17-39-0', 'user_id': 24}]
INFO 2011-05-15 17:40:28,759 views The user profilehistory does not have a profile
INFO 2011-05-15 17:40:28,762 views The profile {u'gender': u'M', u'age': 30, u'happy': True} for user profilehistory was saved successfully
INFO 2011-05-15 17:40:31,793 views The GET request for user profilehistory with the params [(u'time', u'2011-5-15-17-40-27')] returned successfully []
INFO 2011-05-15 17:40:31,808 views The GET request for user profilehistory with the params [(u'time', u'2011-5-15-17-40-29')] returned successfully [{'user_id': 20, u'gender': u'M', u'age': 30, 'create_time': '2011-5-15-17-40-28', 'expire_time': '2011-5-15-17-40-30', u'happy': True}]
INFO 2011-05-15 17:40:31,823 views The GET request for user profilehistory with the params [(u'time', u'2011-5-15-17-40-31')] returned successfully [{'user_id': 20, u'gender': u'F', u'age': 35, 'create_time': '2011-5-15-17-40-30', 'expire_time': None, u'happy': False}]
INFO 2011-05-15 17:40:31,836 views The GET request for user profilehistory with the params [(u'time__now', u'true')] returned successfully [{'user_id': 20, u'gender': u'F', u'age': 35, 'create_time': '2011-5-15-17-40-30', 'expire_time': None, u'happy': False}]
INFO 2011-05-15 17:40:31,849 views The GET request for user profilehistory with the params [(u'time__now', u'false')] returned successfully [{'user_id': 20, u'gender': u'M', u'age': 30, 'create_time': '2011-5-15-17-40-28', 'expire_time': '2011-5-15-17-40-30', u'happy': True}, {'user_id': 20, u'gender': u'F', u'age': 35, 'create_time': '2011-5-15-17-40-30', 'expire_time': None, u'happy': False}]
INFO 2011-05-15 17:40:31,888 views The user profilemongo does not have a profile
INFO 2011-05-15 17:40:31,891 views The profile {u'gender': u'M', u'age': 30, u'happy': True} for user profilemongo was saved successfully
INFO 2011-05-15 17:40:31,906 views The GET request for user profilemongo with the params [(u'age__max', u'29')] returned successfully []
INFO 2011-05-15 17:40:31,919 views The GET request for user profilemongo with the params [(u'age__min', u'45')] returned successfully []
INFO 2011-05-15 17:40:31,934 views The GET request for user profilemongo with the params [(u'age', u'30')] returned successfully [{'user_id': 22, u'gender': u'M', u'age': 30, 'create_time': '2011-5-15-17-40-31', 'expire_time': None, u'happy': True}]
INFO 2011-05-15 17:40:31,949 views The GET request for user profilemongo with the params [(u'age__min', u'29'), (u'age__max', u'31')] returned successfully [{'user_id': 22, u'gender': u'M', u'age': 30, 'create_time': '2011-5-15-17-40-31', 'expire_time': None, u'happy': True}]
INFO 2011-05-15 17:40:31,963 views The GET request for user profilemongo with the params [(u'gender', u'M')] returned successfully [{'user_id': 22, u'gender': u'M', u'age': 30, 'create_time': '2011-5-15-17-40-31', 'expire_time': None, u'happy': True}]
INFO 2011-05-15 17:40:31,980 views The GET request for user profilemongo with the params [(u'happy', u'true')] returned successfully [{'user_id': 22, u'gender': u'M', u'age': 30, 'create_time': '2011-5-15-17-40-31', 'expire_time': None, u'happy': True}]
INFO 2011-05-15 17:40:32,018 views The user profiletestuser does not have a profile
INFO 2011-05-15 17:40:32,020 views The profile {u'age': 30} for user profiletestuser was saved successfully
INFO 2011-05-15 17:40:32,033 views The GET request for user profiletestuser with the params [] returned successfully [{'expire_time': None, u'age': 30, 'create_time': '2011-5-15-17-40-32', 'user_id': 24}]
INFO 2011-05-15 17:44:18,130 views The user profilehistory does not have a profile
INFO 2011-05-15 17:44:18,134 views The profile {u'gender': u'M', u'age': 30, u'happy': True} for user profilehistory was saved successfully
INFO 2011-05-15 17:44:21,165 views The GET request for user profilehistory with the params [(u'time', u'2011-5-15-17-44-17')] returned successfully []
INFO 2011-05-15 17:44:21,179 views The GET request for user profilehistory with the params [(u'time', u'2011-5-15-17-44-19')] returned successfully [{'user_id': 20, u'gender': u'M', u'age': 30, 'create_time': '2011-5-15-17-44-18', 'expire_time': '2011-5-15-17-44-20', u'happy': True}]
INFO 2011-05-15 17:44:21,192 views The GET request for user profilehistory with the params [(u'time', u'2011-5-15-17-44-21')] returned successfully [{'user_id': 20, u'gender': u'F', u'age': 35, 'create_time': '2011-5-15-17-44-20', 'expire_time': None, u'happy': False}]
INFO 2011-05-15 17:44:21,206 views The GET request for user profilehistory with the params [(u'time__now', u'true')] returned successfully [{'user_id': 20, u'gender': u'F', u'age': 35, 'create_time': '2011-5-15-17-44-20', 'expire_time': None, u'happy': False}]
INFO 2011-05-15 17:44:21,219 views The GET request for user profilehistory with the params [(u'time__now', u'false')] returned successfully [{'user_id': 20, u'gender': u'M', u'age': 30, 'create_time': '2011-5-15-17-44-18', 'expire_time': '2011-5-15-17-44-20', u'happy': True}, {'user_id': 20, u'gender': u'F', u'age': 35, 'create_time': '2011-5-15-17-44-20', 'expire_time': None, u'happy': False}]
INFO 2011-05-15 17:44:21,257 views The user profilemongo does not have a profile
INFO 2011-05-15 17:44:21,260 views The profile {u'gender': u'M', u'age': 30, u'happy': True} for user profilemongo was saved successfully
INFO 2011-05-15 17:44:21,274 views The GET request for user profilemongo with the params [(u'age__max', u'29')] returned successfully []
INFO 2011-05-15 17:44:21,287 views The GET request for user profilemongo with the params [(u'age__min', u'45')] returned successfully []
INFO 2011-05-15 17:44:21,302 views The GET request for user profilemongo with the params [(u'age', u'30')] returned successfully [{'user_id': 22, u'gender': u'M', u'age': 30, 'create_time': '2011-5-15-17-44-21', 'expire_time': None, u'happy': True}]
INFO 2011-05-15 17:44:21,316 views The GET request for user profilemongo with the params [(u'age__min', u'29'), (u'age__max', u'31')] returned successfully [{'user_id': 22, u'gender': u'M', u'age': 30, 'create_time': '2011-5-15-17-44-21', 'expire_time': None, u'happy': True}]
INFO 2011-05-15 17:44:21,332 views The GET request for user profilemongo with the params [(u'gender', u'M')] returned successfully [{'user_id': 22, u'gender': u'M', u'age': 30, 'create_time': '2011-5-15-17-44-21', 'expire_time': None, u'happy': True}]
INFO 2011-05-15 17:44:21,347 views The GET request for user profilemongo with the params [(u'happy', u'true')] returned successfully [{'user_id': 22, u'gender': u'M', u'age': 30, 'create_time': '2011-5-15-17-44-21', 'expire_time': None, u'happy': True}]
INFO 2011-05-15 17:44:21,386 views The user profiletestuser does not have a profile
INFO 2011-05-15 17:44:21,389 views The profile {u'age': 30} for user profiletestuser was saved successfully
INFO 2011-05-15 17:44:21,401 views The GET request for user profiletestuser with the params [] returned successfully [{'expire_time': None, u'age': 30, 'create_time': '2011-5-15-17-44-21', 'user_id': 24}]
WARNING 2011-05-16 11:33:30,016 views A GET request was received in the profile but the user is not authenticated
WARNING 2011-05-16 11:33:35,344 views A GET request was received in the profile but the user is not authenticated
WARNING 2011-05-16 11:33:55,406 views A HEAD request was received in the profile but the user is not authenticated
WARNING 2011-05-16 11:34:08,436 views A GET request was received in the profile but the user is not authenticated
WARNING 2011-05-16 11:34:19,247 views A GET request was received in the profile but the user is not authenticated
