DEBUG 2011-05-15 11:48:13,698 util (0.003) SELECT "django_content_type"."id", "django_content_type"."name", "django_content_type"."app_label", "django_content_type"."model" FROM "django_content_type" WHERE ("django_content_type"."model" = E'contenttype'  AND "django_content_type"."app_label" = E'contenttypes' ); args=('contenttype', 'contenttypes')
DEBUG 2011-05-15 11:48:13,709 util (0.000) SELECT "django_content_type"."id", "django_content_type"."name", "django_content_type"."app_label", "django_content_type"."model" FROM "django_content_type" WHERE ("django_content_type"."model" = E'contenttype'  AND "django_content_type"."app_label" = E'contenttypes' ); args=('contenttype', 'contenttypes')
DEBUG 2011-05-15 11:48:13,722 util (0.003) SELECT "django_content_type"."id", "django_content_type"."name", "django_content_type"."app_label", "django_content_type"."model" FROM "django_content_type" WHERE ("django_content_type"."model" = E'user'  AND "django_content_type"."app_label" = E'auth' ); args=('user', 'auth')
DEBUG 2011-05-15 11:48:13,724 util (0.001) INSERT INTO "auth_user" ("username", "first_name", "last_name", "email", "password", "is_staff", "is_active", "is_superuser", "last_login", "date_joined") VALUES (E'john', E'', E'', E'', E'', false, true, false, E'2011-05-15 11:48:13.722762', E'2011-05-15 11:48:13.722776'); args=('john', '', '', '', '', False, True, False, u'2011-05-15 11:48:13.722762', u'2011-05-15 11:48:13.722776')
DEBUG 2011-05-15 11:48:13,725 util (0.001) SELECT CURRVAL(pg_get_serial_sequence('"auth_user"','id')); args=()
DEBUG 2011-05-15 11:48:13,727 util (0.001) SELECT "django_site"."id", "django_site"."domain", "django_site"."name" FROM "django_site" WHERE "django_site"."id" = 1 ; args=(1,)
DEBUG 2011-05-15 11:48:13,729 util (0.000) SELECT "django_content_type"."id", "django_content_type"."name", "django_content_type"."app_label", "django_content_type"."model" FROM "django_content_type" WHERE "django_content_type"."id" = 3 ; args=(3,)
DEBUG 2011-05-15 11:48:13,730 util (0.000) SELECT "auth_user"."id", "auth_user"."username", "auth_user"."first_name", "auth_user"."last_name", "auth_user"."email", "auth_user"."password", "auth_user"."is_staff", "auth_user"."is_active", "auth_user"."is_superuser", "auth_user"."last_login", "auth_user"."date_joined" FROM "auth_user" WHERE "auth_user"."id" = 4 ; args=(4,)
DEBUG 2011-05-15 11:48:13,732 util (0.000) SELECT "django_content_type"."id", "django_content_type"."name", "django_content_type"."app_label", "django_content_type"."model" FROM "django_content_type" WHERE "django_content_type"."id" = 3 ; args=(3,)
DEBUG 2011-05-15 11:48:13,733 util (0.000) SELECT "auth_user"."id", "auth_user"."username", "auth_user"."first_name", "auth_user"."last_name", "auth_user"."email", "auth_user"."password", "auth_user"."is_staff", "auth_user"."is_active", "auth_user"."is_superuser", "auth_user"."last_login", "auth_user"."date_joined" FROM "auth_user" WHERE "auth_user"."id" = 4 ; args=(4,)
DEBUG 2011-05-15 11:49:14,229 views Email POST request with param 
WARNING 2011-05-15 11:49:14,246 views Email sent POST was empty or none
DEBUG 2011-05-15 11:49:14,717 views Email POST request with param test@aalto.fi
DEBUG 2011-05-15 11:49:16,338 views Email test@aalto.fi has been added successfully for user cristian1000 and the confimation email has been sent
DEBUG 2011-05-15 11:49:17,338 views Email confirmation attempt for test@aalto.fi (cristian1000) with key 270e257ab8422696e4ca25f50a4885d9c6897e41
DEBUG 2011-05-15 11:49:17,501 views Email GET request for user cristian1000 returned test@aalto.fi
DEBUG 2011-05-15 11:49:17,562 views Email was successfully deleted for user cristian1000 
DEBUG 2011-05-15 11:49:17,567 views Email GET request for user cristian1000 returned 
DEBUG 2011-05-15 16:03:53,290 util (0.003) SELECT "django_content_type"."id", "django_content_type"."name", "django_content_type"."app_label", "django_content_type"."model" FROM "django_content_type" WHERE ("django_content_type"."model" = E'contenttype'  AND "django_content_type"."app_label" = E'contenttypes' ); args=('contenttype', 'contenttypes')
DEBUG 2011-05-15 16:03:53,309 util (0.000) SELECT "django_content_type"."id", "django_content_type"."name", "django_content_type"."app_label", "django_content_type"."model" FROM "django_content_type" WHERE ("django_content_type"."model" = E'contenttype'  AND "django_content_type"."app_label" = E'contenttypes' ); args=('contenttype', 'contenttypes')
DEBUG 2011-05-15 16:03:53,320 util (0.003) SELECT "django_content_type"."id", "django_content_type"."name", "django_content_type"."app_label", "django_content_type"."model" FROM "django_content_type" WHERE ("django_content_type"."model" = E'user'  AND "django_content_type"."app_label" = E'auth' ); args=('user', 'auth')
DEBUG 2011-05-15 16:03:53,322 util (0.001) INSERT INTO "auth_user" ("username", "first_name", "last_name", "email", "password", "is_staff", "is_active", "is_superuser", "last_login", "date_joined") VALUES (E'john', E'', E'', E'', E'', false, true, false, E'2011-05-15 16:03:53.320609', E'2011-05-15 16:03:53.320622'); args=('john', '', '', '', '', False, True, False, u'2011-05-15 16:03:53.320609', u'2011-05-15 16:03:53.320622')
DEBUG 2011-05-15 16:03:53,322 util (0.001) SELECT CURRVAL(pg_get_serial_sequence('"auth_user"','id')); args=()
DEBUG 2011-05-15 16:03:53,324 util (0.000) SELECT "django_site"."id", "django_site"."domain", "django_site"."name" FROM "django_site" WHERE "django_site"."id" = 1 ; args=(1,)
DEBUG 2011-05-15 16:03:53,325 util (0.000) SELECT "django_content_type"."id", "django_content_type"."name", "django_content_type"."app_label", "django_content_type"."model" FROM "django_content_type" WHERE "django_content_type"."id" = 3 ; args=(3,)
DEBUG 2011-05-15 16:03:53,327 util (0.000) SELECT "auth_user"."id", "auth_user"."username", "auth_user"."first_name", "auth_user"."last_name", "auth_user"."email", "auth_user"."password", "auth_user"."is_staff", "auth_user"."is_active", "auth_user"."is_superuser", "auth_user"."last_login", "auth_user"."date_joined" FROM "auth_user" WHERE "auth_user"."id" = 4 ; args=(4,)
DEBUG 2011-05-15 16:03:53,328 util (0.000) SELECT "django_content_type"."id", "django_content_type"."name", "django_content_type"."app_label", "django_content_type"."model" FROM "django_content_type" WHERE "django_content_type"."id" = 3 ; args=(3,)
DEBUG 2011-05-15 16:03:53,330 util (0.000) SELECT "auth_user"."id", "auth_user"."username", "auth_user"."first_name", "auth_user"."last_name", "auth_user"."email", "auth_user"."password", "auth_user"."is_staff", "auth_user"."is_active", "auth_user"."is_superuser", "auth_user"."last_login", "auth_user"."date_joined" FROM "auth_user" WHERE "auth_user"."id" = 4 ; args=(4,)
DEBUG 2011-05-15 16:04:07,071 views Email POST request with param 
WARNING 2011-05-15 16:04:07,071 views Email sent POST was empty or none
DEBUG 2011-05-15 16:04:07,101 views Email POST request with param test@aalto.fi
DEBUG 2011-05-15 16:04:07,199 views Email test@aalto.fi has been added successfully for user cristian1000 and the confimation email has been sent
DEBUG 2011-05-15 16:04:07,214 views Email confirmation attempt for test@aalto.fi (cristian1000) with key 498c6482e9698a4285d7fbd08a01dc88fbcade4b
DEBUG 2011-05-15 16:04:07,238 views Email GET request for user cristian1000 returned test@aalto.fi
DEBUG 2011-05-15 16:04:07,248 views Email was successfully deleted for user cristian1000 
DEBUG 2011-05-15 16:04:07,252 views Email GET request for user cristian1000 returned 
DEBUG 2011-05-15 16:34:29,790 util (0.003) SELECT "django_content_type"."id", "django_content_type"."name", "django_content_type"."app_label", "django_content_type"."model" FROM "django_content_type" WHERE ("django_content_type"."model" = E'contenttype'  AND "django_content_type"."app_label" = E'contenttypes' ); args=('contenttype', 'contenttypes')
DEBUG 2011-05-15 16:34:29,793 util (0.000) SELECT "django_content_type"."id", "django_content_type"."name", "django_content_type"."app_label", "django_content_type"."model" FROM "django_content_type" WHERE ("django_content_type"."model" = E'contenttype'  AND "django_content_type"."app_label" = E'contenttypes' ); args=('contenttype', 'contenttypes')
DEBUG 2011-05-15 16:34:29,804 util (0.003) SELECT "django_content_type"."id", "django_content_type"."name", "django_content_type"."app_label", "django_content_type"."model" FROM "django_content_type" WHERE ("django_content_type"."model" = E'user'  AND "django_content_type"."app_label" = E'auth' ); args=('user', 'auth')
DEBUG 2011-05-15 16:34:29,806 util (0.001) INSERT INTO "auth_user" ("username", "first_name", "last_name", "email", "password", "is_staff", "is_active", "is_superuser", "last_login", "date_joined") VALUES (E'john', E'', E'', E'', E'', false, true, false, E'2011-05-15 16:34:29.804786', E'2011-05-15 16:34:29.804797'); args=('john', '', '', '', '', False, True, False, u'2011-05-15 16:34:29.804786', u'2011-05-15 16:34:29.804797')
DEBUG 2011-05-15 16:34:29,806 util (0.000) SELECT CURRVAL(pg_get_serial_sequence('"auth_user"','id')); args=()
DEBUG 2011-05-15 16:34:29,808 util (0.001) SELECT "django_site"."id", "django_site"."domain", "django_site"."name" FROM "django_site" WHERE "django_site"."id" = 1 ; args=(1,)
DEBUG 2011-05-15 16:34:29,810 util (0.000) SELECT "django_content_type"."id", "django_content_type"."name", "django_content_type"."app_label", "django_content_type"."model" FROM "django_content_type" WHERE "django_content_type"."id" = 3 ; args=(3,)
DEBUG 2011-05-15 16:34:29,812 util (0.000) SELECT "auth_user"."id", "auth_user"."username", "auth_user"."first_name", "auth_user"."last_name", "auth_user"."email", "auth_user"."password", "auth_user"."is_staff", "auth_user"."is_active", "auth_user"."is_superuser", "auth_user"."last_login", "auth_user"."date_joined" FROM "auth_user" WHERE "auth_user"."id" = 4 ; args=(4,)
DEBUG 2011-05-15 16:34:29,813 util (0.000) SELECT "django_content_type"."id", "django_content_type"."name", "django_content_type"."app_label", "django_content_type"."model" FROM "django_content_type" WHERE "django_content_type"."id" = 3 ; args=(3,)
DEBUG 2011-05-15 16:34:29,815 util (0.000) SELECT "auth_user"."id", "auth_user"."username", "auth_user"."first_name", "auth_user"."last_name", "auth_user"."email", "auth_user"."password", "auth_user"."is_staff", "auth_user"."is_active", "auth_user"."is_superuser", "auth_user"."last_login", "auth_user"."date_joined" FROM "auth_user" WHERE "auth_user"."id" = 4 ; args=(4,)
DEBUG 2011-05-15 16:34:43,376 views Email POST request with param 
WARNING 2011-05-15 16:34:43,377 views Email sent POST was empty or none
DEBUG 2011-05-15 16:34:43,408 views Email POST request with param test@aalto.fi
DEBUG 2011-05-15 16:34:43,457 views Email test@aalto.fi has been added successfully for user cristian1000 and the confimation email has been sent
DEBUG 2011-05-15 16:34:43,473 views Email confirmation attempt for test@aalto.fi (cristian1000) with key 6b3e39d43dc144248f3e9ec94b92d4ba50151c64
DEBUG 2011-05-15 16:34:43,489 views Email GET request for user cristian1000 returned test@aalto.fi
DEBUG 2011-05-15 16:34:43,498 views Email was successfully deleted for user cristian1000 
DEBUG 2011-05-15 16:34:43,502 views Email GET request for user cristian1000 returned 
DEBUG 2011-05-15 16:36:11,698 util (0.003) SELECT "django_content_type"."id", "django_content_type"."name", "django_content_type"."app_label", "django_content_type"."model" FROM "django_content_type" WHERE ("django_content_type"."model" = E'contenttype'  AND "django_content_type"."app_label" = E'contenttypes' ); args=('contenttype', 'contenttypes')
DEBUG 2011-05-15 16:36:11,700 util (0.000) SELECT "django_content_type"."id", "django_content_type"."name", "django_content_type"."app_label", "django_content_type"."model" FROM "django_content_type" WHERE ("django_content_type"."model" = E'contenttype'  AND "django_content_type"."app_label" = E'contenttypes' ); args=('contenttype', 'contenttypes')
DEBUG 2011-05-15 16:36:11,712 util (0.003) SELECT "django_content_type"."id", "django_content_type"."name", "django_content_type"."app_label", "django_content_type"."model" FROM "django_content_type" WHERE ("django_content_type"."model" = E'user'  AND "django_content_type"."app_label" = E'auth' ); args=('user', 'auth')
DEBUG 2011-05-15 16:36:11,714 util (0.001) INSERT INTO "auth_user" ("username", "first_name", "last_name", "email", "password", "is_staff", "is_active", "is_superuser", "last_login", "date_joined") VALUES (E'john', E'', E'', E'', E'', false, true, false, E'2011-05-15 16:36:11.713097', E'2011-05-15 16:36:11.713112'); args=('john', '', '', '', '', False, True, False, u'2011-05-15 16:36:11.713097', u'2011-05-15 16:36:11.713112')
DEBUG 2011-05-15 16:36:11,715 util (0.001) SELECT CURRVAL(pg_get_serial_sequence('"auth_user"','id')); args=()
DEBUG 2011-05-15 16:36:11,716 util (0.000) SELECT "django_site"."id", "django_site"."domain", "django_site"."name" FROM "django_site" WHERE "django_site"."id" = 1 ; args=(1,)
DEBUG 2011-05-15 16:36:11,718 util (0.000) SELECT "django_content_type"."id", "django_content_type"."name", "django_content_type"."app_label", "django_content_type"."model" FROM "django_content_type" WHERE "django_content_type"."id" = 3 ; args=(3,)
DEBUG 2011-05-15 16:36:11,720 util (0.000) SELECT "auth_user"."id", "auth_user"."username", "auth_user"."first_name", "auth_user"."last_name", "auth_user"."email", "auth_user"."password", "auth_user"."is_staff", "auth_user"."is_active", "auth_user"."is_superuser", "auth_user"."last_login", "auth_user"."date_joined" FROM "auth_user" WHERE "auth_user"."id" = 4 ; args=(4,)
DEBUG 2011-05-15 16:36:11,721 util (0.000) SELECT "django_content_type"."id", "django_content_type"."name", "django_content_type"."app_label", "django_content_type"."model" FROM "django_content_type" WHERE "django_content_type"."id" = 3 ; args=(3,)
DEBUG 2011-05-15 16:36:11,722 util (0.000) SELECT "auth_user"."id", "auth_user"."username", "auth_user"."first_name", "auth_user"."last_name", "auth_user"."email", "auth_user"."password", "auth_user"."is_staff", "auth_user"."is_active", "auth_user"."is_superuser", "auth_user"."last_login", "auth_user"."date_joined" FROM "auth_user" WHERE "auth_user"."id" = 4 ; args=(4,)
DEBUG 2011-05-15 16:37:29,354 util (0.003) SELECT "django_content_type"."id", "django_content_type"."name", "django_content_type"."app_label", "django_content_type"."model" FROM "django_content_type" WHERE ("django_content_type"."model" = E'contenttype'  AND "django_content_type"."app_label" = E'contenttypes' ); args=('contenttype', 'contenttypes')
DEBUG 2011-05-15 16:37:29,355 util (0.000) SELECT "django_content_type"."id", "django_content_type"."name", "django_content_type"."app_label", "django_content_type"."model" FROM "django_content_type" WHERE ("django_content_type"."model" = E'contenttype'  AND "django_content_type"."app_label" = E'contenttypes' ); args=('contenttype', 'contenttypes')
DEBUG 2011-05-15 16:37:29,366 util (0.003) SELECT "django_content_type"."id", "django_content_type"."name", "django_content_type"."app_label", "django_content_type"."model" FROM "django_content_type" WHERE ("django_content_type"."model" = E'user'  AND "django_content_type"."app_label" = E'auth' ); args=('user', 'auth')
DEBUG 2011-05-15 16:37:29,367 util (0.001) INSERT INTO "auth_user" ("username", "first_name", "last_name", "email", "password", "is_staff", "is_active", "is_superuser", "last_login", "date_joined") VALUES (E'john', E'', E'', E'', E'', false, true, false, E'2011-05-15 16:37:29.366497', E'2011-05-15 16:37:29.366508'); args=('john', '', '', '', '', False, True, False, u'2011-05-15 16:37:29.366497', u'2011-05-15 16:37:29.366508')
DEBUG 2011-05-15 16:37:29,368 util (0.001) SELECT CURRVAL(pg_get_serial_sequence('"auth_user"','id')); args=()
DEBUG 2011-05-15 16:37:29,370 util (0.000) SELECT "django_site"."id", "django_site"."domain", "django_site"."name" FROM "django_site" WHERE "django_site"."id" = 1 ; args=(1,)
DEBUG 2011-05-15 16:37:29,371 util (0.000) SELECT "django_content_type"."id", "django_content_type"."name", "django_content_type"."app_label", "django_content_type"."model" FROM "django_content_type" WHERE "django_content_type"."id" = 3 ; args=(3,)
DEBUG 2011-05-15 16:37:29,373 util (0.000) SELECT "auth_user"."id", "auth_user"."username", "auth_user"."first_name", "auth_user"."last_name", "auth_user"."email", "auth_user"."password", "auth_user"."is_staff", "auth_user"."is_active", "auth_user"."is_superuser", "auth_user"."last_login", "auth_user"."date_joined" FROM "auth_user" WHERE "auth_user"."id" = 4 ; args=(4,)
DEBUG 2011-05-15 16:37:29,374 util (0.000) SELECT "django_content_type"."id", "django_content_type"."name", "django_content_type"."app_label", "django_content_type"."model" FROM "django_content_type" WHERE "django_content_type"."id" = 3 ; args=(3,)
DEBUG 2011-05-15 16:37:29,375 util (0.000) SELECT "auth_user"."id", "auth_user"."username", "auth_user"."first_name", "auth_user"."last_name", "auth_user"."email", "auth_user"."password", "auth_user"."is_staff", "auth_user"."is_active", "auth_user"."is_superuser", "auth_user"."last_login", "auth_user"."date_joined" FROM "auth_user" WHERE "auth_user"."id" = 4 ; args=(4,)
DEBUG 2011-05-15 16:37:42,616 views Email POST request with param 
WARNING 2011-05-15 16:37:42,616 views Email sent POST was empty or none
DEBUG 2011-05-15 16:37:42,647 views Email POST request with param test@aalto.fi
DEBUG 2011-05-15 16:37:42,657 views Email test@aalto.fi has been added successfully for user cristian1000 and the confimation email has been sent
DEBUG 2011-05-15 16:37:42,674 views Email confirmation attempt for test@aalto.fi (cristian1000) with key 3a3280636a4b9be52f6412714f6d8addd003b1c9
DEBUG 2011-05-15 16:37:42,683 views Email GET request for user cristian1000 returned test@aalto.fi
DEBUG 2011-05-15 16:37:42,693 views Email was successfully deleted for user cristian1000 
DEBUG 2011-05-15 16:37:42,697 views Email GET request for user cristian1000 returned 
DEBUG 2011-05-15 16:42:21,840 util (0.003) SELECT "django_content_type"."id", "django_content_type"."name", "django_content_type"."app_label", "django_content_type"."model" FROM "django_content_type" WHERE ("django_content_type"."model" = E'contenttype'  AND "django_content_type"."app_label" = E'contenttypes' ); args=('contenttype', 'contenttypes')
DEBUG 2011-05-15 16:42:21,842 util (0.000) SELECT "django_content_type"."id", "django_content_type"."name", "django_content_type"."app_label", "django_content_type"."model" FROM "django_content_type" WHERE ("django_content_type"."model" = E'contenttype'  AND "django_content_type"."app_label" = E'contenttypes' ); args=('contenttype', 'contenttypes')
DEBUG 2011-05-15 16:42:21,853 util (0.003) SELECT "django_content_type"."id", "django_content_type"."name", "django_content_type"."app_label", "django_content_type"."model" FROM "django_content_type" WHERE ("django_content_type"."model" = E'user'  AND "django_content_type"."app_label" = E'auth' ); args=('user', 'auth')
DEBUG 2011-05-15 16:42:21,855 util (0.001) INSERT INTO "auth_user" ("username", "first_name", "last_name", "email", "password", "is_staff", "is_active", "is_superuser", "last_login", "date_joined") VALUES (E'john', E'', E'', E'', E'', false, true, false, E'2011-05-15 16:42:21.854237', E'2011-05-15 16:42:21.854248'); args=('john', '', '', '', '', False, True, False, u'2011-05-15 16:42:21.854237', u'2011-05-15 16:42:21.854248')
DEBUG 2011-05-15 16:42:21,856 util (0.001) SELECT CURRVAL(pg_get_serial_sequence('"auth_user"','id')); args=()
DEBUG 2011-05-15 16:42:21,857 util (0.000) SELECT "django_site"."id", "django_site"."domain", "django_site"."name" FROM "django_site" WHERE "django_site"."id" = 1 ; args=(1,)
DEBUG 2011-05-15 16:42:21,859 util (0.000) SELECT "django_content_type"."id", "django_content_type"."name", "django_content_type"."app_label", "django_content_type"."model" FROM "django_content_type" WHERE "django_content_type"."id" = 3 ; args=(3,)
DEBUG 2011-05-15 16:42:21,861 util (0.001) SELECT "auth_user"."id", "auth_user"."username", "auth_user"."first_name", "auth_user"."last_name", "auth_user"."email", "auth_user"."password", "auth_user"."is_staff", "auth_user"."is_active", "auth_user"."is_superuser", "auth_user"."last_login", "auth_user"."date_joined" FROM "auth_user" WHERE "auth_user"."id" = 4 ; args=(4,)
DEBUG 2011-05-15 16:42:21,863 util (0.000) SELECT "django_content_type"."id", "django_content_type"."name", "django_content_type"."app_label", "django_content_type"."model" FROM "django_content_type" WHERE "django_content_type"."id" = 3 ; args=(3,)
DEBUG 2011-05-15 16:42:21,864 util (0.000) SELECT "auth_user"."id", "auth_user"."username", "auth_user"."first_name", "auth_user"."last_name", "auth_user"."email", "auth_user"."password", "auth_user"."is_staff", "auth_user"."is_active", "auth_user"."is_superuser", "auth_user"."last_login", "auth_user"."date_joined" FROM "auth_user" WHERE "auth_user"."id" = 4 ; args=(4,)
DEBUG 2011-05-15 16:42:34,967 views Email POST request with param 
WARNING 2011-05-15 16:42:34,967 views Email sent POST was empty or none
DEBUG 2011-05-15 16:42:34,997 views Email POST request with param test@aalto.fi
DEBUG 2011-05-15 16:42:35,006 views Email test@aalto.fi has been added successfully for user cristian1000 and the confimation email has been sent
DEBUG 2011-05-15 16:42:35,022 views Email confirmation attempt for test@aalto.fi (cristian1000) with key b004927f3b1086a7de808781f7e1573c85a295f7
DEBUG 2011-05-15 16:42:35,031 views Email GET request for user cristian1000 returned test@aalto.fi
DEBUG 2011-05-15 16:42:35,040 views Email was successfully deleted for user cristian1000 
DEBUG 2011-05-15 16:42:35,044 views Email GET request for user cristian1000 returned 
DEBUG 2011-05-15 16:47:26,501 util (0.003) SELECT "django_content_type"."id", "django_content_type"."name", "django_content_type"."app_label", "django_content_type"."model" FROM "django_content_type" WHERE ("django_content_type"."model" = E'contenttype'  AND "django_content_type"."app_label" = E'contenttypes' ); args=('contenttype', 'contenttypes')
DEBUG 2011-05-15 16:47:26,503 util (0.000) SELECT "django_content_type"."id", "django_content_type"."name", "django_content_type"."app_label", "django_content_type"."model" FROM "django_content_type" WHERE ("django_content_type"."model" = E'contenttype'  AND "django_content_type"."app_label" = E'contenttypes' ); args=('contenttype', 'contenttypes')
DEBUG 2011-05-15 16:47:26,514 util (0.003) SELECT "django_content_type"."id", "django_content_type"."name", "django_content_type"."app_label", "django_content_type"."model" FROM "django_content_type" WHERE ("django_content_type"."model" = E'user'  AND "django_content_type"."app_label" = E'auth' ); args=('user', 'auth')
DEBUG 2011-05-15 16:47:26,516 util (0.001) INSERT INTO "auth_user" ("username", "first_name", "last_name", "email", "password", "is_staff", "is_active", "is_superuser", "last_login", "date_joined") VALUES (E'john', E'', E'', E'', E'', false, true, false, E'2011-05-15 16:47:26.514910', E'2011-05-15 16:47:26.514920'); args=('john', '', '', '', '', False, True, False, u'2011-05-15 16:47:26.514910', u'2011-05-15 16:47:26.514920')
DEBUG 2011-05-15 16:47:26,516 util (0.000) SELECT CURRVAL(pg_get_serial_sequence('"auth_user"','id')); args=()
DEBUG 2011-05-15 16:47:26,518 util (0.000) SELECT "django_site"."id", "django_site"."domain", "django_site"."name" FROM "django_site" WHERE "django_site"."id" = 1 ; args=(1,)
DEBUG 2011-05-15 16:47:26,519 util (0.000) SELECT "django_content_type"."id", "django_content_type"."name", "django_content_type"."app_label", "django_content_type"."model" FROM "django_content_type" WHERE "django_content_type"."id" = 3 ; args=(3,)
DEBUG 2011-05-15 16:47:26,521 util (0.000) SELECT "auth_user"."id", "auth_user"."username", "auth_user"."first_name", "auth_user"."last_name", "auth_user"."email", "auth_user"."password", "auth_user"."is_staff", "auth_user"."is_active", "auth_user"."is_superuser", "auth_user"."last_login", "auth_user"."date_joined" FROM "auth_user" WHERE "auth_user"."id" = 4 ; args=(4,)
DEBUG 2011-05-15 16:47:26,522 util (0.000) SELECT "django_content_type"."id", "django_content_type"."name", "django_content_type"."app_label", "django_content_type"."model" FROM "django_content_type" WHERE "django_content_type"."id" = 3 ; args=(3,)
DEBUG 2011-05-15 16:47:26,524 util (0.000) SELECT "auth_user"."id", "auth_user"."username", "auth_user"."first_name", "auth_user"."last_name", "auth_user"."email", "auth_user"."password", "auth_user"."is_staff", "auth_user"."is_active", "auth_user"."is_superuser", "auth_user"."last_login", "auth_user"."date_joined" FROM "auth_user" WHERE "auth_user"."id" = 4 ; args=(4,)
DEBUG 2011-05-15 16:47:39,592 views Email POST request with param 
WARNING 2011-05-15 16:47:39,592 views Email sent POST was empty or none
DEBUG 2011-05-15 16:47:39,622 views Email POST request with param test@aalto.fi
DEBUG 2011-05-15 16:47:39,632 views Email test@aalto.fi has been added successfully for user cristian1000 and the confimation email has been sent
DEBUG 2011-05-15 16:47:39,649 views Email confirmation attempt for test@aalto.fi (cristian1000) with key 1f95a4aee7c4df95a16b9204c17b999c78d30930
DEBUG 2011-05-15 16:47:39,659 views Email GET request for user cristian1000 returned test@aalto.fi
DEBUG 2011-05-15 16:47:39,669 views Email was successfully deleted for user cristian1000 
DEBUG 2011-05-15 16:47:39,673 views Email GET request for user cristian1000 returned 
DEBUG 2011-05-15 16:51:50,952 util (0.003) SELECT "django_content_type"."id", "django_content_type"."name", "django_content_type"."app_label", "django_content_type"."model" FROM "django_content_type" WHERE ("django_content_type"."model" = E'contenttype'  AND "django_content_type"."app_label" = E'contenttypes' ); args=('contenttype', 'contenttypes')
DEBUG 2011-05-15 16:51:50,954 util (0.000) SELECT "django_content_type"."id", "django_content_type"."name", "django_content_type"."app_label", "django_content_type"."model" FROM "django_content_type" WHERE ("django_content_type"."model" = E'contenttype'  AND "django_content_type"."app_label" = E'contenttypes' ); args=('contenttype', 'contenttypes')
DEBUG 2011-05-15 16:51:50,965 util (0.003) SELECT "django_content_type"."id", "django_content_type"."name", "django_content_type"."app_label", "django_content_type"."model" FROM "django_content_type" WHERE ("django_content_type"."model" = E'user'  AND "django_content_type"."app_label" = E'auth' ); args=('user', 'auth')
DEBUG 2011-05-15 16:51:50,967 util (0.001) INSERT INTO "auth_user" ("username", "first_name", "last_name", "email", "password", "is_staff", "is_active", "is_superuser", "last_login", "date_joined") VALUES (E'john', E'', E'', E'', E'', false, true, false, E'2011-05-15 16:51:50.965700', E'2011-05-15 16:51:50.965715'); args=('john', '', '', '', '', False, True, False, u'2011-05-15 16:51:50.965700', u'2011-05-15 16:51:50.965715')
DEBUG 2011-05-15 16:51:50,967 util (0.001) SELECT CURRVAL(pg_get_serial_sequence('"auth_user"','id')); args=()
DEBUG 2011-05-15 16:51:50,969 util (0.000) SELECT "django_site"."id", "django_site"."domain", "django_site"."name" FROM "django_site" WHERE "django_site"."id" = 1 ; args=(1,)
DEBUG 2011-05-15 16:51:50,971 util (0.000) SELECT "django_content_type"."id", "django_content_type"."name", "django_content_type"."app_label", "django_content_type"."model" FROM "django_content_type" WHERE "django_content_type"."id" = 3 ; args=(3,)
DEBUG 2011-05-15 16:51:50,972 util (0.000) SELECT "auth_user"."id", "auth_user"."username", "auth_user"."first_name", "auth_user"."last_name", "auth_user"."email", "auth_user"."password", "auth_user"."is_staff", "auth_user"."is_active", "auth_user"."is_superuser", "auth_user"."last_login", "auth_user"."date_joined" FROM "auth_user" WHERE "auth_user"."id" = 4 ; args=(4,)
DEBUG 2011-05-15 16:51:50,973 util (0.000) SELECT "django_content_type"."id", "django_content_type"."name", "django_content_type"."app_label", "django_content_type"."model" FROM "django_content_type" WHERE "django_content_type"."id" = 3 ; args=(3,)
DEBUG 2011-05-15 16:51:50,975 util (0.000) SELECT "auth_user"."id", "auth_user"."username", "auth_user"."first_name", "auth_user"."last_name", "auth_user"."email", "auth_user"."password", "auth_user"."is_staff", "auth_user"."is_active", "auth_user"."is_superuser", "auth_user"."last_login", "auth_user"."date_joined" FROM "auth_user" WHERE "auth_user"."id" = 4 ; args=(4,)
DEBUG 2011-05-15 16:52:04,089 views Email POST request with param 
WARNING 2011-05-15 16:52:04,090 views Email sent POST was empty or none
DEBUG 2011-05-15 16:52:04,121 views Email POST request with param test@aalto.fi
DEBUG 2011-05-15 16:52:04,130 views Email test@aalto.fi has been added successfully for user cristian1000 and the confimation email has been sent
DEBUG 2011-05-15 16:52:04,147 views Email confirmation attempt for test@aalto.fi (cristian1000) with key 608eb9cf3169cb9038154de97a3a043fb7090eb8
DEBUG 2011-05-15 16:52:04,157 views Email GET request for user cristian1000 returned test@aalto.fi
DEBUG 2011-05-15 16:52:04,168 views Email was successfully deleted for user cristian1000 
DEBUG 2011-05-15 16:52:04,172 views Email GET request for user cristian1000 returned 
DEBUG 2011-05-15 17:05:26,623 util (0.003) SELECT "django_content_type"."id", "django_content_type"."name", "django_content_type"."app_label", "django_content_type"."model" FROM "django_content_type" WHERE ("django_content_type"."model" = E'contenttype'  AND "django_content_type"."app_label" = E'contenttypes' ); args=('contenttype', 'contenttypes')
DEBUG 2011-05-15 17:05:26,625 util (0.000) SELECT "django_content_type"."id", "django_content_type"."name", "django_content_type"."app_label", "django_content_type"."model" FROM "django_content_type" WHERE ("django_content_type"."model" = E'contenttype'  AND "django_content_type"."app_label" = E'contenttypes' ); args=('contenttype', 'contenttypes')
DEBUG 2011-05-15 17:05:26,637 util (0.003) SELECT "django_content_type"."id", "django_content_type"."name", "django_content_type"."app_label", "django_content_type"."model" FROM "django_content_type" WHERE ("django_content_type"."model" = E'user'  AND "django_content_type"."app_label" = E'auth' ); args=('user', 'auth')
DEBUG 2011-05-15 17:05:26,639 util (0.001) INSERT INTO "auth_user" ("username", "first_name", "last_name", "email", "password", "is_staff", "is_active", "is_superuser", "last_login", "date_joined") VALUES (E'john', E'', E'', E'', E'', false, true, false, E'2011-05-15 17:05:26.637701', E'2011-05-15 17:05:26.637713'); args=('john', '', '', '', '', False, True, False, u'2011-05-15 17:05:26.637701', u'2011-05-15 17:05:26.637713')
DEBUG 2011-05-15 17:05:26,639 util (0.001) SELECT CURRVAL(pg_get_serial_sequence('"auth_user"','id')); args=()
DEBUG 2011-05-15 17:05:26,641 util (0.001) SELECT "django_site"."id", "django_site"."domain", "django_site"."name" FROM "django_site" WHERE "django_site"."id" = 1 ; args=(1,)
DEBUG 2011-05-15 17:05:26,643 util (0.000) SELECT "django_content_type"."id", "django_content_type"."name", "django_content_type"."app_label", "django_content_type"."model" FROM "django_content_type" WHERE "django_content_type"."id" = 3 ; args=(3,)
DEBUG 2011-05-15 17:05:26,645 util (0.000) SELECT "auth_user"."id", "auth_user"."username", "auth_user"."first_name", "auth_user"."last_name", "auth_user"."email", "auth_user"."password", "auth_user"."is_staff", "auth_user"."is_active", "auth_user"."is_superuser", "auth_user"."last_login", "auth_user"."date_joined" FROM "auth_user" WHERE "auth_user"."id" = 4 ; args=(4,)
DEBUG 2011-05-15 17:05:26,646 util (0.000) SELECT "django_content_type"."id", "django_content_type"."name", "django_content_type"."app_label", "django_content_type"."model" FROM "django_content_type" WHERE "django_content_type"."id" = 3 ; args=(3,)
DEBUG 2011-05-15 17:05:26,648 util (0.000) SELECT "auth_user"."id", "auth_user"."username", "auth_user"."first_name", "auth_user"."last_name", "auth_user"."email", "auth_user"."password", "auth_user"."is_staff", "auth_user"."is_active", "auth_user"."is_superuser", "auth_user"."last_login", "auth_user"."date_joined" FROM "auth_user" WHERE "auth_user"."id" = 4 ; args=(4,)
DEBUG 2011-05-15 17:05:55,982 util (0.003) SELECT "django_content_type"."id", "django_content_type"."name", "django_content_type"."app_label", "django_content_type"."model" FROM "django_content_type" WHERE ("django_content_type"."model" = E'contenttype'  AND "django_content_type"."app_label" = E'contenttypes' ); args=('contenttype', 'contenttypes')
DEBUG 2011-05-15 17:05:55,984 util (0.000) SELECT "django_content_type"."id", "django_content_type"."name", "django_content_type"."app_label", "django_content_type"."model" FROM "django_content_type" WHERE ("django_content_type"."model" = E'contenttype'  AND "django_content_type"."app_label" = E'contenttypes' ); args=('contenttype', 'contenttypes')
DEBUG 2011-05-15 17:05:55,996 util (0.003) SELECT "django_content_type"."id", "django_content_type"."name", "django_content_type"."app_label", "django_content_type"."model" FROM "django_content_type" WHERE ("django_content_type"."model" = E'user'  AND "django_content_type"."app_label" = E'auth' ); args=('user', 'auth')
DEBUG 2011-05-15 17:05:55,998 util (0.001) INSERT INTO "auth_user" ("username", "first_name", "last_name", "email", "password", "is_staff", "is_active", "is_superuser", "last_login", "date_joined") VALUES (E'john', E'', E'', E'', E'', false, true, false, E'2011-05-15 17:05:55.996795', E'2011-05-15 17:05:55.996805'); args=('john', '', '', '', '', False, True, False, u'2011-05-15 17:05:55.996795', u'2011-05-15 17:05:55.996805')
DEBUG 2011-05-15 17:05:55,999 util (0.001) SELECT CURRVAL(pg_get_serial_sequence('"auth_user"','id')); args=()
DEBUG 2011-05-15 17:05:56,000 util (0.001) SELECT "django_site"."id", "django_site"."domain", "django_site"."name" FROM "django_site" WHERE "django_site"."id" = 1 ; args=(1,)
DEBUG 2011-05-15 17:05:56,002 util (0.000) SELECT "django_content_type"."id", "django_content_type"."name", "django_content_type"."app_label", "django_content_type"."model" FROM "django_content_type" WHERE "django_content_type"."id" = 3 ; args=(3,)
DEBUG 2011-05-15 17:05:56,004 util (0.000) SELECT "auth_user"."id", "auth_user"."username", "auth_user"."first_name", "auth_user"."last_name", "auth_user"."email", "auth_user"."password", "auth_user"."is_staff", "auth_user"."is_active", "auth_user"."is_superuser", "auth_user"."last_login", "auth_user"."date_joined" FROM "auth_user" WHERE "auth_user"."id" = 4 ; args=(4,)
DEBUG 2011-05-15 17:05:56,005 util (0.000) SELECT "django_content_type"."id", "django_content_type"."name", "django_content_type"."app_label", "django_content_type"."model" FROM "django_content_type" WHERE "django_content_type"."id" = 3 ; args=(3,)
DEBUG 2011-05-15 17:05:56,007 util (0.000) SELECT "auth_user"."id", "auth_user"."username", "auth_user"."first_name", "auth_user"."last_name", "auth_user"."email", "auth_user"."password", "auth_user"."is_staff", "auth_user"."is_active", "auth_user"."is_superuser", "auth_user"."last_login", "auth_user"."date_joined" FROM "auth_user" WHERE "auth_user"."id" = 4 ; args=(4,)
DEBUG 2011-05-15 17:06:09,139 views Email POST request with param 
WARNING 2011-05-15 17:06:09,139 views Email sent POST was empty or none
DEBUG 2011-05-15 17:06:09,171 views Email POST request with param test@aalto.fi
DEBUG 2011-05-15 17:06:09,181 views Email test@aalto.fi has been added successfully for user cristian1000 and the confimation email has been sent
DEBUG 2011-05-15 17:06:09,198 views Email confirmation attempt for test@aalto.fi (cristian1000) with key 8e36a010e61a66d90fc487d29e7a33497b2af628
DEBUG 2011-05-15 17:06:09,207 views Email GET request for user cristian1000 returned test@aalto.fi
DEBUG 2011-05-15 17:06:09,217 views Email was successfully deleted for user cristian1000 
DEBUG 2011-05-15 17:06:09,220 views Email GET request for user cristian1000 returned 
DEBUG 2011-05-15 17:13:08,931 util (0.003) SELECT "django_content_type"."id", "django_content_type"."name", "django_content_type"."app_label", "django_content_type"."model" FROM "django_content_type" WHERE ("django_content_type"."model" = E'contenttype'  AND "django_content_type"."app_label" = E'contenttypes' ); args=('contenttype', 'contenttypes')
DEBUG 2011-05-15 17:13:08,933 util (0.000) SELECT "django_content_type"."id", "django_content_type"."name", "django_content_type"."app_label", "django_content_type"."model" FROM "django_content_type" WHERE ("django_content_type"."model" = E'contenttype'  AND "django_content_type"."app_label" = E'contenttypes' ); args=('contenttype', 'contenttypes')
DEBUG 2011-05-15 17:13:08,944 util (0.003) SELECT "django_content_type"."id", "django_content_type"."name", "django_content_type"."app_label", "django_content_type"."model" FROM "django_content_type" WHERE ("django_content_type"."model" = E'user'  AND "django_content_type"."app_label" = E'auth' ); args=('user', 'auth')
DEBUG 2011-05-15 17:13:08,946 util (0.001) INSERT INTO "auth_user" ("username", "first_name", "last_name", "email", "password", "is_staff", "is_active", "is_superuser", "last_login", "date_joined") VALUES (E'john', E'', E'', E'', E'', false, true, false, E'2011-05-15 17:13:08.944930', E'2011-05-15 17:13:08.944941'); args=('john', '', '', '', '', False, True, False, u'2011-05-15 17:13:08.944930', u'2011-05-15 17:13:08.944941')
DEBUG 2011-05-15 17:13:08,946 util (0.001) SELECT CURRVAL(pg_get_serial_sequence('"auth_user"','id')); args=()
DEBUG 2011-05-15 17:13:08,948 util (0.000) SELECT "django_site"."id", "django_site"."domain", "django_site"."name" FROM "django_site" WHERE "django_site"."id" = 1 ; args=(1,)
DEBUG 2011-05-15 17:13:08,950 util (0.000) SELECT "django_content_type"."id", "django_content_type"."name", "django_content_type"."app_label", "django_content_type"."model" FROM "django_content_type" WHERE "django_content_type"."id" = 3 ; args=(3,)
DEBUG 2011-05-15 17:13:08,952 util (0.000) SELECT "auth_user"."id", "auth_user"."username", "auth_user"."first_name", "auth_user"."last_name", "auth_user"."email", "auth_user"."password", "auth_user"."is_staff", "auth_user"."is_active", "auth_user"."is_superuser", "auth_user"."last_login", "auth_user"."date_joined" FROM "auth_user" WHERE "auth_user"."id" = 4 ; args=(4,)
DEBUG 2011-05-15 17:13:08,953 util (0.000) SELECT "django_content_type"."id", "django_content_type"."name", "django_content_type"."app_label", "django_content_type"."model" FROM "django_content_type" WHERE "django_content_type"."id" = 3 ; args=(3,)
DEBUG 2011-05-15 17:13:08,954 util (0.000) SELECT "auth_user"."id", "auth_user"."username", "auth_user"."first_name", "auth_user"."last_name", "auth_user"."email", "auth_user"."password", "auth_user"."is_staff", "auth_user"."is_active", "auth_user"."is_superuser", "auth_user"."last_login", "auth_user"."date_joined" FROM "auth_user" WHERE "auth_user"."id" = 4 ; args=(4,)
DEBUG 2011-05-15 17:13:22,061 views Email POST request with param 
WARNING 2011-05-15 17:13:22,062 views Email sent POST was empty or none
DEBUG 2011-05-15 17:13:22,094 views Email POST request with param test@aalto.fi
DEBUG 2011-05-15 17:13:22,105 views Email test@aalto.fi has been added successfully for user cristian1000 and the confimation email has been sent
DEBUG 2011-05-15 17:13:22,121 views Email confirmation attempt for test@aalto.fi (cristian1000) with key d26ac3142c11e3453d1ef8442cab034fee3599a8
DEBUG 2011-05-15 17:13:22,130 views Email GET request for user cristian1000 returned test@aalto.fi
DEBUG 2011-05-15 17:13:22,139 views Email was successfully deleted for user cristian1000 
DEBUG 2011-05-15 17:13:22,143 views Email GET request for user cristian1000 returned 
DEBUG 2011-05-15 17:18:52,911 util (0.003) SELECT "django_content_type"."id", "django_content_type"."name", "django_content_type"."app_label", "django_content_type"."model" FROM "django_content_type" WHERE ("django_content_type"."model" = E'contenttype'  AND "django_content_type"."app_label" = E'contenttypes' ); args=('contenttype', 'contenttypes')
DEBUG 2011-05-15 17:18:52,913 util (0.000) SELECT "django_content_type"."id", "django_content_type"."name", "django_content_type"."app_label", "django_content_type"."model" FROM "django_content_type" WHERE ("django_content_type"."model" = E'contenttype'  AND "django_content_type"."app_label" = E'contenttypes' ); args=('contenttype', 'contenttypes')
DEBUG 2011-05-15 17:18:52,924 util (0.003) SELECT "django_content_type"."id", "django_content_type"."name", "django_content_type"."app_label", "django_content_type"."model" FROM "django_content_type" WHERE ("django_content_type"."model" = E'user'  AND "django_content_type"."app_label" = E'auth' ); args=('user', 'auth')
DEBUG 2011-05-15 17:18:52,926 util (0.001) INSERT INTO "auth_user" ("username", "first_name", "last_name", "email", "password", "is_staff", "is_active", "is_superuser", "last_login", "date_joined") VALUES (E'john', E'', E'', E'', E'', false, true, false, E'2011-05-15 17:18:52.925153', E'2011-05-15 17:18:52.925163'); args=('john', '', '', '', '', False, True, False, u'2011-05-15 17:18:52.925153', u'2011-05-15 17:18:52.925163')
DEBUG 2011-05-15 17:18:52,927 util (0.001) SELECT CURRVAL(pg_get_serial_sequence('"auth_user"','id')); args=()
DEBUG 2011-05-15 17:18:52,928 util (0.000) SELECT "django_site"."id", "django_site"."domain", "django_site"."name" FROM "django_site" WHERE "django_site"."id" = 1 ; args=(1,)
DEBUG 2011-05-15 17:18:52,930 util (0.000) SELECT "django_content_type"."id", "django_content_type"."name", "django_content_type"."app_label", "django_content_type"."model" FROM "django_content_type" WHERE "django_content_type"."id" = 3 ; args=(3,)
DEBUG 2011-05-15 17:18:52,932 util (0.000) SELECT "auth_user"."id", "auth_user"."username", "auth_user"."first_name", "auth_user"."last_name", "auth_user"."email", "auth_user"."password", "auth_user"."is_staff", "auth_user"."is_active", "auth_user"."is_superuser", "auth_user"."last_login", "auth_user"."date_joined" FROM "auth_user" WHERE "auth_user"."id" = 4 ; args=(4,)
DEBUG 2011-05-15 17:18:52,933 util (0.000) SELECT "django_content_type"."id", "django_content_type"."name", "django_content_type"."app_label", "django_content_type"."model" FROM "django_content_type" WHERE "django_content_type"."id" = 3 ; args=(3,)
DEBUG 2011-05-15 17:18:52,935 util (0.000) SELECT "auth_user"."id", "auth_user"."username", "auth_user"."first_name", "auth_user"."last_name", "auth_user"."email", "auth_user"."password", "auth_user"."is_staff", "auth_user"."is_active", "auth_user"."is_superuser", "auth_user"."last_login", "auth_user"."date_joined" FROM "auth_user" WHERE "auth_user"."id" = 4 ; args=(4,)
DEBUG 2011-05-15 17:19:06,033 views Email POST request with param 
WARNING 2011-05-15 17:19:06,033 views Email sent POST was empty or none
DEBUG 2011-05-15 17:19:06,064 views Email POST request with param test@aalto.fi
DEBUG 2011-05-15 17:19:06,074 views Email test@aalto.fi has been added successfully for user cristian1000 and the confimation email has been sent
DEBUG 2011-05-15 17:19:06,091 views Email confirmation attempt for test@aalto.fi (cristian1000) with key de7647daf98a65e72020d3fd76ec4e4424d5a144
DEBUG 2011-05-15 17:19:06,102 views Email GET request for user cristian1000 returned test@aalto.fi
DEBUG 2011-05-15 17:19:06,112 views Email was successfully deleted for user cristian1000 
DEBUG 2011-05-15 17:19:06,115 views Email GET request for user cristian1000 returned 
DEBUG 2011-05-15 17:21:53,525 util (0.003) SELECT "django_content_type"."id", "django_content_type"."name", "django_content_type"."app_label", "django_content_type"."model" FROM "django_content_type" WHERE ("django_content_type"."model" = E'contenttype'  AND "django_content_type"."app_label" = E'contenttypes' ); args=('contenttype', 'contenttypes')
DEBUG 2011-05-15 17:21:53,527 util (0.000) SELECT "django_content_type"."id", "django_content_type"."name", "django_content_type"."app_label", "django_content_type"."model" FROM "django_content_type" WHERE ("django_content_type"."model" = E'contenttype'  AND "django_content_type"."app_label" = E'contenttypes' ); args=('contenttype', 'contenttypes')
DEBUG 2011-05-15 17:21:53,538 util (0.003) SELECT "django_content_type"."id", "django_content_type"."name", "django_content_type"."app_label", "django_content_type"."model" FROM "django_content_type" WHERE ("django_content_type"."model" = E'user'  AND "django_content_type"."app_label" = E'auth' ); args=('user', 'auth')
DEBUG 2011-05-15 17:21:53,540 util (0.001) INSERT INTO "auth_user" ("username", "first_name", "last_name", "email", "password", "is_staff", "is_active", "is_superuser", "last_login", "date_joined") VALUES (E'john', E'', E'', E'', E'', false, true, false, E'2011-05-15 17:21:53.539111', E'2011-05-15 17:21:53.539124'); args=('john', '', '', '', '', False, True, False, u'2011-05-15 17:21:53.539111', u'2011-05-15 17:21:53.539124')
DEBUG 2011-05-15 17:21:53,541 util (0.001) SELECT CURRVAL(pg_get_serial_sequence('"auth_user"','id')); args=()
DEBUG 2011-05-15 17:21:53,542 util (0.000) SELECT "django_site"."id", "django_site"."domain", "django_site"."name" FROM "django_site" WHERE "django_site"."id" = 1 ; args=(1,)
DEBUG 2011-05-15 17:21:53,544 util (0.000) SELECT "django_content_type"."id", "django_content_type"."name", "django_content_type"."app_label", "django_content_type"."model" FROM "django_content_type" WHERE "django_content_type"."id" = 3 ; args=(3,)
DEBUG 2011-05-15 17:21:53,546 util (0.000) SELECT "auth_user"."id", "auth_user"."username", "auth_user"."first_name", "auth_user"."last_name", "auth_user"."email", "auth_user"."password", "auth_user"."is_staff", "auth_user"."is_active", "auth_user"."is_superuser", "auth_user"."last_login", "auth_user"."date_joined" FROM "auth_user" WHERE "auth_user"."id" = 4 ; args=(4,)
DEBUG 2011-05-15 17:21:53,547 util (0.000) SELECT "django_content_type"."id", "django_content_type"."name", "django_content_type"."app_label", "django_content_type"."model" FROM "django_content_type" WHERE "django_content_type"."id" = 3 ; args=(3,)
DEBUG 2011-05-15 17:21:53,549 util (0.000) SELECT "auth_user"."id", "auth_user"."username", "auth_user"."first_name", "auth_user"."last_name", "auth_user"."email", "auth_user"."password", "auth_user"."is_staff", "auth_user"."is_active", "auth_user"."is_superuser", "auth_user"."last_login", "auth_user"."date_joined" FROM "auth_user" WHERE "auth_user"."id" = 4 ; args=(4,)
DEBUG 2011-05-15 17:22:06,712 views Email POST request with param 
WARNING 2011-05-15 17:22:06,712 views Email sent POST was empty or none
DEBUG 2011-05-15 17:22:06,742 views Email POST request with param test@aalto.fi
DEBUG 2011-05-15 17:22:06,751 views Email test@aalto.fi has been added successfully for user cristian1000 and the confimation email has been sent
DEBUG 2011-05-15 17:22:06,767 views Email confirmation attempt for test@aalto.fi (cristian1000) with key 714423db946326f4e0c749b8da51af6b9bbd4eee
DEBUG 2011-05-15 17:22:06,776 views Email GET request for user cristian1000 returned test@aalto.fi
DEBUG 2011-05-15 17:22:06,786 views Email was successfully deleted for user cristian1000 
DEBUG 2011-05-15 17:22:06,789 views Email GET request for user cristian1000 returned 
DEBUG 2011-05-15 17:33:15,590 util (0.003) SELECT "django_content_type"."id", "django_content_type"."name", "django_content_type"."app_label", "django_content_type"."model" FROM "django_content_type" WHERE ("django_content_type"."model" = E'contenttype'  AND "django_content_type"."app_label" = E'contenttypes' ); args=('contenttype', 'contenttypes')
DEBUG 2011-05-15 17:33:15,592 util (0.000) SELECT "django_content_type"."id", "django_content_type"."name", "django_content_type"."app_label", "django_content_type"."model" FROM "django_content_type" WHERE ("django_content_type"."model" = E'contenttype'  AND "django_content_type"."app_label" = E'contenttypes' ); args=('contenttype', 'contenttypes')
DEBUG 2011-05-15 17:33:15,603 util (0.003) SELECT "django_content_type"."id", "django_content_type"."name", "django_content_type"."app_label", "django_content_type"."model" FROM "django_content_type" WHERE ("django_content_type"."model" = E'user'  AND "django_content_type"."app_label" = E'auth' ); args=('user', 'auth')
DEBUG 2011-05-15 17:33:15,605 util (0.001) INSERT INTO "auth_user" ("username", "first_name", "last_name", "email", "password", "is_staff", "is_active", "is_superuser", "last_login", "date_joined") VALUES (E'john', E'', E'', E'', E'', false, true, false, E'2011-05-15 17:33:15.604177', E'2011-05-15 17:33:15.604188'); args=('john', '', '', '', '', False, True, False, u'2011-05-15 17:33:15.604177', u'2011-05-15 17:33:15.604188')
DEBUG 2011-05-15 17:33:15,606 util (0.001) SELECT CURRVAL(pg_get_serial_sequence('"auth_user"','id')); args=()
DEBUG 2011-05-15 17:33:15,607 util (0.000) SELECT "django_site"."id", "django_site"."domain", "django_site"."name" FROM "django_site" WHERE "django_site"."id" = 1 ; args=(1,)
DEBUG 2011-05-15 17:33:15,609 util (0.000) SELECT "django_content_type"."id", "django_content_type"."name", "django_content_type"."app_label", "django_content_type"."model" FROM "django_content_type" WHERE "django_content_type"."id" = 3 ; args=(3,)
DEBUG 2011-05-15 17:33:15,611 util (0.000) SELECT "auth_user"."id", "auth_user"."username", "auth_user"."first_name", "auth_user"."last_name", "auth_user"."email", "auth_user"."password", "auth_user"."is_staff", "auth_user"."is_active", "auth_user"."is_superuser", "auth_user"."last_login", "auth_user"."date_joined" FROM "auth_user" WHERE "auth_user"."id" = 4 ; args=(4,)
DEBUG 2011-05-15 17:33:15,612 util (0.000) SELECT "django_content_type"."id", "django_content_type"."name", "django_content_type"."app_label", "django_content_type"."model" FROM "django_content_type" WHERE "django_content_type"."id" = 3 ; args=(3,)
DEBUG 2011-05-15 17:33:15,614 util (0.000) SELECT "auth_user"."id", "auth_user"."username", "auth_user"."first_name", "auth_user"."last_name", "auth_user"."email", "auth_user"."password", "auth_user"."is_staff", "auth_user"."is_active", "auth_user"."is_superuser", "auth_user"."last_login", "auth_user"."date_joined" FROM "auth_user" WHERE "auth_user"."id" = 4 ; args=(4,)
DEBUG 2011-05-15 17:33:28,748 views Email POST request with param 
WARNING 2011-05-15 17:33:28,749 views Email sent POST was empty or none
DEBUG 2011-05-15 17:33:28,780 views Email POST request with param test@aalto.fi
DEBUG 2011-05-15 17:33:28,791 views Email test@aalto.fi has been added successfully for user cristian1000 and the confimation email has been sent
DEBUG 2011-05-15 17:33:28,808 views Email confirmation attempt for test@aalto.fi (cristian1000) with key 58ee8ba2b092fbdeff568dcf1a6637996fa220b8
DEBUG 2011-05-15 17:33:28,819 views Email GET request for user cristian1000 returned test@aalto.fi
DEBUG 2011-05-15 17:33:28,829 views Email was successfully deleted for user cristian1000 
DEBUG 2011-05-15 17:33:28,833 views Email GET request for user cristian1000 returned 
DEBUG 2011-05-15 17:38:47,177 util (0.003) SELECT "django_content_type"."id", "django_content_type"."name", "django_content_type"."app_label", "django_content_type"."model" FROM "django_content_type" WHERE ("django_content_type"."model" = E'contenttype'  AND "django_content_type"."app_label" = E'contenttypes' ); args=('contenttype', 'contenttypes')
DEBUG 2011-05-15 17:38:47,179 util (0.000) SELECT "django_content_type"."id", "django_content_type"."name", "django_content_type"."app_label", "django_content_type"."model" FROM "django_content_type" WHERE ("django_content_type"."model" = E'contenttype'  AND "django_content_type"."app_label" = E'contenttypes' ); args=('contenttype', 'contenttypes')
DEBUG 2011-05-15 17:38:47,189 util (0.003) SELECT "django_content_type"."id", "django_content_type"."name", "django_content_type"."app_label", "django_content_type"."model" FROM "django_content_type" WHERE ("django_content_type"."model" = E'user'  AND "django_content_type"."app_label" = E'auth' ); args=('user', 'auth')
DEBUG 2011-05-15 17:38:47,191 util (0.001) INSERT INTO "auth_user" ("username", "first_name", "last_name", "email", "password", "is_staff", "is_active", "is_superuser", "last_login", "date_joined") VALUES (E'john', E'', E'', E'', E'', false, true, false, E'2011-05-15 17:38:47.190259', E'2011-05-15 17:38:47.190271'); args=('john', '', '', '', '', False, True, False, u'2011-05-15 17:38:47.190259', u'2011-05-15 17:38:47.190271')
DEBUG 2011-05-15 17:38:47,192 util (0.001) SELECT CURRVAL(pg_get_serial_sequence('"auth_user"','id')); args=()
DEBUG 2011-05-15 17:38:47,193 util (0.000) SELECT "django_site"."id", "django_site"."domain", "django_site"."name" FROM "django_site" WHERE "django_site"."id" = 1 ; args=(1,)
DEBUG 2011-05-15 17:38:47,195 util (0.000) SELECT "django_content_type"."id", "django_content_type"."name", "django_content_type"."app_label", "django_content_type"."model" FROM "django_content_type" WHERE "django_content_type"."id" = 3 ; args=(3,)
DEBUG 2011-05-15 17:38:47,196 util (0.000) SELECT "auth_user"."id", "auth_user"."username", "auth_user"."first_name", "auth_user"."last_name", "auth_user"."email", "auth_user"."password", "auth_user"."is_staff", "auth_user"."is_active", "auth_user"."is_superuser", "auth_user"."last_login", "auth_user"."date_joined" FROM "auth_user" WHERE "auth_user"."id" = 4 ; args=(4,)
DEBUG 2011-05-15 17:38:47,198 util (0.000) SELECT "django_content_type"."id", "django_content_type"."name", "django_content_type"."app_label", "django_content_type"."model" FROM "django_content_type" WHERE "django_content_type"."id" = 3 ; args=(3,)
DEBUG 2011-05-15 17:38:47,200 util (0.000) SELECT "auth_user"."id", "auth_user"."username", "auth_user"."first_name", "auth_user"."last_name", "auth_user"."email", "auth_user"."password", "auth_user"."is_staff", "auth_user"."is_active", "auth_user"."is_superuser", "auth_user"."last_login", "auth_user"."date_joined" FROM "auth_user" WHERE "auth_user"."id" = 4 ; args=(4,)
DEBUG 2011-05-15 17:39:00,250 views Email POST request with param 
WARNING 2011-05-15 17:39:00,250 views Email sent POST was empty or none
DEBUG 2011-05-15 17:39:00,280 views Email POST request with param test@aalto.fi
DEBUG 2011-05-15 17:39:00,289 views Email test@aalto.fi has been added successfully for user cristian1000 and the confimation email has been sent
DEBUG 2011-05-15 17:39:00,305 views Email confirmation attempt for test@aalto.fi (cristian1000) with key 091bd1010f3558a36f248220ff99cafd739dcb9f
DEBUG 2011-05-15 17:39:00,314 views Email GET request for user cristian1000 returned test@aalto.fi
DEBUG 2011-05-15 17:39:00,323 views Email was successfully deleted for user cristian1000 
DEBUG 2011-05-15 17:39:00,326 views Email GET request for user cristian1000 returned 
DEBUG 2011-05-15 17:40:18,970 util (0.003) SELECT "django_content_type"."id", "django_content_type"."name", "django_content_type"."app_label", "django_content_type"."model" FROM "django_content_type" WHERE ("django_content_type"."model" = E'contenttype'  AND "django_content_type"."app_label" = E'contenttypes' ); args=('contenttype', 'contenttypes')
DEBUG 2011-05-15 17:40:18,972 util (0.000) SELECT "django_content_type"."id", "django_content_type"."name", "django_content_type"."app_label", "django_content_type"."model" FROM "django_content_type" WHERE ("django_content_type"."model" = E'contenttype'  AND "django_content_type"."app_label" = E'contenttypes' ); args=('contenttype', 'contenttypes')
DEBUG 2011-05-15 17:40:18,983 util (0.003) SELECT "django_content_type"."id", "django_content_type"."name", "django_content_type"."app_label", "django_content_type"."model" FROM "django_content_type" WHERE ("django_content_type"."model" = E'user'  AND "django_content_type"."app_label" = E'auth' ); args=('user', 'auth')
DEBUG 2011-05-15 17:40:18,985 util (0.001) INSERT INTO "auth_user" ("username", "first_name", "last_name", "email", "password", "is_staff", "is_active", "is_superuser", "last_login", "date_joined") VALUES (E'john', E'', E'', E'', E'', false, true, false, E'2011-05-15 17:40:18.983968', E'2011-05-15 17:40:18.983980'); args=('john', '', '', '', '', False, True, False, u'2011-05-15 17:40:18.983968', u'2011-05-15 17:40:18.983980')
DEBUG 2011-05-15 17:40:18,986 util (0.001) SELECT CURRVAL(pg_get_serial_sequence('"auth_user"','id')); args=()
DEBUG 2011-05-15 17:40:18,987 util (0.000) SELECT "django_site"."id", "django_site"."domain", "django_site"."name" FROM "django_site" WHERE "django_site"."id" = 1 ; args=(1,)
DEBUG 2011-05-15 17:40:18,989 util (0.000) SELECT "django_content_type"."id", "django_content_type"."name", "django_content_type"."app_label", "django_content_type"."model" FROM "django_content_type" WHERE "django_content_type"."id" = 3 ; args=(3,)
DEBUG 2011-05-15 17:40:18,990 util (0.000) SELECT "auth_user"."id", "auth_user"."username", "auth_user"."first_name", "auth_user"."last_name", "auth_user"."email", "auth_user"."password", "auth_user"."is_staff", "auth_user"."is_active", "auth_user"."is_superuser", "auth_user"."last_login", "auth_user"."date_joined" FROM "auth_user" WHERE "auth_user"."id" = 4 ; args=(4,)
DEBUG 2011-05-15 17:40:18,991 util (0.000) SELECT "django_content_type"."id", "django_content_type"."name", "django_content_type"."app_label", "django_content_type"."model" FROM "django_content_type" WHERE "django_content_type"."id" = 3 ; args=(3,)
DEBUG 2011-05-15 17:40:18,993 util (0.000) SELECT "auth_user"."id", "auth_user"."username", "auth_user"."first_name", "auth_user"."last_name", "auth_user"."email", "auth_user"."password", "auth_user"."is_staff", "auth_user"."is_active", "auth_user"."is_superuser", "auth_user"."last_login", "auth_user"."date_joined" FROM "auth_user" WHERE "auth_user"."id" = 4 ; args=(4,)
DEBUG 2011-05-15 17:40:32,067 views Email POST request with param 
WARNING 2011-05-15 17:40:32,068 views Email sent POST was empty or none
DEBUG 2011-05-15 17:40:32,100 views Email POST request with param test@aalto.fi
DEBUG 2011-05-15 17:40:32,110 views Email test@aalto.fi has been added successfully for user cristian1000 and the confimation email has been sent
DEBUG 2011-05-15 17:40:32,126 views Email confirmation attempt for test@aalto.fi (cristian1000) with key 89a1bb580e3c0eef87b28b62665eacc7dfb4bab3
DEBUG 2011-05-15 17:40:32,136 views Email GET request for user cristian1000 returned test@aalto.fi
DEBUG 2011-05-15 17:40:32,148 views Email was successfully deleted for user cristian1000 
DEBUG 2011-05-15 17:40:32,152 views Email GET request for user cristian1000 returned 
DEBUG 2011-05-15 17:44:08,369 util (0.003) SELECT "django_content_type"."id", "django_content_type"."name", "django_content_type"."app_label", "django_content_type"."model" FROM "django_content_type" WHERE ("django_content_type"."model" = E'contenttype'  AND "django_content_type"."app_label" = E'contenttypes' ); args=('contenttype', 'contenttypes')
DEBUG 2011-05-15 17:44:08,371 util (0.000) SELECT "django_content_type"."id", "django_content_type"."name", "django_content_type"."app_label", "django_content_type"."model" FROM "django_content_type" WHERE ("django_content_type"."model" = E'contenttype'  AND "django_content_type"."app_label" = E'contenttypes' ); args=('contenttype', 'contenttypes')
DEBUG 2011-05-15 17:44:08,382 util (0.003) SELECT "django_content_type"."id", "django_content_type"."name", "django_content_type"."app_label", "django_content_type"."model" FROM "django_content_type" WHERE ("django_content_type"."model" = E'user'  AND "django_content_type"."app_label" = E'auth' ); args=('user', 'auth')
DEBUG 2011-05-15 17:44:08,384 util (0.001) INSERT INTO "auth_user" ("username", "first_name", "last_name", "email", "password", "is_staff", "is_active", "is_superuser", "last_login", "date_joined") VALUES (E'john', E'', E'', E'', E'', false, true, false, E'2011-05-15 17:44:08.383022', E'2011-05-15 17:44:08.383032'); args=('john', '', '', '', '', False, True, False, u'2011-05-15 17:44:08.383022', u'2011-05-15 17:44:08.383032')
DEBUG 2011-05-15 17:44:08,385 util (0.001) SELECT CURRVAL(pg_get_serial_sequence('"auth_user"','id')); args=()
DEBUG 2011-05-15 17:44:08,386 util (0.000) SELECT "django_site"."id", "django_site"."domain", "django_site"."name" FROM "django_site" WHERE "django_site"."id" = 1 ; args=(1,)
DEBUG 2011-05-15 17:44:08,388 util (0.000) SELECT "django_content_type"."id", "django_content_type"."name", "django_content_type"."app_label", "django_content_type"."model" FROM "django_content_type" WHERE "django_content_type"."id" = 3 ; args=(3,)
DEBUG 2011-05-15 17:44:08,389 util (0.000) SELECT "auth_user"."id", "auth_user"."username", "auth_user"."first_name", "auth_user"."last_name", "auth_user"."email", "auth_user"."password", "auth_user"."is_staff", "auth_user"."is_active", "auth_user"."is_superuser", "auth_user"."last_login", "auth_user"."date_joined" FROM "auth_user" WHERE "auth_user"."id" = 4 ; args=(4,)
DEBUG 2011-05-15 17:44:08,391 util (0.000) SELECT "django_content_type"."id", "django_content_type"."name", "django_content_type"."app_label", "django_content_type"."model" FROM "django_content_type" WHERE "django_content_type"."id" = 3 ; args=(3,)
DEBUG 2011-05-15 17:44:08,392 util (0.000) SELECT "auth_user"."id", "auth_user"."username", "auth_user"."first_name", "auth_user"."last_name", "auth_user"."email", "auth_user"."password", "auth_user"."is_staff", "auth_user"."is_active", "auth_user"."is_superuser", "auth_user"."last_login", "auth_user"."date_joined" FROM "auth_user" WHERE "auth_user"."id" = 4 ; args=(4,)
DEBUG 2011-05-15 17:44:21,435 views Email POST request with param 
WARNING 2011-05-15 17:44:21,436 views Email sent POST was empty or none
DEBUG 2011-05-15 17:44:21,467 views Email POST request with param test@aalto.fi
DEBUG 2011-05-15 17:44:21,479 views Email test@aalto.fi has been added successfully for user cristian1000 and the confimation email has been sent
DEBUG 2011-05-15 17:44:21,495 views Email confirmation attempt for test@aalto.fi (cristian1000) with key 12f2c6c28b010e7c11a9fd238ec56c173f45ba15
DEBUG 2011-05-15 17:44:21,505 views Email GET request for user cristian1000 returned test@aalto.fi
DEBUG 2011-05-15 17:44:21,514 views Email was successfully deleted for user cristian1000 
DEBUG 2011-05-15 17:44:21,517 views Email GET request for user cristian1000 returned 
DEBUG 2011-05-16 11:33:50,015 util (0.114) SELECT "django_session"."session_key", "django_session"."session_data", "django_session"."expire_date" FROM "django_session" WHERE "django_session"."session_key" = E'9663cdc49957640ebb2b1a5602ec095f' ; args=('9663cdc49957640ebb2b1a5602ec095f',)
DEBUG 2011-05-18 22:27:52,193 views The client loaded library esri
DEBUG 2011-05-18 22:27:52,194 views softgis_client.esri.js file was concatenated to unique js script
DEBUG 2011-05-18 22:27:52,194 views softgis_user.esri.js file was concatenated to unique js script
DEBUG 2011-05-18 22:27:52,194 views softgis_feature.esri.js file was concatenated to unique js script
DEBUG 2011-05-18 22:27:52,194 views softgis_profile.esri.js file was concatenated to unique js script
DEBUG 2011-05-18 22:27:52,194 views softgis_email.esri.js file was concatenated to unique js script
WARNING 2011-05-18 22:27:52,196 views Javascript client file not found: softgis_client.esri.js
DEBUG 2011-05-21 08:35:58,168 views The client loaded library esri
DEBUG 2011-05-21 08:35:58,168 views softgis_client.esri.js file was concatenated to unique js script
DEBUG 2011-05-21 08:35:58,168 views softgis_user.esri.js file was concatenated to unique js script
DEBUG 2011-05-21 08:35:58,168 views softgis_feature.esri.js file was concatenated to unique js script
DEBUG 2011-05-21 08:35:58,168 views softgis_profile.esri.js file was concatenated to unique js script
DEBUG 2011-05-21 08:35:58,168 views softgis_email.esri.js file was concatenated to unique js script
WARNING 2011-05-21 08:35:58,170 views Javascript client file not found: softgis_client.esri.js
